[ 2017-12-18T10:56:00+08:00 ] 127.0.0.1 127.0.0.1 GET /index.php?s=admin
[ log ] o2o.ding.com/index.php?s=admin [运行时间：0.573167s][吞吐率：1.74req/s] [内存消耗：1,451.09kb] [文件加载：35]
[ info ] [ LANG ] D:\phpStudy\WWW\my project\webkit\thinkphp\lang\zh-cn.php
[ info ] [ ROUTE ] array (
  'type' => 'module',
  'module' => 
  array (
    0 => 'admin',
    1 => NULL,
    2 => NULL,
  ),
)
[ info ] [ HEADER ] array (
  'host' => 'o2o.ding.com',
  'connection' => 'keep-alive',
  'upgrade-insecure-requests' => '1',
  'user-agent' => 'Mozilla/5.0 (Windows NT 10.0; Win64; x64) AppleWebKit/537.36 (KHTML, like Gecko) Chrome/60.0.3112.113 Safari/537.36',
  'accept' => 'text/html,application/xhtml+xml,application/xml;q=0.9,image/webp,image/apng,*/*;q=0.8',
  'accept-encoding' => 'gzip, deflate',
  'accept-language' => 'zh-CN,zh;q=0.8',
  'cookie' => 'pgv_pvi=6657261568; Huiskin=default',
)
[ info ] [ PARAM ] array (
)
[ info ] [ RUN ] app\admin\controller\Index->index[ D:\phpStudy\WWW\my project\webkit\application\admin\controller\Index.php ]
[ info ] [ VIEW ] D:\phpStudy\WWW\my project\webkit\public/../application/admin\view\index\index.html [ array (
) ]
[ info ] [ LOG ] INIT File

---------------------------------------------------------------
[ 2017-12-18T10:56:01+08:00 ] 127.0.0.1 127.0.0.1 GET /index.php/admin/index/welcome.html
[ log ] o2o.ding.com/index.php/admin/index/welcome.html [运行时间：0.037063s][吞吐率：26.98req/s] [内存消耗：1,378.46kb] [文件加载：33]
[ info ] [ LANG ] D:\phpStudy\WWW\my project\webkit\thinkphp\lang\zh-cn.php
[ info ] [ ROUTE ] array (
  'type' => 'module',
  'module' => 
  array (
    0 => 'admin',
    1 => 'index',
    2 => 'welcome',
  ),
)
[ info ] [ HEADER ] array (
  'host' => 'o2o.ding.com',
  'connection' => 'keep-alive',
  'upgrade-insecure-requests' => '1',
  'user-agent' => 'Mozilla/5.0 (Windows NT 10.0; Win64; x64) AppleWebKit/537.36 (KHTML, like Gecko) Chrome/60.0.3112.113 Safari/537.36',
  'accept' => 'text/html,application/xhtml+xml,application/xml;q=0.9,image/webp,image/apng,*/*;q=0.8',
  'referer' => 'http://o2o.ding.com/index.php?s=admin',
  'accept-encoding' => 'gzip, deflate',
  'accept-language' => 'zh-CN,zh;q=0.8',
  'cookie' => 'pgv_pvi=6657261568; Huiskin=default',
)
[ info ] [ PARAM ] array (
)
[ info ] [ RUN ] app\admin\controller\Index->welcome[ D:\phpStudy\WWW\my project\webkit\application\admin\controller\Index.php ]
[ info ] [ LOG ] INIT File

---------------------------------------------------------------
[ 2017-12-18T10:56:02+08:00 ] 127.0.0.1 127.0.0.1 GET /index.php/admin/category/index.html
[ log ] o2o.ding.com/index.php/admin/category/index.html [运行时间：0.050157s][吞吐率：19.94req/s] [内存消耗：1,453.17kb] [文件加载：35]
[ info ] [ LANG ] D:\phpStudy\WWW\my project\webkit\thinkphp\lang\zh-cn.php
[ info ] [ ROUTE ] array (
  'type' => 'module',
  'module' => 
  array (
    0 => 'admin',
    1 => 'category',
    2 => 'index',
  ),
)
[ info ] [ HEADER ] array (
  'host' => 'o2o.ding.com',
  'connection' => 'keep-alive',
  'upgrade-insecure-requests' => '1',
  'user-agent' => 'Mozilla/5.0 (Windows NT 10.0; Win64; x64) AppleWebKit/537.36 (KHTML, like Gecko) Chrome/60.0.3112.113 Safari/537.36',
  'accept' => 'text/html,application/xhtml+xml,application/xml;q=0.9,image/webp,image/apng,*/*;q=0.8',
  'referer' => 'http://o2o.ding.com/index.php?s=admin',
  'accept-encoding' => 'gzip, deflate',
  'accept-language' => 'zh-CN,zh;q=0.8',
  'cookie' => 'pgv_pvi=6657261568; Huiskin=default',
)
[ info ] [ PARAM ] array (
)
[ info ] [ RUN ] app\admin\controller\Category->index[ D:\phpStudy\WWW\my project\webkit\application\admin\controller\Category.php ]
[ info ] [ VIEW ] D:\phpStudy\WWW\my project\webkit\public/../application/admin\view\category\index.html [ array (
) ]
[ info ] [ LOG ] INIT File

---------------------------------------------------------------
[ 2017-12-18T10:56:03+08:00 ] 127.0.0.1 127.0.0.1 GET /index.php/admin/category/add.html
[ log ] o2o.ding.com/index.php/admin/category/add.html [运行时间：0.069089s][吞吐率：14.47req/s] [内存消耗：1,453.13kb] [文件加载：35]
[ info ] [ LANG ] D:\phpStudy\WWW\my project\webkit\thinkphp\lang\zh-cn.php
[ info ] [ ROUTE ] array (
  'type' => 'module',
  'module' => 
  array (
    0 => 'admin',
    1 => 'category',
    2 => 'add',
  ),
)
[ info ] [ HEADER ] array (
  'host' => 'o2o.ding.com',
  'connection' => 'keep-alive',
  'upgrade-insecure-requests' => '1',
  'user-agent' => 'Mozilla/5.0 (Windows NT 10.0; Win64; x64) AppleWebKit/537.36 (KHTML, like Gecko) Chrome/60.0.3112.113 Safari/537.36',
  'accept' => 'text/html,application/xhtml+xml,application/xml;q=0.9,image/webp,image/apng,*/*;q=0.8',
  'referer' => 'http://o2o.ding.com/index.php/admin/category/index.html',
  'accept-encoding' => 'gzip, deflate',
  'accept-language' => 'zh-CN,zh;q=0.8',
  'cookie' => 'pgv_pvi=6657261568; Huiskin=default',
)
[ info ] [ PARAM ] array (
)
[ info ] [ RUN ] app\admin\controller\Category->add[ D:\phpStudy\WWW\my project\webkit\application\admin\controller\Category.php ]
[ info ] [ VIEW ] D:\phpStudy\WWW\my project\webkit\public/../application/admin\view\category\add.html [ array (
) ]
[ info ] [ LOG ] INIT File

---------------------------------------------------------------
[ 2017-12-18T10:56:11+08:00 ] 127.0.0.1 127.0.0.1 POST /index.php/admin/category/save.html
[ log ] o2o.ding.com/index.php/admin/category/save.html [运行时间：1.496760s][吞吐率：0.67req/s] [内存消耗：2,539.66kb] [文件加载：46]
[ info ] [ LANG ] D:\phpStudy\WWW\my project\webkit\thinkphp\lang\zh-cn.php
[ info ] [ ROUTE ] array (
  'type' => 'module',
  'module' => 
  array (
    0 => 'admin',
    1 => 'category',
    2 => 'save',
  ),
)
[ info ] [ HEADER ] array (
  'host' => 'o2o.ding.com',
  'connection' => 'keep-alive',
  'content-length' => '36',
  'cache-control' => 'max-age=0',
  'origin' => 'http://o2o.ding.com',
  'upgrade-insecure-requests' => '1',
  'user-agent' => 'Mozilla/5.0 (Windows NT 10.0; Win64; x64) AppleWebKit/537.36 (KHTML, like Gecko) Chrome/60.0.3112.113 Safari/537.36',
  'content-type' => 'application/x-www-form-urlencoded',
  'accept' => 'text/html,application/xhtml+xml,application/xml;q=0.9,image/webp,image/apng,*/*;q=0.8',
  'referer' => 'http://o2o.ding.com/index.php/admin/category/add.html',
  'accept-encoding' => 'gzip, deflate',
  'accept-language' => 'zh-CN,zh;q=0.8',
  'cookie' => 'pgv_pvi=6657261568; Huiskin=default',
)
[ info ] [ PARAM ] array (
  'name' => '分类2',
  'parent_id' => '0',
)
[ info ] [ RUN ] app\admin\controller\Category->save[ D:\phpStudy\WWW\my project\webkit\application\admin\controller\Category.php ]
[ info ] [ DB ] INIT mysql
[ info ] [ VIEW ] D:\phpStudy\WWW\my project\webkit\thinkphp\tpl\dispatch_jump.tpl [ array (
  0 => 'code',
  1 => 'msg',
  2 => 'data',
  3 => 'url',
  4 => 'wait',
) ]
[ info ] [ LOG ] INIT File
[ sql ] [ DB ] CONNECT:[ UseTime:1.016244s ] mysql:dbname=my_o2o_table;host=localhost;port=3306;charset=utf8
[ sql ] [ SQL ] SHOW COLUMNS FROM `o2o_category` [ RunTime:0.140497s ]
[ sql ] [ SQL ] INSERT INTO `o2o_category` (`name` , `parent_id` , `status` , `update_time` , `create_time`) VALUES ('分类2' , 0 , 1 , 1513565769 , 1513565769) [ RunTime:0.098781s ]

---------------------------------------------------------------
[ 2017-12-18T10:56:14+08:00 ] 127.0.0.1 127.0.0.1 GET /index.php/admin/category/add.html
[ log ] o2o.ding.com/index.php/admin/category/add.html [运行时间：0.027347s][吞吐率：36.57req/s] [内存消耗：1,453.13kb] [文件加载：35]
[ info ] [ LANG ] D:\phpStudy\WWW\my project\webkit\thinkphp\lang\zh-cn.php
[ info ] [ ROUTE ] array (
  'type' => 'module',
  'module' => 
  array (
    0 => 'admin',
    1 => 'category',
    2 => 'add',
  ),
)
[ info ] [ HEADER ] array (
  'host' => 'o2o.ding.com',
  'connection' => 'keep-alive',
  'upgrade-insecure-requests' => '1',
  'user-agent' => 'Mozilla/5.0 (Windows NT 10.0; Win64; x64) AppleWebKit/537.36 (KHTML, like Gecko) Chrome/60.0.3112.113 Safari/537.36',
  'accept' => 'text/html,application/xhtml+xml,application/xml;q=0.9,image/webp,image/apng,*/*;q=0.8',
  'referer' => 'http://o2o.ding.com/index.php/admin/category/save.html',
  'accept-encoding' => 'gzip, deflate',
  'accept-language' => 'zh-CN,zh;q=0.8',
  'cookie' => 'pgv_pvi=6657261568; Huiskin=default',
)
[ info ] [ PARAM ] array (
)
[ info ] [ RUN ] app\admin\controller\Category->add[ D:\phpStudy\WWW\my project\webkit\application\admin\controller\Category.php ]
[ info ] [ VIEW ] D:\phpStudy\WWW\my project\webkit\public/../application/admin\view\category\add.html [ array (
) ]
[ info ] [ LOG ] INIT File

---------------------------------------------------------------
[ 2017-12-18T10:56:18+08:00 ] 127.0.0.1 127.0.0.1 GET /index.php
[ log ] o2o.ding.com/index.php [运行时间：0.088130s][吞吐率：11.35req/s] [内存消耗：1,406.10kb] [文件加载：32]
[ info ] [ LANG ] D:\phpStudy\WWW\my project\webkit\thinkphp\lang\zh-cn.php
[ info ] [ ROUTE ] array (
  'type' => 'module',
  'module' => 
  array (
    0 => '',
    1 => NULL,
    2 => NULL,
  ),
)
[ info ] [ HEADER ] array (
  'host' => 'o2o.ding.com',
  'accept-encoding' => 'compress,gzip',
  'connection' => 'Close',
)
[ info ] [ PARAM ] array (
)
[ info ] [ RUN ] app\index\controller\Index->index[ D:\phpStudy\WWW\my project\webkit\application\index\controller\Index.php ]
[ info ] [ VIEW ] D:\phpStudy\WWW\my project\webkit\public/../application/index\view\index\index.html [ array (
) ]
[ info ] [ LOG ] INIT File

---------------------------------------------------------------
[ 2017-12-18T11:20:44+08:00 ] 127.0.0.1 127.0.0.1 GET /index.php?s=admin
[ log ] o2o.ding.com/index.php?s=admin [运行时间：0.032707s][吞吐率：30.57req/s] [内存消耗：1,451.45kb] [文件加载：35]
[ info ] [ LANG ] D:\phpStudy\WWW\my project\webkit\thinkphp\lang\zh-cn.php
[ info ] [ ROUTE ] array (
  'type' => 'module',
  'module' => 
  array (
    0 => 'admin',
    1 => NULL,
    2 => NULL,
  ),
)
[ info ] [ HEADER ] array (
  'host' => 'o2o.ding.com',
  'connection' => 'keep-alive',
  'cache-control' => 'max-age=0',
  'upgrade-insecure-requests' => '1',
  'user-agent' => 'Mozilla/5.0 (Windows NT 10.0; Win64; x64) AppleWebKit/537.36 (KHTML, like Gecko) Chrome/60.0.3112.113 Safari/537.36',
  'accept' => 'text/html,application/xhtml+xml,application/xml;q=0.9,image/webp,image/apng,*/*;q=0.8',
  'accept-encoding' => 'gzip, deflate',
  'accept-language' => 'zh-CN,zh;q=0.8',
  'cookie' => 'pgv_pvi=6657261568; Huiskin=default',
)
[ info ] [ PARAM ] array (
)
[ info ] [ RUN ] app\admin\controller\Index->index[ D:\phpStudy\WWW\my project\webkit\application\admin\controller\Index.php ]
[ info ] [ VIEW ] D:\phpStudy\WWW\my project\webkit\public/../application/admin\view\index\index.html [ array (
) ]
[ info ] [ LOG ] INIT File

---------------------------------------------------------------
[ 2017-12-18T11:20:44+08:00 ] 127.0.0.1 127.0.0.1 GET /index.php/admin/index/welcome.html
[ log ] o2o.ding.com/index.php/admin/index/welcome.html [运行时间：0.031176s][吞吐率：32.08req/s] [内存消耗：1,378.63kb] [文件加载：33]
[ info ] [ LANG ] D:\phpStudy\WWW\my project\webkit\thinkphp\lang\zh-cn.php
[ info ] [ ROUTE ] array (
  'type' => 'module',
  'module' => 
  array (
    0 => 'admin',
    1 => 'index',
    2 => 'welcome',
  ),
)
[ info ] [ HEADER ] array (
  'host' => 'o2o.ding.com',
  'connection' => 'keep-alive',
  'upgrade-insecure-requests' => '1',
  'user-agent' => 'Mozilla/5.0 (Windows NT 10.0; Win64; x64) AppleWebKit/537.36 (KHTML, like Gecko) Chrome/60.0.3112.113 Safari/537.36',
  'accept' => 'text/html,application/xhtml+xml,application/xml;q=0.9,image/webp,image/apng,*/*;q=0.8',
  'referer' => 'http://o2o.ding.com/index.php?s=admin',
  'accept-encoding' => 'gzip, deflate',
  'accept-language' => 'zh-CN,zh;q=0.8',
  'cookie' => 'pgv_pvi=6657261568; Huiskin=default',
)
[ info ] [ PARAM ] array (
)
[ info ] [ RUN ] app\admin\controller\Index->welcome[ D:\phpStudy\WWW\my project\webkit\application\admin\controller\Index.php ]
[ info ] [ LOG ] INIT File

---------------------------------------------------------------
[ 2017-12-18T11:20:45+08:00 ] 127.0.0.1 127.0.0.1 GET /index.php/admin/category/index.html
[ log ] o2o.ding.com/index.php/admin/category/index.html [运行时间：0.028463s][吞吐率：35.13req/s] [内存消耗：1,454.10kb] [文件加载：35]
[ info ] [ LANG ] D:\phpStudy\WWW\my project\webkit\thinkphp\lang\zh-cn.php
[ info ] [ ROUTE ] array (
  'type' => 'module',
  'module' => 
  array (
    0 => 'admin',
    1 => 'category',
    2 => 'index',
  ),
)
[ info ] [ HEADER ] array (
  'host' => 'o2o.ding.com',
  'connection' => 'keep-alive',
  'upgrade-insecure-requests' => '1',
  'user-agent' => 'Mozilla/5.0 (Windows NT 10.0; Win64; x64) AppleWebKit/537.36 (KHTML, like Gecko) Chrome/60.0.3112.113 Safari/537.36',
  'accept' => 'text/html,application/xhtml+xml,application/xml;q=0.9,image/webp,image/apng,*/*;q=0.8',
  'referer' => 'http://o2o.ding.com/index.php?s=admin',
  'accept-encoding' => 'gzip, deflate',
  'accept-language' => 'zh-CN,zh;q=0.8',
  'cookie' => 'pgv_pvi=6657261568; Huiskin=default',
)
[ info ] [ PARAM ] array (
)
[ info ] [ RUN ] app\admin\controller\Category->index[ D:\phpStudy\WWW\my project\webkit\application\admin\controller\Category.php ]
[ info ] [ VIEW ] D:\phpStudy\WWW\my project\webkit\public/../application/admin\view\category\index.html [ array (
) ]
[ info ] [ LOG ] INIT File

---------------------------------------------------------------
[ 2017-12-18T11:20:48+08:00 ] 127.0.0.1 127.0.0.1 GET /index.php/admin/category/add.html
[ log ] o2o.ding.com/index.php/admin/category/add.html [运行时间：1.148116s][吞吐率：0.87req/s] [内存消耗：2,582.04kb] [文件加载：46]
[ info ] [ LANG ] D:\phpStudy\WWW\my project\webkit\thinkphp\lang\zh-cn.php
[ info ] [ ROUTE ] array (
  'type' => 'module',
  'module' => 
  array (
    0 => 'admin',
    1 => 'category',
    2 => 'add',
  ),
)
[ info ] [ HEADER ] array (
  'host' => 'o2o.ding.com',
  'connection' => 'keep-alive',
  'upgrade-insecure-requests' => '1',
  'user-agent' => 'Mozilla/5.0 (Windows NT 10.0; Win64; x64) AppleWebKit/537.36 (KHTML, like Gecko) Chrome/60.0.3112.113 Safari/537.36',
  'accept' => 'text/html,application/xhtml+xml,application/xml;q=0.9,image/webp,image/apng,*/*;q=0.8',
  'referer' => 'http://o2o.ding.com/index.php/admin/category/index.html',
  'accept-encoding' => 'gzip, deflate',
  'accept-language' => 'zh-CN,zh;q=0.8',
  'cookie' => 'pgv_pvi=6657261568; Huiskin=default',
)
[ info ] [ PARAM ] array (
)
[ info ] [ RUN ] app\admin\controller\Category->add[ D:\phpStudy\WWW\my project\webkit\application\admin\controller\Category.php ]
[ info ] [ DB ] INIT mysql
[ info ] [ VIEW ] D:\phpStudy\WWW\my project\webkit\public/../application/admin\view\category\add.html [ array (
  0 => 'categorys',
) ]
[ info ] [ LOG ] INIT File
[ sql ] [ DB ] CONNECT:[ UseTime:1.013455s ] mysql:dbname=my_o2o_table;host=localhost;port=3306;charset=utf8
[ sql ] [ SQL ] SHOW COLUMNS FROM `o2o_category` [ RunTime:0.014180s ]
[ sql ] [ SQL ] SELECT * FROM `o2o_category` WHERE  `status` = 1  AND `parent_id` = 0 ORDER BY `id`  desc [ RunTime:0.028058s ]

---------------------------------------------------------------
[ 2017-12-18T11:21:03+08:00 ] 127.0.0.1 127.0.0.1 GET /index.php/admin/category/add.html
[ log ] o2o.ding.com/index.php/admin/category/add.html [运行时间：1.085716s][吞吐率：0.92req/s] [内存消耗：2,421.22kb] [文件加载：44]
[ info ] [ LANG ] D:\phpStudy\WWW\my project\webkit\thinkphp\lang\zh-cn.php
[ info ] [ ROUTE ] array (
  'type' => 'module',
  'module' => 
  array (
    0 => 'admin',
    1 => 'category',
    2 => 'add',
  ),
)
[ info ] [ HEADER ] array (
  'host' => 'o2o.ding.com',
  'connection' => 'keep-alive',
  'upgrade-insecure-requests' => '1',
  'user-agent' => 'Mozilla/5.0 (Windows NT 10.0; Win64; x64) AppleWebKit/537.36 (KHTML, like Gecko) Chrome/60.0.3112.113 Safari/537.36',
  'accept' => 'text/html,application/xhtml+xml,application/xml;q=0.9,image/webp,image/apng,*/*;q=0.8',
  'referer' => 'http://o2o.ding.com/index.php/admin/category/index.html',
  'accept-encoding' => 'gzip, deflate',
  'accept-language' => 'zh-CN,zh;q=0.8',
  'cookie' => 'pgv_pvi=6657261568; Huiskin=default',
)
[ info ] [ PARAM ] array (
)
[ info ] [ RUN ] app\admin\controller\Category->add[ D:\phpStudy\WWW\my project\webkit\application\admin\controller\Category.php ]
[ info ] [ DB ] INIT mysql
[ info ] [ VIEW ] D:\phpStudy\WWW\my project\webkit\public/../application/admin\view\category\add.html [ array (
  0 => 'categorys',
) ]
[ info ] [ LOG ] INIT File
[ sql ] [ DB ] CONNECT:[ UseTime:1.023805s ] mysql:dbname=my_o2o_table;host=localhost;port=3306;charset=utf8
[ sql ] [ SQL ] SHOW COLUMNS FROM `o2o_category` [ RunTime:0.012476s ]
[ sql ] [ SQL ] SELECT * FROM `o2o_category` WHERE  `status` = 1  AND `parent_id` = 0 ORDER BY `id`  desc [ RunTime:0.000827s ]

---------------------------------------------------------------
[ 2017-12-18T11:23:38+08:00 ] 127.0.0.1 127.0.0.1 GET /index.php?s=admin
[ log ] o2o.ding.com/index.php?s=admin [运行时间：0.033795s][吞吐率：29.59req/s] [内存消耗：1,451.45kb] [文件加载：35]
[ info ] [ LANG ] D:\phpStudy\WWW\my project\webkit\thinkphp\lang\zh-cn.php
[ info ] [ ROUTE ] array (
  'type' => 'module',
  'module' => 
  array (
    0 => 'admin',
    1 => NULL,
    2 => NULL,
  ),
)
[ info ] [ HEADER ] array (
  'host' => 'o2o.ding.com',
  'connection' => 'keep-alive',
  'cache-control' => 'max-age=0',
  'upgrade-insecure-requests' => '1',
  'user-agent' => 'Mozilla/5.0 (Windows NT 10.0; Win64; x64) AppleWebKit/537.36 (KHTML, like Gecko) Chrome/60.0.3112.113 Safari/537.36',
  'accept' => 'text/html,application/xhtml+xml,application/xml;q=0.9,image/webp,image/apng,*/*;q=0.8',
  'accept-encoding' => 'gzip, deflate',
  'accept-language' => 'zh-CN,zh;q=0.8',
  'cookie' => 'pgv_pvi=6657261568; Huiskin=default',
)
[ info ] [ PARAM ] array (
)
[ info ] [ RUN ] app\admin\controller\Index->index[ D:\phpStudy\WWW\my project\webkit\application\admin\controller\Index.php ]
[ info ] [ VIEW ] D:\phpStudy\WWW\my project\webkit\public/../application/admin\view\index\index.html [ array (
) ]
[ info ] [ LOG ] INIT File

---------------------------------------------------------------
[ 2017-12-18T11:23:38+08:00 ] 127.0.0.1 127.0.0.1 GET /index.php/admin/index/welcome.html
[ log ] o2o.ding.com/index.php/admin/index/welcome.html [运行时间：0.028537s][吞吐率：35.04req/s] [内存消耗：1,378.63kb] [文件加载：33]
[ info ] [ LANG ] D:\phpStudy\WWW\my project\webkit\thinkphp\lang\zh-cn.php
[ info ] [ ROUTE ] array (
  'type' => 'module',
  'module' => 
  array (
    0 => 'admin',
    1 => 'index',
    2 => 'welcome',
  ),
)
[ info ] [ HEADER ] array (
  'host' => 'o2o.ding.com',
  'connection' => 'keep-alive',
  'upgrade-insecure-requests' => '1',
  'user-agent' => 'Mozilla/5.0 (Windows NT 10.0; Win64; x64) AppleWebKit/537.36 (KHTML, like Gecko) Chrome/60.0.3112.113 Safari/537.36',
  'accept' => 'text/html,application/xhtml+xml,application/xml;q=0.9,image/webp,image/apng,*/*;q=0.8',
  'referer' => 'http://o2o.ding.com/index.php?s=admin',
  'accept-encoding' => 'gzip, deflate',
  'accept-language' => 'zh-CN,zh;q=0.8',
  'cookie' => 'pgv_pvi=6657261568; Huiskin=default',
)
[ info ] [ PARAM ] array (
)
[ info ] [ RUN ] app\admin\controller\Index->welcome[ D:\phpStudy\WWW\my project\webkit\application\admin\controller\Index.php ]
[ info ] [ LOG ] INIT File

---------------------------------------------------------------
[ 2017-12-18T11:23:40+08:00 ] 127.0.0.1 127.0.0.1 GET /index.php/admin/category/index.html
[ log ] o2o.ding.com/index.php/admin/category/index.html [运行时间：0.028778s][吞吐率：34.75req/s] [内存消耗：1,454.10kb] [文件加载：35]
[ info ] [ LANG ] D:\phpStudy\WWW\my project\webkit\thinkphp\lang\zh-cn.php
[ info ] [ ROUTE ] array (
  'type' => 'module',
  'module' => 
  array (
    0 => 'admin',
    1 => 'category',
    2 => 'index',
  ),
)
[ info ] [ HEADER ] array (
  'host' => 'o2o.ding.com',
  'connection' => 'keep-alive',
  'upgrade-insecure-requests' => '1',
  'user-agent' => 'Mozilla/5.0 (Windows NT 10.0; Win64; x64) AppleWebKit/537.36 (KHTML, like Gecko) Chrome/60.0.3112.113 Safari/537.36',
  'accept' => 'text/html,application/xhtml+xml,application/xml;q=0.9,image/webp,image/apng,*/*;q=0.8',
  'referer' => 'http://o2o.ding.com/index.php?s=admin',
  'accept-encoding' => 'gzip, deflate',
  'accept-language' => 'zh-CN,zh;q=0.8',
  'cookie' => 'pgv_pvi=6657261568; Huiskin=default',
)
[ info ] [ PARAM ] array (
)
[ info ] [ RUN ] app\admin\controller\Category->index[ D:\phpStudy\WWW\my project\webkit\application\admin\controller\Category.php ]
[ info ] [ VIEW ] D:\phpStudy\WWW\my project\webkit\public/../application/admin\view\category\index.html [ array (
) ]
[ info ] [ LOG ] INIT File

---------------------------------------------------------------
[ 2017-12-18T11:23:43+08:00 ] 127.0.0.1 127.0.0.1 GET /index.php/admin/category/add.html
[ log ] o2o.ding.com/index.php/admin/category/add.html [运行时间：1.073834s][吞吐率：0.93req/s] [内存消耗：2,421.22kb] [文件加载：44]
[ info ] [ LANG ] D:\phpStudy\WWW\my project\webkit\thinkphp\lang\zh-cn.php
[ info ] [ ROUTE ] array (
  'type' => 'module',
  'module' => 
  array (
    0 => 'admin',
    1 => 'category',
    2 => 'add',
  ),
)
[ info ] [ HEADER ] array (
  'host' => 'o2o.ding.com',
  'connection' => 'keep-alive',
  'upgrade-insecure-requests' => '1',
  'user-agent' => 'Mozilla/5.0 (Windows NT 10.0; Win64; x64) AppleWebKit/537.36 (KHTML, like Gecko) Chrome/60.0.3112.113 Safari/537.36',
  'accept' => 'text/html,application/xhtml+xml,application/xml;q=0.9,image/webp,image/apng,*/*;q=0.8',
  'referer' => 'http://o2o.ding.com/index.php/admin/category/index.html',
  'accept-encoding' => 'gzip, deflate',
  'accept-language' => 'zh-CN,zh;q=0.8',
  'cookie' => 'pgv_pvi=6657261568; Huiskin=default',
)
[ info ] [ PARAM ] array (
)
[ info ] [ RUN ] app\admin\controller\Category->add[ D:\phpStudy\WWW\my project\webkit\application\admin\controller\Category.php ]
[ info ] [ DB ] INIT mysql
[ info ] [ VIEW ] D:\phpStudy\WWW\my project\webkit\public/../application/admin\view\category\add.html [ array (
  0 => 'categorys',
) ]
[ info ] [ LOG ] INIT File
[ sql ] [ DB ] CONNECT:[ UseTime:1.014359s ] mysql:dbname=my_o2o_table;host=localhost;port=3306;charset=utf8
[ sql ] [ SQL ] SHOW COLUMNS FROM `o2o_category` [ RunTime:0.013288s ]
[ sql ] [ SQL ] SELECT * FROM `o2o_category` WHERE  `status` = 1  AND `parent_id` = 0 ORDER BY `id`  desc [ RunTime:0.000879s ]

---------------------------------------------------------------
[ 2017-12-18T11:26:28+08:00 ] 127.0.0.1 127.0.0.1 GET /index.php?s=admin
[ log ] o2o.ding.com/index.php?s=admin [运行时间：0.033332s][吞吐率：30.00req/s] [内存消耗：1,451.45kb] [文件加载：35]
[ info ] [ LANG ] D:\phpStudy\WWW\my project\webkit\thinkphp\lang\zh-cn.php
[ info ] [ ROUTE ] array (
  'type' => 'module',
  'module' => 
  array (
    0 => 'admin',
    1 => NULL,
    2 => NULL,
  ),
)
[ info ] [ HEADER ] array (
  'host' => 'o2o.ding.com',
  'connection' => 'keep-alive',
  'cache-control' => 'max-age=0',
  'upgrade-insecure-requests' => '1',
  'user-agent' => 'Mozilla/5.0 (Windows NT 10.0; Win64; x64) AppleWebKit/537.36 (KHTML, like Gecko) Chrome/60.0.3112.113 Safari/537.36',
  'accept' => 'text/html,application/xhtml+xml,application/xml;q=0.9,image/webp,image/apng,*/*;q=0.8',
  'accept-encoding' => 'gzip, deflate',
  'accept-language' => 'zh-CN,zh;q=0.8',
  'cookie' => 'pgv_pvi=6657261568; Huiskin=default',
)
[ info ] [ PARAM ] array (
)
[ info ] [ RUN ] app\admin\controller\Index->index[ D:\phpStudy\WWW\my project\webkit\application\admin\controller\Index.php ]
[ info ] [ VIEW ] D:\phpStudy\WWW\my project\webkit\public/../application/admin\view\index\index.html [ array (
) ]
[ info ] [ LOG ] INIT File

---------------------------------------------------------------
[ 2017-12-18T11:26:28+08:00 ] 127.0.0.1 127.0.0.1 GET /index.php/admin/index/welcome.html
[ log ] o2o.ding.com/index.php/admin/index/welcome.html [运行时间：0.030238s][吞吐率：33.07req/s] [内存消耗：1,378.63kb] [文件加载：33]
[ info ] [ LANG ] D:\phpStudy\WWW\my project\webkit\thinkphp\lang\zh-cn.php
[ info ] [ ROUTE ] array (
  'type' => 'module',
  'module' => 
  array (
    0 => 'admin',
    1 => 'index',
    2 => 'welcome',
  ),
)
[ info ] [ HEADER ] array (
  'host' => 'o2o.ding.com',
  'connection' => 'keep-alive',
  'upgrade-insecure-requests' => '1',
  'user-agent' => 'Mozilla/5.0 (Windows NT 10.0; Win64; x64) AppleWebKit/537.36 (KHTML, like Gecko) Chrome/60.0.3112.113 Safari/537.36',
  'accept' => 'text/html,application/xhtml+xml,application/xml;q=0.9,image/webp,image/apng,*/*;q=0.8',
  'referer' => 'http://o2o.ding.com/index.php?s=admin',
  'accept-encoding' => 'gzip, deflate',
  'accept-language' => 'zh-CN,zh;q=0.8',
  'cookie' => 'pgv_pvi=6657261568; Huiskin=default',
)
[ info ] [ PARAM ] array (
)
[ info ] [ RUN ] app\admin\controller\Index->welcome[ D:\phpStudy\WWW\my project\webkit\application\admin\controller\Index.php ]
[ info ] [ LOG ] INIT File

---------------------------------------------------------------
[ 2017-12-18T11:26:30+08:00 ] 127.0.0.1 127.0.0.1 GET /index.php/admin/category/index.html
[ log ] o2o.ding.com/index.php/admin/category/index.html [运行时间：0.029083s][吞吐率：34.38req/s] [内存消耗：1,454.10kb] [文件加载：35]
[ info ] [ LANG ] D:\phpStudy\WWW\my project\webkit\thinkphp\lang\zh-cn.php
[ info ] [ ROUTE ] array (
  'type' => 'module',
  'module' => 
  array (
    0 => 'admin',
    1 => 'category',
    2 => 'index',
  ),
)
[ info ] [ HEADER ] array (
  'host' => 'o2o.ding.com',
  'connection' => 'keep-alive',
  'upgrade-insecure-requests' => '1',
  'user-agent' => 'Mozilla/5.0 (Windows NT 10.0; Win64; x64) AppleWebKit/537.36 (KHTML, like Gecko) Chrome/60.0.3112.113 Safari/537.36',
  'accept' => 'text/html,application/xhtml+xml,application/xml;q=0.9,image/webp,image/apng,*/*;q=0.8',
  'referer' => 'http://o2o.ding.com/index.php?s=admin',
  'accept-encoding' => 'gzip, deflate',
  'accept-language' => 'zh-CN,zh;q=0.8',
  'cookie' => 'pgv_pvi=6657261568; Huiskin=default',
)
[ info ] [ PARAM ] array (
)
[ info ] [ RUN ] app\admin\controller\Category->index[ D:\phpStudy\WWW\my project\webkit\application\admin\controller\Category.php ]
[ info ] [ VIEW ] D:\phpStudy\WWW\my project\webkit\public/../application/admin\view\category\index.html [ array (
) ]
[ info ] [ LOG ] INIT File

---------------------------------------------------------------
[ 2017-12-18T11:26:32+08:00 ] 127.0.0.1 127.0.0.1 GET /index.php/admin/category/add.html
[ log ] o2o.ding.com/index.php/admin/category/add.html [运行时间：1.167944s][吞吐率：0.86req/s] [内存消耗：2,397.51kb] [文件加载：45]
[ info ] [ LANG ] D:\phpStudy\WWW\my project\webkit\thinkphp\lang\zh-cn.php
[ info ] [ ROUTE ] array (
  'type' => 'module',
  'module' => 
  array (
    0 => 'admin',
    1 => 'category',
    2 => 'add',
  ),
)
[ info ] [ HEADER ] array (
  'host' => 'o2o.ding.com',
  'connection' => 'keep-alive',
  'upgrade-insecure-requests' => '1',
  'user-agent' => 'Mozilla/5.0 (Windows NT 10.0; Win64; x64) AppleWebKit/537.36 (KHTML, like Gecko) Chrome/60.0.3112.113 Safari/537.36',
  'accept' => 'text/html,application/xhtml+xml,application/xml;q=0.9,image/webp,image/apng,*/*;q=0.8',
  'referer' => 'http://o2o.ding.com/index.php/admin/category/index.html',
  'accept-encoding' => 'gzip, deflate',
  'accept-language' => 'zh-CN,zh;q=0.8',
  'cookie' => 'pgv_pvi=6657261568; Huiskin=default',
)
[ info ] [ PARAM ] array (
)
[ info ] [ RUN ] app\admin\controller\Category->add[ D:\phpStudy\WWW\my project\webkit\application\admin\controller\Category.php ]
[ info ] [ DB ] INIT mysql
[ info ] [ LOG ] INIT File
[ sql ] [ DB ] CONNECT:[ UseTime:1.022572s ] mysql:dbname=my_o2o_table;host=localhost;port=3306;charset=utf8
[ sql ] [ SQL ] SHOW COLUMNS FROM `o2o_category` [ RunTime:0.013984s ]
[ sql ] [ SQL ] SELECT * FROM `o2o_category` WHERE  `status` = 1  AND `parent_id` = 0 ORDER BY `id`  desc [ RunTime:0.000904s ]
[ error ] [0]模板文件不存在:D:\phpStudy\WWW\my project\webkit\public/../application/admin\view\category\ .html[D:\phpStudy\WWW\my project\webkit\thinkphp\library\think\view\driver\Think.php:80]

---------------------------------------------------------------
[ 2017-12-18T11:26:58+08:00 ] 127.0.0.1 127.0.0.1 GET /index.php?s=admin
[ log ] o2o.ding.com/index.php?s=admin [运行时间：0.032320s][吞吐率：30.94req/s] [内存消耗：1,451.45kb] [文件加载：35]
[ info ] [ LANG ] D:\phpStudy\WWW\my project\webkit\thinkphp\lang\zh-cn.php
[ info ] [ ROUTE ] array (
  'type' => 'module',
  'module' => 
  array (
    0 => 'admin',
    1 => NULL,
    2 => NULL,
  ),
)
[ info ] [ HEADER ] array (
  'host' => 'o2o.ding.com',
  'connection' => 'keep-alive',
  'cache-control' => 'max-age=0',
  'upgrade-insecure-requests' => '1',
  'user-agent' => 'Mozilla/5.0 (Windows NT 10.0; Win64; x64) AppleWebKit/537.36 (KHTML, like Gecko) Chrome/60.0.3112.113 Safari/537.36',
  'accept' => 'text/html,application/xhtml+xml,application/xml;q=0.9,image/webp,image/apng,*/*;q=0.8',
  'accept-encoding' => 'gzip, deflate',
  'accept-language' => 'zh-CN,zh;q=0.8',
  'cookie' => 'pgv_pvi=6657261568; Huiskin=default',
)
[ info ] [ PARAM ] array (
)
[ info ] [ RUN ] app\admin\controller\Index->index[ D:\phpStudy\WWW\my project\webkit\application\admin\controller\Index.php ]
[ info ] [ VIEW ] D:\phpStudy\WWW\my project\webkit\public/../application/admin\view\index\index.html [ array (
) ]
[ info ] [ LOG ] INIT File

---------------------------------------------------------------
[ 2017-12-18T11:26:58+08:00 ] 127.0.0.1 127.0.0.1 GET /index.php/admin/index/welcome.html
[ log ] o2o.ding.com/index.php/admin/index/welcome.html [运行时间：0.031188s][吞吐率：32.06req/s] [内存消耗：1,378.63kb] [文件加载：33]
[ info ] [ LANG ] D:\phpStudy\WWW\my project\webkit\thinkphp\lang\zh-cn.php
[ info ] [ ROUTE ] array (
  'type' => 'module',
  'module' => 
  array (
    0 => 'admin',
    1 => 'index',
    2 => 'welcome',
  ),
)
[ info ] [ HEADER ] array (
  'host' => 'o2o.ding.com',
  'connection' => 'keep-alive',
  'upgrade-insecure-requests' => '1',
  'user-agent' => 'Mozilla/5.0 (Windows NT 10.0; Win64; x64) AppleWebKit/537.36 (KHTML, like Gecko) Chrome/60.0.3112.113 Safari/537.36',
  'accept' => 'text/html,application/xhtml+xml,application/xml;q=0.9,image/webp,image/apng,*/*;q=0.8',
  'referer' => 'http://o2o.ding.com/index.php?s=admin',
  'accept-encoding' => 'gzip, deflate',
  'accept-language' => 'zh-CN,zh;q=0.8',
  'cookie' => 'pgv_pvi=6657261568; Huiskin=default',
)
[ info ] [ PARAM ] array (
)
[ info ] [ RUN ] app\admin\controller\Index->welcome[ D:\phpStudy\WWW\my project\webkit\application\admin\controller\Index.php ]
[ info ] [ LOG ] INIT File

---------------------------------------------------------------
[ 2017-12-18T11:26:59+08:00 ] 127.0.0.1 127.0.0.1 GET /index.php/admin/category/index.html
[ log ] o2o.ding.com/index.php/admin/category/index.html [运行时间：0.028707s][吞吐率：34.83req/s] [内存消耗：1,454.10kb] [文件加载：35]
[ info ] [ LANG ] D:\phpStudy\WWW\my project\webkit\thinkphp\lang\zh-cn.php
[ info ] [ ROUTE ] array (
  'type' => 'module',
  'module' => 
  array (
    0 => 'admin',
    1 => 'category',
    2 => 'index',
  ),
)
[ info ] [ HEADER ] array (
  'host' => 'o2o.ding.com',
  'connection' => 'keep-alive',
  'upgrade-insecure-requests' => '1',
  'user-agent' => 'Mozilla/5.0 (Windows NT 10.0; Win64; x64) AppleWebKit/537.36 (KHTML, like Gecko) Chrome/60.0.3112.113 Safari/537.36',
  'accept' => 'text/html,application/xhtml+xml,application/xml;q=0.9,image/webp,image/apng,*/*;q=0.8',
  'referer' => 'http://o2o.ding.com/index.php?s=admin',
  'accept-encoding' => 'gzip, deflate',
  'accept-language' => 'zh-CN,zh;q=0.8',
  'cookie' => 'pgv_pvi=6657261568; Huiskin=default',
)
[ info ] [ PARAM ] array (
)
[ info ] [ RUN ] app\admin\controller\Category->index[ D:\phpStudy\WWW\my project\webkit\application\admin\controller\Category.php ]
[ info ] [ VIEW ] D:\phpStudy\WWW\my project\webkit\public/../application/admin\view\category\index.html [ array (
) ]
[ info ] [ LOG ] INIT File

---------------------------------------------------------------
[ 2017-12-18T11:27:01+08:00 ] 127.0.0.1 127.0.0.1 GET /index.php/admin/category/add.html
[ log ] o2o.ding.com/index.php/admin/category/add.html [运行时间：1.084865s][吞吐率：0.92req/s] [内存消耗：2,397.51kb] [文件加载：45]
[ info ] [ LANG ] D:\phpStudy\WWW\my project\webkit\thinkphp\lang\zh-cn.php
[ info ] [ ROUTE ] array (
  'type' => 'module',
  'module' => 
  array (
    0 => 'admin',
    1 => 'category',
    2 => 'add',
  ),
)
[ info ] [ HEADER ] array (
  'host' => 'o2o.ding.com',
  'connection' => 'keep-alive',
  'upgrade-insecure-requests' => '1',
  'user-agent' => 'Mozilla/5.0 (Windows NT 10.0; Win64; x64) AppleWebKit/537.36 (KHTML, like Gecko) Chrome/60.0.3112.113 Safari/537.36',
  'accept' => 'text/html,application/xhtml+xml,application/xml;q=0.9,image/webp,image/apng,*/*;q=0.8',
  'referer' => 'http://o2o.ding.com/index.php/admin/category/index.html',
  'accept-encoding' => 'gzip, deflate',
  'accept-language' => 'zh-CN,zh;q=0.8',
  'cookie' => 'pgv_pvi=6657261568; Huiskin=default',
)
[ info ] [ PARAM ] array (
)
[ info ] [ RUN ] app\admin\controller\Category->add[ D:\phpStudy\WWW\my project\webkit\application\admin\controller\Category.php ]
[ info ] [ DB ] INIT mysql
[ info ] [ LOG ] INIT File
[ sql ] [ DB ] CONNECT:[ UseTime:1.023401s ] mysql:dbname=my_o2o_table;host=localhost;port=3306;charset=utf8
[ sql ] [ SQL ] SHOW COLUMNS FROM `o2o_category` [ RunTime:0.012366s ]
[ sql ] [ SQL ] SELECT * FROM `o2o_category` WHERE  `status` = 1  AND `parent_id` = 0 ORDER BY `id`  desc [ RunTime:0.001173s ]
[ error ] [0]模板文件不存在:D:\phpStudy\WWW\my project\webkit\public/../application/admin\view\category\ .html[D:\phpStudy\WWW\my project\webkit\thinkphp\library\think\view\driver\Think.php:80]

---------------------------------------------------------------
[ 2017-12-18T11:27:57+08:00 ] 127.0.0.1 127.0.0.1 GET /index.php?s=admin
[ log ] o2o.ding.com/index.php?s=admin [运行时间：0.028892s][吞吐率：34.61req/s] [内存消耗：1,451.45kb] [文件加载：35]
[ info ] [ LANG ] D:\phpStudy\WWW\my project\webkit\thinkphp\lang\zh-cn.php
[ info ] [ ROUTE ] array (
  'type' => 'module',
  'module' => 
  array (
    0 => 'admin',
    1 => NULL,
    2 => NULL,
  ),
)
[ info ] [ HEADER ] array (
  'host' => 'o2o.ding.com',
  'connection' => 'keep-alive',
  'cache-control' => 'max-age=0',
  'upgrade-insecure-requests' => '1',
  'user-agent' => 'Mozilla/5.0 (Windows NT 10.0; Win64; x64) AppleWebKit/537.36 (KHTML, like Gecko) Chrome/60.0.3112.113 Safari/537.36',
  'accept' => 'text/html,application/xhtml+xml,application/xml;q=0.9,image/webp,image/apng,*/*;q=0.8',
  'accept-encoding' => 'gzip, deflate',
  'accept-language' => 'zh-CN,zh;q=0.8',
  'cookie' => 'pgv_pvi=6657261568; Huiskin=default',
)
[ info ] [ PARAM ] array (
)
[ info ] [ RUN ] app\admin\controller\Index->index[ D:\phpStudy\WWW\my project\webkit\application\admin\controller\Index.php ]
[ info ] [ VIEW ] D:\phpStudy\WWW\my project\webkit\public/../application/admin\view\index\index.html [ array (
) ]
[ info ] [ LOG ] INIT File

---------------------------------------------------------------
[ 2017-12-18T11:27:57+08:00 ] 127.0.0.1 127.0.0.1 GET /index.php/admin/index/welcome.html
[ log ] o2o.ding.com/index.php/admin/index/welcome.html [运行时间：0.030837s][吞吐率：32.43req/s] [内存消耗：1,378.63kb] [文件加载：33]
[ info ] [ LANG ] D:\phpStudy\WWW\my project\webkit\thinkphp\lang\zh-cn.php
[ info ] [ ROUTE ] array (
  'type' => 'module',
  'module' => 
  array (
    0 => 'admin',
    1 => 'index',
    2 => 'welcome',
  ),
)
[ info ] [ HEADER ] array (
  'host' => 'o2o.ding.com',
  'connection' => 'keep-alive',
  'upgrade-insecure-requests' => '1',
  'user-agent' => 'Mozilla/5.0 (Windows NT 10.0; Win64; x64) AppleWebKit/537.36 (KHTML, like Gecko) Chrome/60.0.3112.113 Safari/537.36',
  'accept' => 'text/html,application/xhtml+xml,application/xml;q=0.9,image/webp,image/apng,*/*;q=0.8',
  'referer' => 'http://o2o.ding.com/index.php?s=admin',
  'accept-encoding' => 'gzip, deflate',
  'accept-language' => 'zh-CN,zh;q=0.8',
  'cookie' => 'pgv_pvi=6657261568; Huiskin=default',
)
[ info ] [ PARAM ] array (
)
[ info ] [ RUN ] app\admin\controller\Index->welcome[ D:\phpStudy\WWW\my project\webkit\application\admin\controller\Index.php ]
[ info ] [ LOG ] INIT File

---------------------------------------------------------------
[ 2017-12-18T11:27:59+08:00 ] 127.0.0.1 127.0.0.1 GET /index.php/admin/category/index.html
[ log ] o2o.ding.com/index.php/admin/category/index.html [运行时间：0.028653s][吞吐率：34.90req/s] [内存消耗：1,454.10kb] [文件加载：35]
[ info ] [ LANG ] D:\phpStudy\WWW\my project\webkit\thinkphp\lang\zh-cn.php
[ info ] [ ROUTE ] array (
  'type' => 'module',
  'module' => 
  array (
    0 => 'admin',
    1 => 'category',
    2 => 'index',
  ),
)
[ info ] [ HEADER ] array (
  'host' => 'o2o.ding.com',
  'connection' => 'keep-alive',
  'upgrade-insecure-requests' => '1',
  'user-agent' => 'Mozilla/5.0 (Windows NT 10.0; Win64; x64) AppleWebKit/537.36 (KHTML, like Gecko) Chrome/60.0.3112.113 Safari/537.36',
  'accept' => 'text/html,application/xhtml+xml,application/xml;q=0.9,image/webp,image/apng,*/*;q=0.8',
  'referer' => 'http://o2o.ding.com/index.php?s=admin',
  'accept-encoding' => 'gzip, deflate',
  'accept-language' => 'zh-CN,zh;q=0.8',
  'cookie' => 'pgv_pvi=6657261568; Huiskin=default',
)
[ info ] [ PARAM ] array (
)
[ info ] [ RUN ] app\admin\controller\Category->index[ D:\phpStudy\WWW\my project\webkit\application\admin\controller\Category.php ]
[ info ] [ VIEW ] D:\phpStudy\WWW\my project\webkit\public/../application/admin\view\category\index.html [ array (
) ]
[ info ] [ LOG ] INIT File

---------------------------------------------------------------
[ 2017-12-18T11:28:01+08:00 ] 127.0.0.1 127.0.0.1 GET /index.php/admin/category/add.html
[ log ] o2o.ding.com/index.php/admin/category/add.html [运行时间：1.086623s][吞吐率：0.92req/s] [内存消耗：2,397.51kb] [文件加载：45]
[ info ] [ LANG ] D:\phpStudy\WWW\my project\webkit\thinkphp\lang\zh-cn.php
[ info ] [ ROUTE ] array (
  'type' => 'module',
  'module' => 
  array (
    0 => 'admin',
    1 => 'category',
    2 => 'add',
  ),
)
[ info ] [ HEADER ] array (
  'host' => 'o2o.ding.com',
  'connection' => 'keep-alive',
  'upgrade-insecure-requests' => '1',
  'user-agent' => 'Mozilla/5.0 (Windows NT 10.0; Win64; x64) AppleWebKit/537.36 (KHTML, like Gecko) Chrome/60.0.3112.113 Safari/537.36',
  'accept' => 'text/html,application/xhtml+xml,application/xml;q=0.9,image/webp,image/apng,*/*;q=0.8',
  'referer' => 'http://o2o.ding.com/index.php/admin/category/index.html',
  'accept-encoding' => 'gzip, deflate',
  'accept-language' => 'zh-CN,zh;q=0.8',
  'cookie' => 'pgv_pvi=6657261568; Huiskin=default',
)
[ info ] [ PARAM ] array (
)
[ info ] [ RUN ] app\admin\controller\Category->add[ D:\phpStudy\WWW\my project\webkit\application\admin\controller\Category.php ]
[ info ] [ DB ] INIT mysql
[ info ] [ LOG ] INIT File
[ sql ] [ DB ] CONNECT:[ UseTime:1.024258s ] mysql:dbname=my_o2o_table;host=localhost;port=3306;charset=utf8
[ sql ] [ SQL ] SHOW COLUMNS FROM `o2o_category` [ RunTime:0.012732s ]
[ sql ] [ SQL ] SELECT * FROM `o2o_category` WHERE  `status` = 1  AND `parent_id` = 0 ORDER BY `id`  desc [ RunTime:0.001370s ]
[ error ] [0]模板文件不存在:D:\phpStudy\WWW\my project\webkit\public/../application/admin\view\category\ .html[D:\phpStudy\WWW\my project\webkit\thinkphp\library\think\view\driver\Think.php:80]

---------------------------------------------------------------
[ 2017-12-18T11:28:42+08:00 ] 127.0.0.1 127.0.0.1 GET /index.php?s=admin
[ log ] o2o.ding.com/index.php?s=admin [运行时间：0.028975s][吞吐率：34.51req/s] [内存消耗：1,451.45kb] [文件加载：35]
[ info ] [ LANG ] D:\phpStudy\WWW\my project\webkit\thinkphp\lang\zh-cn.php
[ info ] [ ROUTE ] array (
  'type' => 'module',
  'module' => 
  array (
    0 => 'admin',
    1 => NULL,
    2 => NULL,
  ),
)
[ info ] [ HEADER ] array (
  'host' => 'o2o.ding.com',
  'connection' => 'keep-alive',
  'cache-control' => 'max-age=0',
  'upgrade-insecure-requests' => '1',
  'user-agent' => 'Mozilla/5.0 (Windows NT 10.0; Win64; x64) AppleWebKit/537.36 (KHTML, like Gecko) Chrome/60.0.3112.113 Safari/537.36',
  'accept' => 'text/html,application/xhtml+xml,application/xml;q=0.9,image/webp,image/apng,*/*;q=0.8',
  'accept-encoding' => 'gzip, deflate',
  'accept-language' => 'zh-CN,zh;q=0.8',
  'cookie' => 'pgv_pvi=6657261568; Huiskin=default',
)
[ info ] [ PARAM ] array (
)
[ info ] [ RUN ] app\admin\controller\Index->index[ D:\phpStudy\WWW\my project\webkit\application\admin\controller\Index.php ]
[ info ] [ VIEW ] D:\phpStudy\WWW\my project\webkit\public/../application/admin\view\index\index.html [ array (
) ]
[ info ] [ LOG ] INIT File

---------------------------------------------------------------
[ 2017-12-18T11:28:42+08:00 ] 127.0.0.1 127.0.0.1 GET /index.php/admin/index/welcome.html
[ log ] o2o.ding.com/index.php/admin/index/welcome.html [运行时间：0.029920s][吞吐率：33.42req/s] [内存消耗：1,378.63kb] [文件加载：33]
[ info ] [ LANG ] D:\phpStudy\WWW\my project\webkit\thinkphp\lang\zh-cn.php
[ info ] [ ROUTE ] array (
  'type' => 'module',
  'module' => 
  array (
    0 => 'admin',
    1 => 'index',
    2 => 'welcome',
  ),
)
[ info ] [ HEADER ] array (
  'host' => 'o2o.ding.com',
  'connection' => 'keep-alive',
  'upgrade-insecure-requests' => '1',
  'user-agent' => 'Mozilla/5.0 (Windows NT 10.0; Win64; x64) AppleWebKit/537.36 (KHTML, like Gecko) Chrome/60.0.3112.113 Safari/537.36',
  'accept' => 'text/html,application/xhtml+xml,application/xml;q=0.9,image/webp,image/apng,*/*;q=0.8',
  'referer' => 'http://o2o.ding.com/index.php?s=admin',
  'accept-encoding' => 'gzip, deflate',
  'accept-language' => 'zh-CN,zh;q=0.8',
  'cookie' => 'pgv_pvi=6657261568; Huiskin=default',
)
[ info ] [ PARAM ] array (
)
[ info ] [ RUN ] app\admin\controller\Index->welcome[ D:\phpStudy\WWW\my project\webkit\application\admin\controller\Index.php ]
[ info ] [ LOG ] INIT File

---------------------------------------------------------------
[ 2017-12-18T11:28:44+08:00 ] 127.0.0.1 127.0.0.1 GET /index.php?s=admin
[ log ] o2o.ding.com/index.php?s=admin [运行时间：0.028486s][吞吐率：35.10req/s] [内存消耗：1,451.45kb] [文件加载：35]
[ info ] [ LANG ] D:\phpStudy\WWW\my project\webkit\thinkphp\lang\zh-cn.php
[ info ] [ ROUTE ] array (
  'type' => 'module',
  'module' => 
  array (
    0 => 'admin',
    1 => NULL,
    2 => NULL,
  ),
)
[ info ] [ HEADER ] array (
  'host' => 'o2o.ding.com',
  'connection' => 'keep-alive',
  'cache-control' => 'max-age=0',
  'upgrade-insecure-requests' => '1',
  'user-agent' => 'Mozilla/5.0 (Windows NT 10.0; Win64; x64) AppleWebKit/537.36 (KHTML, like Gecko) Chrome/60.0.3112.113 Safari/537.36',
  'accept' => 'text/html,application/xhtml+xml,application/xml;q=0.9,image/webp,image/apng,*/*;q=0.8',
  'accept-encoding' => 'gzip, deflate',
  'accept-language' => 'zh-CN,zh;q=0.8',
  'cookie' => 'pgv_pvi=6657261568; Huiskin=default',
)
[ info ] [ PARAM ] array (
)
[ info ] [ RUN ] app\admin\controller\Index->index[ D:\phpStudy\WWW\my project\webkit\application\admin\controller\Index.php ]
[ info ] [ VIEW ] D:\phpStudy\WWW\my project\webkit\public/../application/admin\view\index\index.html [ array (
) ]
[ info ] [ LOG ] INIT File

---------------------------------------------------------------
[ 2017-12-18T11:28:44+08:00 ] 127.0.0.1 127.0.0.1 GET /index.php/admin/index/welcome.html
[ log ] o2o.ding.com/index.php/admin/index/welcome.html [运行时间：0.032504s][吞吐率：30.77req/s] [内存消耗：1,378.63kb] [文件加载：33]
[ info ] [ LANG ] D:\phpStudy\WWW\my project\webkit\thinkphp\lang\zh-cn.php
[ info ] [ ROUTE ] array (
  'type' => 'module',
  'module' => 
  array (
    0 => 'admin',
    1 => 'index',
    2 => 'welcome',
  ),
)
[ info ] [ HEADER ] array (
  'host' => 'o2o.ding.com',
  'connection' => 'keep-alive',
  'upgrade-insecure-requests' => '1',
  'user-agent' => 'Mozilla/5.0 (Windows NT 10.0; Win64; x64) AppleWebKit/537.36 (KHTML, like Gecko) Chrome/60.0.3112.113 Safari/537.36',
  'accept' => 'text/html,application/xhtml+xml,application/xml;q=0.9,image/webp,image/apng,*/*;q=0.8',
  'referer' => 'http://o2o.ding.com/index.php?s=admin',
  'accept-encoding' => 'gzip, deflate',
  'accept-language' => 'zh-CN,zh;q=0.8',
  'cookie' => 'pgv_pvi=6657261568; Huiskin=default',
)
[ info ] [ PARAM ] array (
)
[ info ] [ RUN ] app\admin\controller\Index->welcome[ D:\phpStudy\WWW\my project\webkit\application\admin\controller\Index.php ]
[ info ] [ LOG ] INIT File

---------------------------------------------------------------
[ 2017-12-18T11:28:45+08:00 ] 127.0.0.1 127.0.0.1 GET /index.php/admin/category/index.html
[ log ] o2o.ding.com/index.php/admin/category/index.html [运行时间：0.028632s][吞吐率：34.93req/s] [内存消耗：1,454.10kb] [文件加载：35]
[ info ] [ LANG ] D:\phpStudy\WWW\my project\webkit\thinkphp\lang\zh-cn.php
[ info ] [ ROUTE ] array (
  'type' => 'module',
  'module' => 
  array (
    0 => 'admin',
    1 => 'category',
    2 => 'index',
  ),
)
[ info ] [ HEADER ] array (
  'host' => 'o2o.ding.com',
  'connection' => 'keep-alive',
  'upgrade-insecure-requests' => '1',
  'user-agent' => 'Mozilla/5.0 (Windows NT 10.0; Win64; x64) AppleWebKit/537.36 (KHTML, like Gecko) Chrome/60.0.3112.113 Safari/537.36',
  'accept' => 'text/html,application/xhtml+xml,application/xml;q=0.9,image/webp,image/apng,*/*;q=0.8',
  'referer' => 'http://o2o.ding.com/index.php?s=admin',
  'accept-encoding' => 'gzip, deflate',
  'accept-language' => 'zh-CN,zh;q=0.8',
  'cookie' => 'pgv_pvi=6657261568; Huiskin=default',
)
[ info ] [ PARAM ] array (
)
[ info ] [ RUN ] app\admin\controller\Category->index[ D:\phpStudy\WWW\my project\webkit\application\admin\controller\Category.php ]
[ info ] [ VIEW ] D:\phpStudy\WWW\my project\webkit\public/../application/admin\view\category\index.html [ array (
) ]
[ info ] [ LOG ] INIT File

---------------------------------------------------------------
[ 2017-12-18T11:28:47+08:00 ] 127.0.0.1 127.0.0.1 GET /index.php/admin/category/add.html
[ log ] o2o.ding.com/index.php/admin/category/add.html [运行时间：1.085961s][吞吐率：0.92req/s] [内存消耗：2,397.51kb] [文件加载：45]
[ info ] [ LANG ] D:\phpStudy\WWW\my project\webkit\thinkphp\lang\zh-cn.php
[ info ] [ ROUTE ] array (
  'type' => 'module',
  'module' => 
  array (
    0 => 'admin',
    1 => 'category',
    2 => 'add',
  ),
)
[ info ] [ HEADER ] array (
  'host' => 'o2o.ding.com',
  'connection' => 'keep-alive',
  'upgrade-insecure-requests' => '1',
  'user-agent' => 'Mozilla/5.0 (Windows NT 10.0; Win64; x64) AppleWebKit/537.36 (KHTML, like Gecko) Chrome/60.0.3112.113 Safari/537.36',
  'accept' => 'text/html,application/xhtml+xml,application/xml;q=0.9,image/webp,image/apng,*/*;q=0.8',
  'referer' => 'http://o2o.ding.com/index.php/admin/category/index.html',
  'accept-encoding' => 'gzip, deflate',
  'accept-language' => 'zh-CN,zh;q=0.8',
  'cookie' => 'pgv_pvi=6657261568; Huiskin=default',
)
[ info ] [ PARAM ] array (
)
[ info ] [ RUN ] app\admin\controller\Category->add[ D:\phpStudy\WWW\my project\webkit\application\admin\controller\Category.php ]
[ info ] [ DB ] INIT mysql
[ info ] [ LOG ] INIT File
[ sql ] [ DB ] CONNECT:[ UseTime:1.023476s ] mysql:dbname=my_o2o_table;host=localhost;port=3306;charset=utf8
[ sql ] [ SQL ] SHOW COLUMNS FROM `o2o_category` [ RunTime:0.012878s ]
[ sql ] [ SQL ] SELECT * FROM `o2o_category` WHERE  `status` = 1  AND `parent_id` = 0 ORDER BY `id`  desc [ RunTime:0.000991s ]
[ error ] [0]模板文件不存在:D:\phpStudy\WWW\my project\webkit\public/../application/admin\view\category\ .html[D:\phpStudy\WWW\my project\webkit\thinkphp\library\think\view\driver\Think.php:80]

---------------------------------------------------------------
[ 2017-12-18T11:29:54+08:00 ] 127.0.0.1 127.0.0.1 GET /index.php?s=admin
[ log ] o2o.ding.com/index.php?s=admin [运行时间：0.030912s][吞吐率：32.35req/s] [内存消耗：1,451.45kb] [文件加载：35]
[ info ] [ LANG ] D:\phpStudy\WWW\my project\webkit\thinkphp\lang\zh-cn.php
[ info ] [ ROUTE ] array (
  'type' => 'module',
  'module' => 
  array (
    0 => 'admin',
    1 => NULL,
    2 => NULL,
  ),
)
[ info ] [ HEADER ] array (
  'host' => 'o2o.ding.com',
  'connection' => 'keep-alive',
  'cache-control' => 'max-age=0',
  'upgrade-insecure-requests' => '1',
  'user-agent' => 'Mozilla/5.0 (Windows NT 10.0; Win64; x64) AppleWebKit/537.36 (KHTML, like Gecko) Chrome/60.0.3112.113 Safari/537.36',
  'accept' => 'text/html,application/xhtml+xml,application/xml;q=0.9,image/webp,image/apng,*/*;q=0.8',
  'accept-encoding' => 'gzip, deflate',
  'accept-language' => 'zh-CN,zh;q=0.8',
  'cookie' => 'pgv_pvi=6657261568; Huiskin=default',
)
[ info ] [ PARAM ] array (
)
[ info ] [ RUN ] app\admin\controller\Index->index[ D:\phpStudy\WWW\my project\webkit\application\admin\controller\Index.php ]
[ info ] [ VIEW ] D:\phpStudy\WWW\my project\webkit\public/../application/admin\view\index\index.html [ array (
) ]
[ info ] [ LOG ] INIT File

---------------------------------------------------------------
[ 2017-12-18T11:29:54+08:00 ] 127.0.0.1 127.0.0.1 GET /index.php/admin/index/welcome.html
[ log ] o2o.ding.com/index.php/admin/index/welcome.html [运行时间：0.038570s][吞吐率：25.93req/s] [内存消耗：1,378.63kb] [文件加载：33]
[ info ] [ LANG ] D:\phpStudy\WWW\my project\webkit\thinkphp\lang\zh-cn.php
[ info ] [ ROUTE ] array (
  'type' => 'module',
  'module' => 
  array (
    0 => 'admin',
    1 => 'index',
    2 => 'welcome',
  ),
)
[ info ] [ HEADER ] array (
  'host' => 'o2o.ding.com',
  'connection' => 'keep-alive',
  'upgrade-insecure-requests' => '1',
  'user-agent' => 'Mozilla/5.0 (Windows NT 10.0; Win64; x64) AppleWebKit/537.36 (KHTML, like Gecko) Chrome/60.0.3112.113 Safari/537.36',
  'accept' => 'text/html,application/xhtml+xml,application/xml;q=0.9,image/webp,image/apng,*/*;q=0.8',
  'referer' => 'http://o2o.ding.com/index.php?s=admin',
  'accept-encoding' => 'gzip, deflate',
  'accept-language' => 'zh-CN,zh;q=0.8',
  'cookie' => 'pgv_pvi=6657261568; Huiskin=default',
)
[ info ] [ PARAM ] array (
)
[ info ] [ RUN ] app\admin\controller\Index->welcome[ D:\phpStudy\WWW\my project\webkit\application\admin\controller\Index.php ]
[ info ] [ LOG ] INIT File

---------------------------------------------------------------
[ 2017-12-18T11:29:57+08:00 ] 127.0.0.1 127.0.0.1 GET /index.php/admin/category/index.html
[ log ] o2o.ding.com/index.php/admin/category/index.html [运行时间：0.028714s][吞吐率：34.83req/s] [内存消耗：1,454.10kb] [文件加载：35]
[ info ] [ LANG ] D:\phpStudy\WWW\my project\webkit\thinkphp\lang\zh-cn.php
[ info ] [ ROUTE ] array (
  'type' => 'module',
  'module' => 
  array (
    0 => 'admin',
    1 => 'category',
    2 => 'index',
  ),
)
[ info ] [ HEADER ] array (
  'host' => 'o2o.ding.com',
  'connection' => 'keep-alive',
  'upgrade-insecure-requests' => '1',
  'user-agent' => 'Mozilla/5.0 (Windows NT 10.0; Win64; x64) AppleWebKit/537.36 (KHTML, like Gecko) Chrome/60.0.3112.113 Safari/537.36',
  'accept' => 'text/html,application/xhtml+xml,application/xml;q=0.9,image/webp,image/apng,*/*;q=0.8',
  'referer' => 'http://o2o.ding.com/index.php?s=admin',
  'accept-encoding' => 'gzip, deflate',
  'accept-language' => 'zh-CN,zh;q=0.8',
  'cookie' => 'pgv_pvi=6657261568; Huiskin=default',
)
[ info ] [ PARAM ] array (
)
[ info ] [ RUN ] app\admin\controller\Category->index[ D:\phpStudy\WWW\my project\webkit\application\admin\controller\Category.php ]
[ info ] [ VIEW ] D:\phpStudy\WWW\my project\webkit\public/../application/admin\view\category\index.html [ array (
) ]
[ info ] [ LOG ] INIT File

---------------------------------------------------------------
[ 2017-12-18T11:29:59+08:00 ] 127.0.0.1 127.0.0.1 GET /index.php/admin/category/add.html
[ log ] o2o.ding.com/index.php/admin/category/add.html [运行时间：1.086292s][吞吐率：0.92req/s] [内存消耗：2,397.51kb] [文件加载：45]
[ info ] [ LANG ] D:\phpStudy\WWW\my project\webkit\thinkphp\lang\zh-cn.php
[ info ] [ ROUTE ] array (
  'type' => 'module',
  'module' => 
  array (
    0 => 'admin',
    1 => 'category',
    2 => 'add',
  ),
)
[ info ] [ HEADER ] array (
  'host' => 'o2o.ding.com',
  'connection' => 'keep-alive',
  'upgrade-insecure-requests' => '1',
  'user-agent' => 'Mozilla/5.0 (Windows NT 10.0; Win64; x64) AppleWebKit/537.36 (KHTML, like Gecko) Chrome/60.0.3112.113 Safari/537.36',
  'accept' => 'text/html,application/xhtml+xml,application/xml;q=0.9,image/webp,image/apng,*/*;q=0.8',
  'referer' => 'http://o2o.ding.com/index.php/admin/category/index.html',
  'accept-encoding' => 'gzip, deflate',
  'accept-language' => 'zh-CN,zh;q=0.8',
  'cookie' => 'pgv_pvi=6657261568; Huiskin=default',
)
[ info ] [ PARAM ] array (
)
[ info ] [ RUN ] app\admin\controller\Category->add[ D:\phpStudy\WWW\my project\webkit\application\admin\controller\Category.php ]
[ info ] [ DB ] INIT mysql
[ info ] [ LOG ] INIT File
[ sql ] [ DB ] CONNECT:[ UseTime:1.022708s ] mysql:dbname=my_o2o_table;host=localhost;port=3306;charset=utf8
[ sql ] [ SQL ] SHOW COLUMNS FROM `o2o_category` [ RunTime:0.013525s ]
[ sql ] [ SQL ] SELECT * FROM `o2o_category` WHERE  `status` = 1  AND `parent_id` = 0 ORDER BY `id`  desc [ RunTime:0.000995s ]
[ error ] [0]模板文件不存在:D:\phpStudy\WWW\my project\webkit\public/../application/admin\view\category\ .html[D:\phpStudy\WWW\my project\webkit\thinkphp\library\think\view\driver\Think.php:80]

---------------------------------------------------------------
[ 2017-12-18T11:31:39+08:00 ] 127.0.0.1 127.0.0.1 GET /index.php?s=admin
[ log ] o2o.ding.com/index.php?s=admin [运行时间：0.033131s][吞吐率：30.18req/s] [内存消耗：1,451.45kb] [文件加载：35]
[ info ] [ LANG ] D:\phpStudy\WWW\my project\webkit\thinkphp\lang\zh-cn.php
[ info ] [ ROUTE ] array (
  'type' => 'module',
  'module' => 
  array (
    0 => 'admin',
    1 => NULL,
    2 => NULL,
  ),
)
[ info ] [ HEADER ] array (
  'host' => 'o2o.ding.com',
  'connection' => 'keep-alive',
  'cache-control' => 'max-age=0',
  'upgrade-insecure-requests' => '1',
  'user-agent' => 'Mozilla/5.0 (Windows NT 10.0; Win64; x64) AppleWebKit/537.36 (KHTML, like Gecko) Chrome/60.0.3112.113 Safari/537.36',
  'accept' => 'text/html,application/xhtml+xml,application/xml;q=0.9,image/webp,image/apng,*/*;q=0.8',
  'accept-encoding' => 'gzip, deflate',
  'accept-language' => 'zh-CN,zh;q=0.8',
  'cookie' => 'pgv_pvi=6657261568; Huiskin=default',
)
[ info ] [ PARAM ] array (
)
[ info ] [ RUN ] app\admin\controller\Index->index[ D:\phpStudy\WWW\my project\webkit\application\admin\controller\Index.php ]
[ info ] [ VIEW ] D:\phpStudy\WWW\my project\webkit\public/../application/admin\view\index\index.html [ array (
) ]
[ info ] [ LOG ] INIT File

---------------------------------------------------------------
[ 2017-12-18T11:31:39+08:00 ] 127.0.0.1 127.0.0.1 GET /index.php/admin/index/welcome.html
[ log ] o2o.ding.com/index.php/admin/index/welcome.html [运行时间：0.030099s][吞吐率：33.22req/s] [内存消耗：1,378.63kb] [文件加载：33]
[ info ] [ LANG ] D:\phpStudy\WWW\my project\webkit\thinkphp\lang\zh-cn.php
[ info ] [ ROUTE ] array (
  'type' => 'module',
  'module' => 
  array (
    0 => 'admin',
    1 => 'index',
    2 => 'welcome',
  ),
)
[ info ] [ HEADER ] array (
  'host' => 'o2o.ding.com',
  'connection' => 'keep-alive',
  'upgrade-insecure-requests' => '1',
  'user-agent' => 'Mozilla/5.0 (Windows NT 10.0; Win64; x64) AppleWebKit/537.36 (KHTML, like Gecko) Chrome/60.0.3112.113 Safari/537.36',
  'accept' => 'text/html,application/xhtml+xml,application/xml;q=0.9,image/webp,image/apng,*/*;q=0.8',
  'referer' => 'http://o2o.ding.com/index.php?s=admin',
  'accept-encoding' => 'gzip, deflate',
  'accept-language' => 'zh-CN,zh;q=0.8',
  'cookie' => 'pgv_pvi=6657261568; Huiskin=default',
)
[ info ] [ PARAM ] array (
)
[ info ] [ RUN ] app\admin\controller\Index->welcome[ D:\phpStudy\WWW\my project\webkit\application\admin\controller\Index.php ]
[ info ] [ LOG ] INIT File

---------------------------------------------------------------
[ 2017-12-18T11:31:41+08:00 ] 127.0.0.1 127.0.0.1 GET /index.php/admin/category/index.html
[ log ] o2o.ding.com/index.php/admin/category/index.html [运行时间：0.029735s][吞吐率：33.63req/s] [内存消耗：1,454.10kb] [文件加载：35]
[ info ] [ LANG ] D:\phpStudy\WWW\my project\webkit\thinkphp\lang\zh-cn.php
[ info ] [ ROUTE ] array (
  'type' => 'module',
  'module' => 
  array (
    0 => 'admin',
    1 => 'category',
    2 => 'index',
  ),
)
[ info ] [ HEADER ] array (
  'host' => 'o2o.ding.com',
  'connection' => 'keep-alive',
  'upgrade-insecure-requests' => '1',
  'user-agent' => 'Mozilla/5.0 (Windows NT 10.0; Win64; x64) AppleWebKit/537.36 (KHTML, like Gecko) Chrome/60.0.3112.113 Safari/537.36',
  'accept' => 'text/html,application/xhtml+xml,application/xml;q=0.9,image/webp,image/apng,*/*;q=0.8',
  'referer' => 'http://o2o.ding.com/index.php?s=admin',
  'accept-encoding' => 'gzip, deflate',
  'accept-language' => 'zh-CN,zh;q=0.8',
  'cookie' => 'pgv_pvi=6657261568; Huiskin=default',
)
[ info ] [ PARAM ] array (
)
[ info ] [ RUN ] app\admin\controller\Category->index[ D:\phpStudy\WWW\my project\webkit\application\admin\controller\Category.php ]
[ info ] [ VIEW ] D:\phpStudy\WWW\my project\webkit\public/../application/admin\view\category\index.html [ array (
) ]
[ info ] [ LOG ] INIT File

---------------------------------------------------------------
[ 2017-12-18T11:31:44+08:00 ] 127.0.0.1 127.0.0.1 GET /index.php/admin/category/add.html
[ log ] o2o.ding.com/index.php/admin/category/add.html [运行时间：1.089395s][吞吐率：0.92req/s] [内存消耗：2,397.51kb] [文件加载：45]
[ info ] [ LANG ] D:\phpStudy\WWW\my project\webkit\thinkphp\lang\zh-cn.php
[ info ] [ ROUTE ] array (
  'type' => 'module',
  'module' => 
  array (
    0 => 'admin',
    1 => 'category',
    2 => 'add',
  ),
)
[ info ] [ HEADER ] array (
  'host' => 'o2o.ding.com',
  'connection' => 'keep-alive',
  'upgrade-insecure-requests' => '1',
  'user-agent' => 'Mozilla/5.0 (Windows NT 10.0; Win64; x64) AppleWebKit/537.36 (KHTML, like Gecko) Chrome/60.0.3112.113 Safari/537.36',
  'accept' => 'text/html,application/xhtml+xml,application/xml;q=0.9,image/webp,image/apng,*/*;q=0.8',
  'referer' => 'http://o2o.ding.com/index.php/admin/category/index.html',
  'accept-encoding' => 'gzip, deflate',
  'accept-language' => 'zh-CN,zh;q=0.8',
  'cookie' => 'pgv_pvi=6657261568; Huiskin=default',
)
[ info ] [ PARAM ] array (
)
[ info ] [ RUN ] app\admin\controller\Category->add[ D:\phpStudy\WWW\my project\webkit\application\admin\controller\Category.php ]
[ info ] [ DB ] INIT mysql
[ info ] [ LOG ] INIT File
[ sql ] [ DB ] CONNECT:[ UseTime:1.024482s ] mysql:dbname=my_o2o_table;host=localhost;port=3306;charset=utf8
[ sql ] [ SQL ] SHOW COLUMNS FROM `o2o_category` [ RunTime:0.013692s ]
[ sql ] [ SQL ] SELECT * FROM `o2o_category` WHERE  `status` = 1  AND `parent_id` = 0 ORDER BY `id`  desc [ RunTime:0.000956s ]
[ error ] [0]模板文件不存在:D:\phpStudy\WWW\my project\webkit\public/../application/admin\view\category\ .html[D:\phpStudy\WWW\my project\webkit\thinkphp\library\think\view\driver\Think.php:80]

---------------------------------------------------------------
[ 2017-12-18T11:33:59+08:00 ] 127.0.0.1 127.0.0.1 GET /index.php/admin/category/add.html
[ log ] o2o.ding.com/index.php/admin/category/add.html [运行时间：1.092812s][吞吐率：0.92req/s] [内存消耗：2,397.55kb] [文件加载：45]
[ info ] [ LANG ] D:\phpStudy\WWW\my project\webkit\thinkphp\lang\zh-cn.php
[ info ] [ ROUTE ] array (
  'type' => 'module',
  'module' => 
  array (
    0 => 'admin',
    1 => 'category',
    2 => 'add',
  ),
)
[ info ] [ HEADER ] array (
  'host' => 'o2o.ding.com',
  'connection' => 'keep-alive',
  'upgrade-insecure-requests' => '1',
  'user-agent' => 'Mozilla/5.0 (Windows NT 10.0; Win64; x64) AppleWebKit/537.36 (KHTML, like Gecko) Chrome/60.0.3112.113 Safari/537.36',
  'accept' => 'text/html,application/xhtml+xml,application/xml;q=0.9,image/webp,image/apng,*/*;q=0.8',
  'referer' => 'http://o2o.ding.com/index.php/admin/category/index.html',
  'accept-encoding' => 'gzip, deflate',
  'accept-language' => 'zh-CN,zh;q=0.8',
  'cookie' => 'pgv_pvi=6657261568; Huiskin=default',
)
[ info ] [ PARAM ] array (
)
[ info ] [ RUN ] app\admin\controller\Category->add[ D:\phpStudy\WWW\my project\webkit\application\admin\controller\Category.php ]
[ info ] [ DB ] INIT mysql
[ info ] [ LOG ] INIT File
[ sql ] [ DB ] CONNECT:[ UseTime:1.023402s ] mysql:dbname=my_o2o_table;host=localhost;port=3306;charset=utf8
[ sql ] [ SQL ] SHOW COLUMNS FROM `o2o_category` [ RunTime:0.012979s ]
[ sql ] [ SQL ] SELECT * FROM `o2o_category` WHERE  `status` = 1  AND `parent_id` = 0 ORDER BY `id`  desc [ RunTime:0.000870s ]
[ error ] [0]模板文件不存在:D:\phpStudy\WWW\my project\webkit\public/../application/admin\view\category\ .html[D:\phpStudy\WWW\my project\webkit\thinkphp\library\think\view\driver\Think.php:80]

---------------------------------------------------------------
[ 2017-12-18T11:35:14+08:00 ] 127.0.0.1 127.0.0.1 GET /index.php?s=admin
[ log ] o2o.ding.com/index.php?s=admin [运行时间：0.031210s][吞吐率：32.04req/s] [内存消耗：1,451.45kb] [文件加载：35]
[ info ] [ LANG ] D:\phpStudy\WWW\my project\webkit\thinkphp\lang\zh-cn.php
[ info ] [ ROUTE ] array (
  'type' => 'module',
  'module' => 
  array (
    0 => 'admin',
    1 => NULL,
    2 => NULL,
  ),
)
[ info ] [ HEADER ] array (
  'host' => 'o2o.ding.com',
  'connection' => 'keep-alive',
  'cache-control' => 'max-age=0',
  'upgrade-insecure-requests' => '1',
  'user-agent' => 'Mozilla/5.0 (Windows NT 10.0; Win64; x64) AppleWebKit/537.36 (KHTML, like Gecko) Chrome/60.0.3112.113 Safari/537.36',
  'accept' => 'text/html,application/xhtml+xml,application/xml;q=0.9,image/webp,image/apng,*/*;q=0.8',
  'accept-encoding' => 'gzip, deflate',
  'accept-language' => 'zh-CN,zh;q=0.8',
  'cookie' => 'pgv_pvi=6657261568; Huiskin=default',
)
[ info ] [ PARAM ] array (
)
[ info ] [ RUN ] app\admin\controller\Index->index[ D:\phpStudy\WWW\my project\webkit\application\admin\controller\Index.php ]
[ info ] [ VIEW ] D:\phpStudy\WWW\my project\webkit\public/../application/admin\view\index\index.html [ array (
) ]
[ info ] [ LOG ] INIT File

---------------------------------------------------------------
[ 2017-12-18T11:35:14+08:00 ] 127.0.0.1 127.0.0.1 GET /index.php/admin/index/welcome.html
[ log ] o2o.ding.com/index.php/admin/index/welcome.html [运行时间：0.031489s][吞吐率：31.76req/s] [内存消耗：1,378.63kb] [文件加载：33]
[ info ] [ LANG ] D:\phpStudy\WWW\my project\webkit\thinkphp\lang\zh-cn.php
[ info ] [ ROUTE ] array (
  'type' => 'module',
  'module' => 
  array (
    0 => 'admin',
    1 => 'index',
    2 => 'welcome',
  ),
)
[ info ] [ HEADER ] array (
  'host' => 'o2o.ding.com',
  'connection' => 'keep-alive',
  'upgrade-insecure-requests' => '1',
  'user-agent' => 'Mozilla/5.0 (Windows NT 10.0; Win64; x64) AppleWebKit/537.36 (KHTML, like Gecko) Chrome/60.0.3112.113 Safari/537.36',
  'accept' => 'text/html,application/xhtml+xml,application/xml;q=0.9,image/webp,image/apng,*/*;q=0.8',
  'referer' => 'http://o2o.ding.com/index.php?s=admin',
  'accept-encoding' => 'gzip, deflate',
  'accept-language' => 'zh-CN,zh;q=0.8',
  'cookie' => 'pgv_pvi=6657261568; Huiskin=default',
)
[ info ] [ PARAM ] array (
)
[ info ] [ RUN ] app\admin\controller\Index->welcome[ D:\phpStudy\WWW\my project\webkit\application\admin\controller\Index.php ]
[ info ] [ LOG ] INIT File

---------------------------------------------------------------
[ 2017-12-18T11:35:16+08:00 ] 127.0.0.1 127.0.0.1 GET /index.php/admin/category/index.html
[ log ] o2o.ding.com/index.php/admin/category/index.html [运行时间：0.029981s][吞吐率：33.35req/s] [内存消耗：1,454.10kb] [文件加载：35]
[ info ] [ LANG ] D:\phpStudy\WWW\my project\webkit\thinkphp\lang\zh-cn.php
[ info ] [ ROUTE ] array (
  'type' => 'module',
  'module' => 
  array (
    0 => 'admin',
    1 => 'category',
    2 => 'index',
  ),
)
[ info ] [ HEADER ] array (
  'host' => 'o2o.ding.com',
  'connection' => 'keep-alive',
  'upgrade-insecure-requests' => '1',
  'user-agent' => 'Mozilla/5.0 (Windows NT 10.0; Win64; x64) AppleWebKit/537.36 (KHTML, like Gecko) Chrome/60.0.3112.113 Safari/537.36',
  'accept' => 'text/html,application/xhtml+xml,application/xml;q=0.9,image/webp,image/apng,*/*;q=0.8',
  'referer' => 'http://o2o.ding.com/index.php?s=admin',
  'accept-encoding' => 'gzip, deflate',
  'accept-language' => 'zh-CN,zh;q=0.8',
  'cookie' => 'pgv_pvi=6657261568; Huiskin=default',
)
[ info ] [ PARAM ] array (
)
[ info ] [ RUN ] app\admin\controller\Category->index[ D:\phpStudy\WWW\my project\webkit\application\admin\controller\Category.php ]
[ info ] [ VIEW ] D:\phpStudy\WWW\my project\webkit\public/../application/admin\view\category\index.html [ array (
) ]
[ info ] [ LOG ] INIT File

---------------------------------------------------------------
[ 2017-12-18T11:35:18+08:00 ] 127.0.0.1 127.0.0.1 GET /index.php/admin/category/add.html
[ log ] o2o.ding.com/index.php/admin/category/add.html [运行时间：1.123144s][吞吐率：0.89req/s] [内存消耗：2,397.51kb] [文件加载：45]
[ info ] [ LANG ] D:\phpStudy\WWW\my project\webkit\thinkphp\lang\zh-cn.php
[ info ] [ ROUTE ] array (
  'type' => 'module',
  'module' => 
  array (
    0 => 'admin',
    1 => 'category',
    2 => 'add',
  ),
)
[ info ] [ HEADER ] array (
  'host' => 'o2o.ding.com',
  'connection' => 'keep-alive',
  'upgrade-insecure-requests' => '1',
  'user-agent' => 'Mozilla/5.0 (Windows NT 10.0; Win64; x64) AppleWebKit/537.36 (KHTML, like Gecko) Chrome/60.0.3112.113 Safari/537.36',
  'accept' => 'text/html,application/xhtml+xml,application/xml;q=0.9,image/webp,image/apng,*/*;q=0.8',
  'referer' => 'http://o2o.ding.com/index.php/admin/category/index.html',
  'accept-encoding' => 'gzip, deflate',
  'accept-language' => 'zh-CN,zh;q=0.8',
  'cookie' => 'pgv_pvi=6657261568; Huiskin=default',
)
[ info ] [ PARAM ] array (
)
[ info ] [ RUN ] app\admin\controller\Category->add[ D:\phpStudy\WWW\my project\webkit\application\admin\controller\Category.php ]
[ info ] [ DB ] INIT mysql
[ info ] [ LOG ] INIT File
[ sql ] [ DB ] CONNECT:[ UseTime:1.021687s ] mysql:dbname=my_o2o_table;host=localhost;port=3306;charset=utf8
[ sql ] [ SQL ] SHOW COLUMNS FROM `o2o_category` [ RunTime:0.051944s ]
[ sql ] [ SQL ] SELECT * FROM `o2o_category` WHERE  `status` = 1  AND `parent_id` = 0 ORDER BY `id`  desc [ RunTime:0.001290s ]
[ error ] [0]模板文件不存在:D:\phpStudy\WWW\my project\webkit\public/../application/admin\view\category\ .html[D:\phpStudy\WWW\my project\webkit\thinkphp\library\think\view\driver\Think.php:80]

---------------------------------------------------------------
[ 2017-12-18T11:38:58+08:00 ] 127.0.0.1 127.0.0.1 GET /index.php/admin/category/add.html
[ log ] o2o.ding.com/index.php/admin/category/add.html [运行时间：1.077845s][吞吐率：0.93req/s] [内存消耗：2,397.55kb] [文件加载：45]
[ info ] [ LANG ] D:\phpStudy\WWW\my project\webkit\thinkphp\lang\zh-cn.php
[ info ] [ ROUTE ] array (
  'type' => 'module',
  'module' => 
  array (
    0 => 'admin',
    1 => 'category',
    2 => 'add',
  ),
)
[ info ] [ HEADER ] array (
  'host' => 'o2o.ding.com',
  'connection' => 'keep-alive',
  'upgrade-insecure-requests' => '1',
  'user-agent' => 'Mozilla/5.0 (Windows NT 10.0; Win64; x64) AppleWebKit/537.36 (KHTML, like Gecko) Chrome/60.0.3112.113 Safari/537.36',
  'accept' => 'text/html,application/xhtml+xml,application/xml;q=0.9,image/webp,image/apng,*/*;q=0.8',
  'referer' => 'http://o2o.ding.com/index.php/admin/category/index.html',
  'accept-encoding' => 'gzip, deflate',
  'accept-language' => 'zh-CN,zh;q=0.8',
  'cookie' => 'pgv_pvi=6657261568; Huiskin=default',
)
[ info ] [ PARAM ] array (
)
[ info ] [ RUN ] app\admin\controller\Category->add[ D:\phpStudy\WWW\my project\webkit\application\admin\controller\Category.php ]
[ info ] [ DB ] INIT mysql
[ info ] [ LOG ] INIT File
[ sql ] [ DB ] CONNECT:[ UseTime:1.013219s ] mysql:dbname=my_o2o_table;host=localhost;port=3306;charset=utf8
[ sql ] [ SQL ] SHOW COLUMNS FROM `o2o_category` [ RunTime:0.012989s ]
[ sql ] [ SQL ] SELECT * FROM `o2o_category` WHERE  `status` = 1  AND `parent_id` = 0 ORDER BY `id`  desc [ RunTime:0.000875s ]
[ error ] [0]模板文件不存在:D:\phpStudy\WWW\my project\webkit\public/../application/admin\view\category\ .html[D:\phpStudy\WWW\my project\webkit\thinkphp\library\think\view\driver\Think.php:80]

---------------------------------------------------------------
[ 2017-12-18T11:42:18+08:00 ] 127.0.0.1 127.0.0.1 GET /index.php?s=admin
[ log ] o2o.ding.com/index.php?s=admin [运行时间：0.034210s][吞吐率：29.23req/s] [内存消耗：1,451.45kb] [文件加载：35]
[ info ] [ LANG ] D:\phpStudy\WWW\my project\webkit\thinkphp\lang\zh-cn.php
[ info ] [ ROUTE ] array (
  'type' => 'module',
  'module' => 
  array (
    0 => 'admin',
    1 => NULL,
    2 => NULL,
  ),
)
[ info ] [ HEADER ] array (
  'host' => 'o2o.ding.com',
  'connection' => 'keep-alive',
  'cache-control' => 'max-age=0',
  'upgrade-insecure-requests' => '1',
  'user-agent' => 'Mozilla/5.0 (Windows NT 10.0; Win64; x64) AppleWebKit/537.36 (KHTML, like Gecko) Chrome/60.0.3112.113 Safari/537.36',
  'accept' => 'text/html,application/xhtml+xml,application/xml;q=0.9,image/webp,image/apng,*/*;q=0.8',
  'accept-encoding' => 'gzip, deflate',
  'accept-language' => 'zh-CN,zh;q=0.8',
  'cookie' => 'pgv_pvi=6657261568; Huiskin=default',
)
[ info ] [ PARAM ] array (
)
[ info ] [ RUN ] app\admin\controller\Index->index[ D:\phpStudy\WWW\my project\webkit\application\admin\controller\Index.php ]
[ info ] [ VIEW ] D:\phpStudy\WWW\my project\webkit\public/../application/admin\view\index\index.html [ array (
) ]
[ info ] [ LOG ] INIT File

---------------------------------------------------------------
[ 2017-12-18T11:42:18+08:00 ] 127.0.0.1 127.0.0.1 GET /index.php/admin/index/welcome.html
[ log ] o2o.ding.com/index.php/admin/index/welcome.html [运行时间：0.031815s][吞吐率：31.43req/s] [内存消耗：1,378.63kb] [文件加载：33]
[ info ] [ LANG ] D:\phpStudy\WWW\my project\webkit\thinkphp\lang\zh-cn.php
[ info ] [ ROUTE ] array (
  'type' => 'module',
  'module' => 
  array (
    0 => 'admin',
    1 => 'index',
    2 => 'welcome',
  ),
)
[ info ] [ HEADER ] array (
  'host' => 'o2o.ding.com',
  'connection' => 'keep-alive',
  'upgrade-insecure-requests' => '1',
  'user-agent' => 'Mozilla/5.0 (Windows NT 10.0; Win64; x64) AppleWebKit/537.36 (KHTML, like Gecko) Chrome/60.0.3112.113 Safari/537.36',
  'accept' => 'text/html,application/xhtml+xml,application/xml;q=0.9,image/webp,image/apng,*/*;q=0.8',
  'referer' => 'http://o2o.ding.com/index.php?s=admin',
  'accept-encoding' => 'gzip, deflate',
  'accept-language' => 'zh-CN,zh;q=0.8',
  'cookie' => 'pgv_pvi=6657261568; Huiskin=default',
)
[ info ] [ PARAM ] array (
)
[ info ] [ RUN ] app\admin\controller\Index->welcome[ D:\phpStudy\WWW\my project\webkit\application\admin\controller\Index.php ]
[ info ] [ LOG ] INIT File

---------------------------------------------------------------
[ 2017-12-18T11:42:19+08:00 ] 127.0.0.1 127.0.0.1 GET /index.php/admin/category/index.html
[ log ] o2o.ding.com/index.php/admin/category/index.html [运行时间：0.029185s][吞吐率：34.26req/s] [内存消耗：1,454.10kb] [文件加载：35]
[ info ] [ LANG ] D:\phpStudy\WWW\my project\webkit\thinkphp\lang\zh-cn.php
[ info ] [ ROUTE ] array (
  'type' => 'module',
  'module' => 
  array (
    0 => 'admin',
    1 => 'category',
    2 => 'index',
  ),
)
[ info ] [ HEADER ] array (
  'host' => 'o2o.ding.com',
  'connection' => 'keep-alive',
  'upgrade-insecure-requests' => '1',
  'user-agent' => 'Mozilla/5.0 (Windows NT 10.0; Win64; x64) AppleWebKit/537.36 (KHTML, like Gecko) Chrome/60.0.3112.113 Safari/537.36',
  'accept' => 'text/html,application/xhtml+xml,application/xml;q=0.9,image/webp,image/apng,*/*;q=0.8',
  'referer' => 'http://o2o.ding.com/index.php?s=admin',
  'accept-encoding' => 'gzip, deflate',
  'accept-language' => 'zh-CN,zh;q=0.8',
  'cookie' => 'pgv_pvi=6657261568; Huiskin=default',
)
[ info ] [ PARAM ] array (
)
[ info ] [ RUN ] app\admin\controller\Category->index[ D:\phpStudy\WWW\my project\webkit\application\admin\controller\Category.php ]
[ info ] [ VIEW ] D:\phpStudy\WWW\my project\webkit\public/../application/admin\view\category\index.html [ array (
) ]
[ info ] [ LOG ] INIT File

---------------------------------------------------------------
[ 2017-12-18T11:42:22+08:00 ] 127.0.0.1 127.0.0.1 GET /index.php/admin/category/add.html
[ log ] o2o.ding.com/index.php/admin/category/add.html [运行时间：1.086117s][吞吐率：0.92req/s] [内存消耗：2,397.54kb] [文件加载：45]
[ info ] [ LANG ] D:\phpStudy\WWW\my project\webkit\thinkphp\lang\zh-cn.php
[ info ] [ ROUTE ] array (
  'type' => 'module',
  'module' => 
  array (
    0 => 'admin',
    1 => 'category',
    2 => 'add',
  ),
)
[ info ] [ HEADER ] array (
  'host' => 'o2o.ding.com',
  'connection' => 'keep-alive',
  'upgrade-insecure-requests' => '1',
  'user-agent' => 'Mozilla/5.0 (Windows NT 10.0; Win64; x64) AppleWebKit/537.36 (KHTML, like Gecko) Chrome/60.0.3112.113 Safari/537.36',
  'accept' => 'text/html,application/xhtml+xml,application/xml;q=0.9,image/webp,image/apng,*/*;q=0.8',
  'referer' => 'http://o2o.ding.com/index.php/admin/category/index.html',
  'accept-encoding' => 'gzip, deflate',
  'accept-language' => 'zh-CN,zh;q=0.8',
  'cookie' => 'pgv_pvi=6657261568; Huiskin=default',
)
[ info ] [ PARAM ] array (
)
[ info ] [ RUN ] app\admin\controller\Category->add[ D:\phpStudy\WWW\my project\webkit\application\admin\controller\Category.php ]
[ info ] [ DB ] INIT mysql
[ info ] [ LOG ] INIT File
[ sql ] [ DB ] CONNECT:[ UseTime:1.023193s ] mysql:dbname=my_o2o_table;host=localhost;port=3306;charset=utf8
[ sql ] [ SQL ] SHOW COLUMNS FROM `o2o_category` [ RunTime:0.013319s ]
[ sql ] [ SQL ] SELECT * FROM `o2o_category` WHERE  `status` = 1  AND `parent_id` = 0 ORDER BY `id`  desc [ RunTime:0.001008s ]
[ error ] [0]模板文件不存在:D:\phpStudy\WWW\my project\webkit\public/../application/admin\view\category\ .html[D:\phpStudy\WWW\my project\webkit\thinkphp\library\think\view\driver\Think.php:80]

---------------------------------------------------------------
[ 2017-12-18T11:44:26+08:00 ] 127.0.0.1 127.0.0.1 GET /index.php?s=admin
[ log ] o2o.ding.com/index.php?s=admin [运行时间：0.034603s][吞吐率：28.90req/s] [内存消耗：1,451.45kb] [文件加载：35]
[ info ] [ LANG ] D:\phpStudy\WWW\my project\webkit\thinkphp\lang\zh-cn.php
[ info ] [ ROUTE ] array (
  'type' => 'module',
  'module' => 
  array (
    0 => 'admin',
    1 => NULL,
    2 => NULL,
  ),
)
[ info ] [ HEADER ] array (
  'host' => 'o2o.ding.com',
  'connection' => 'keep-alive',
  'cache-control' => 'max-age=0',
  'upgrade-insecure-requests' => '1',
  'user-agent' => 'Mozilla/5.0 (Windows NT 10.0; Win64; x64) AppleWebKit/537.36 (KHTML, like Gecko) Chrome/60.0.3112.113 Safari/537.36',
  'accept' => 'text/html,application/xhtml+xml,application/xml;q=0.9,image/webp,image/apng,*/*;q=0.8',
  'accept-encoding' => 'gzip, deflate',
  'accept-language' => 'zh-CN,zh;q=0.8',
  'cookie' => 'pgv_pvi=6657261568; Huiskin=default',
)
[ info ] [ PARAM ] array (
)
[ info ] [ RUN ] app\admin\controller\Index->index[ D:\phpStudy\WWW\my project\webkit\application\admin\controller\Index.php ]
[ info ] [ VIEW ] D:\phpStudy\WWW\my project\webkit\public/../application/admin\view\index\index.html [ array (
) ]
[ info ] [ LOG ] INIT File

---------------------------------------------------------------
[ 2017-12-18T11:44:26+08:00 ] 127.0.0.1 127.0.0.1 GET /index.php/admin/index/welcome.html
[ log ] o2o.ding.com/index.php/admin/index/welcome.html [运行时间：0.030729s][吞吐率：32.54req/s] [内存消耗：1,378.63kb] [文件加载：33]
[ info ] [ LANG ] D:\phpStudy\WWW\my project\webkit\thinkphp\lang\zh-cn.php
[ info ] [ ROUTE ] array (
  'type' => 'module',
  'module' => 
  array (
    0 => 'admin',
    1 => 'index',
    2 => 'welcome',
  ),
)
[ info ] [ HEADER ] array (
  'host' => 'o2o.ding.com',
  'connection' => 'keep-alive',
  'upgrade-insecure-requests' => '1',
  'user-agent' => 'Mozilla/5.0 (Windows NT 10.0; Win64; x64) AppleWebKit/537.36 (KHTML, like Gecko) Chrome/60.0.3112.113 Safari/537.36',
  'accept' => 'text/html,application/xhtml+xml,application/xml;q=0.9,image/webp,image/apng,*/*;q=0.8',
  'referer' => 'http://o2o.ding.com/index.php?s=admin',
  'accept-encoding' => 'gzip, deflate',
  'accept-language' => 'zh-CN,zh;q=0.8',
  'cookie' => 'pgv_pvi=6657261568; Huiskin=default',
)
[ info ] [ PARAM ] array (
)
[ info ] [ RUN ] app\admin\controller\Index->welcome[ D:\phpStudy\WWW\my project\webkit\application\admin\controller\Index.php ]
[ info ] [ LOG ] INIT File

---------------------------------------------------------------
[ 2017-12-18T11:44:27+08:00 ] 127.0.0.1 127.0.0.1 GET /index.php/admin/category/index.html
[ log ] o2o.ding.com/index.php/admin/category/index.html [运行时间：0.028282s][吞吐率：35.36req/s] [内存消耗：1,454.10kb] [文件加载：35]
[ info ] [ LANG ] D:\phpStudy\WWW\my project\webkit\thinkphp\lang\zh-cn.php
[ info ] [ ROUTE ] array (
  'type' => 'module',
  'module' => 
  array (
    0 => 'admin',
    1 => 'category',
    2 => 'index',
  ),
)
[ info ] [ HEADER ] array (
  'host' => 'o2o.ding.com',
  'connection' => 'keep-alive',
  'upgrade-insecure-requests' => '1',
  'user-agent' => 'Mozilla/5.0 (Windows NT 10.0; Win64; x64) AppleWebKit/537.36 (KHTML, like Gecko) Chrome/60.0.3112.113 Safari/537.36',
  'accept' => 'text/html,application/xhtml+xml,application/xml;q=0.9,image/webp,image/apng,*/*;q=0.8',
  'referer' => 'http://o2o.ding.com/index.php?s=admin',
  'accept-encoding' => 'gzip, deflate',
  'accept-language' => 'zh-CN,zh;q=0.8',
  'cookie' => 'pgv_pvi=6657261568; Huiskin=default',
)
[ info ] [ PARAM ] array (
)
[ info ] [ RUN ] app\admin\controller\Category->index[ D:\phpStudy\WWW\my project\webkit\application\admin\controller\Category.php ]
[ info ] [ VIEW ] D:\phpStudy\WWW\my project\webkit\public/../application/admin\view\category\index.html [ array (
) ]
[ info ] [ LOG ] INIT File

---------------------------------------------------------------
[ 2017-12-18T11:44:29+08:00 ] 127.0.0.1 127.0.0.1 GET /index.php/admin/category/add.html
[ log ] o2o.ding.com/index.php/admin/category/add.html [运行时间：1.087500s][吞吐率：0.92req/s] [内存消耗：2,587.48kb] [文件加载：46]
[ info ] [ LANG ] D:\phpStudy\WWW\my project\webkit\thinkphp\lang\zh-cn.php
[ info ] [ ROUTE ] array (
  'type' => 'module',
  'module' => 
  array (
    0 => 'admin',
    1 => 'category',
    2 => 'add',
  ),
)
[ info ] [ HEADER ] array (
  'host' => 'o2o.ding.com',
  'connection' => 'keep-alive',
  'upgrade-insecure-requests' => '1',
  'user-agent' => 'Mozilla/5.0 (Windows NT 10.0; Win64; x64) AppleWebKit/537.36 (KHTML, like Gecko) Chrome/60.0.3112.113 Safari/537.36',
  'accept' => 'text/html,application/xhtml+xml,application/xml;q=0.9,image/webp,image/apng,*/*;q=0.8',
  'referer' => 'http://o2o.ding.com/index.php/admin/category/index.html',
  'accept-encoding' => 'gzip, deflate',
  'accept-language' => 'zh-CN,zh;q=0.8',
  'cookie' => 'pgv_pvi=6657261568; Huiskin=default',
)
[ info ] [ PARAM ] array (
)
[ info ] [ RUN ] app\admin\controller\Category->add[ D:\phpStudy\WWW\my project\webkit\application\admin\controller\Category.php ]
[ info ] [ DB ] INIT mysql
[ info ] [ VIEW ] D:\phpStudy\WWW\my project\webkit\public/../application/admin\view\category\add.html [ array (
  0 => 'categorys',
) ]
[ info ] [ LOG ] INIT File
[ sql ] [ DB ] CONNECT:[ UseTime:1.023153s ] mysql:dbname=my_o2o_table;host=localhost;port=3306;charset=utf8
[ sql ] [ SQL ] SHOW COLUMNS FROM `o2o_category` [ RunTime:0.013662s ]
[ sql ] [ SQL ] SELECT * FROM `o2o_category` WHERE  `status` = 1  AND `parent_id` = 0 ORDER BY `id`  desc [ RunTime:0.000896s ]

---------------------------------------------------------------
[ 2017-12-18T14:45:21+08:00 ] 127.0.0.1 127.0.0.1 POST /index.php/admin/category/save.html
[ log ] o2o.ding.com/index.php/admin/category/save.html [运行时间：0.033976s][吞吐率：29.43req/s] [内存消耗：1,579.48kb] [文件加载：37]
[ info ] [ LANG ] D:\phpStudy\WWW\my project\webkit\thinkphp\lang\zh-cn.php
[ info ] [ ROUTE ] array (
  'type' => 'module',
  'module' => 
  array (
    0 => 'admin',
    1 => 'category',
    2 => 'save',
  ),
)
[ info ] [ HEADER ] array (
  'host' => 'o2o.ding.com',
  'connection' => 'keep-alive',
  'content-length' => '53',
  'cache-control' => 'max-age=0',
  'origin' => 'http://o2o.ding.com',
  'upgrade-insecure-requests' => '1',
  'user-agent' => 'Mozilla/5.0 (Windows NT 10.0; Win64; x64) AppleWebKit/537.36 (KHTML, like Gecko) Chrome/60.0.3112.113 Safari/537.36',
  'content-type' => 'application/x-www-form-urlencoded',
  'accept' => 'text/html,application/xhtml+xml,application/xml;q=0.9,image/webp,image/apng,*/*;q=0.8',
  'referer' => 'http://o2o.ding.com/index.php/admin/category/add.html',
  'accept-encoding' => 'gzip, deflate',
  'accept-language' => 'zh-CN,zh;q=0.8',
  'cookie' => 'pgv_pvi=6657261568; Huiskin=default',
)
[ info ] [ PARAM ] array (
  'name' => '小类别一',
  'parent_id' => '1',
)
[ info ] [ RUN ] app\admin\controller\Category->save[ D:\phpStudy\WWW\my project\webkit\application\admin\controller\Category.php ]
[ info ] [ VIEW ] D:\phpStudy\WWW\my project\webkit\thinkphp\tpl\dispatch_jump.tpl [ array (
  0 => 'code',
  1 => 'msg',
  2 => 'data',
  3 => 'url',
  4 => 'wait',
) ]
[ info ] [ LOG ] INIT File

---------------------------------------------------------------
[ 2017-12-18T14:45:30+08:00 ] 127.0.0.1 127.0.0.1 POST /index.php/admin/category/save.html
[ log ] o2o.ding.com/index.php/admin/category/save.html [运行时间：1.151851s][吞吐率：0.87req/s] [内存消耗：2,542.21kb] [文件加载：46]
[ info ] [ LANG ] D:\phpStudy\WWW\my project\webkit\thinkphp\lang\zh-cn.php
[ info ] [ ROUTE ] array (
  'type' => 'module',
  'module' => 
  array (
    0 => 'admin',
    1 => 'category',
    2 => 'save',
  ),
)
[ info ] [ HEADER ] array (
  'host' => 'o2o.ding.com',
  'connection' => 'keep-alive',
  'content-length' => '44',
  'cache-control' => 'max-age=0',
  'origin' => 'http://o2o.ding.com',
  'upgrade-insecure-requests' => '1',
  'user-agent' => 'Mozilla/5.0 (Windows NT 10.0; Win64; x64) AppleWebKit/537.36 (KHTML, like Gecko) Chrome/60.0.3112.113 Safari/537.36',
  'content-type' => 'application/x-www-form-urlencoded',
  'accept' => 'text/html,application/xhtml+xml,application/xml;q=0.9,image/webp,image/apng,*/*;q=0.8',
  'referer' => 'http://o2o.ding.com/index.php/admin/category/add.html',
  'accept-encoding' => 'gzip, deflate',
  'accept-language' => 'zh-CN,zh;q=0.8',
  'cookie' => 'pgv_pvi=6657261568; Huiskin=default',
)
[ info ] [ PARAM ] array (
  'name' => '小类一',
  'parent_id' => '1',
)
[ info ] [ RUN ] app\admin\controller\Category->save[ D:\phpStudy\WWW\my project\webkit\application\admin\controller\Category.php ]
[ info ] [ DB ] INIT mysql
[ info ] [ VIEW ] D:\phpStudy\WWW\my project\webkit\thinkphp\tpl\dispatch_jump.tpl [ array (
  0 => 'code',
  1 => 'msg',
  2 => 'data',
  3 => 'url',
  4 => 'wait',
) ]
[ info ] [ LOG ] INIT File
[ sql ] [ DB ] CONNECT:[ UseTime:1.024396s ] mysql:dbname=my_o2o_table;host=localhost;port=3306;charset=utf8
[ sql ] [ SQL ] SHOW COLUMNS FROM `o2o_category` [ RunTime:0.012073s ]
[ sql ] [ SQL ] INSERT INTO `o2o_category` (`name` , `parent_id` , `status` , `update_time` , `create_time`) VALUES ('小类一' , 1 , 1 , 1513579529 , 1513579529) [ RunTime:0.064355s ]

---------------------------------------------------------------
[ 2017-12-18T14:45:34+08:00 ] 127.0.0.1 127.0.0.1 GET /index.php/admin/category/add.html
[ log ] o2o.ding.com/index.php/admin/category/add.html [运行时间：1.070745s][吞吐率：0.93req/s] [内存消耗：2,426.55kb] [文件加载：44]
[ info ] [ LANG ] D:\phpStudy\WWW\my project\webkit\thinkphp\lang\zh-cn.php
[ info ] [ ROUTE ] array (
  'type' => 'module',
  'module' => 
  array (
    0 => 'admin',
    1 => 'category',
    2 => 'add',
  ),
)
[ info ] [ HEADER ] array (
  'host' => 'o2o.ding.com',
  'connection' => 'keep-alive',
  'upgrade-insecure-requests' => '1',
  'user-agent' => 'Mozilla/5.0 (Windows NT 10.0; Win64; x64) AppleWebKit/537.36 (KHTML, like Gecko) Chrome/60.0.3112.113 Safari/537.36',
  'accept' => 'text/html,application/xhtml+xml,application/xml;q=0.9,image/webp,image/apng,*/*;q=0.8',
  'referer' => 'http://o2o.ding.com/index.php/admin/category/save.html',
  'accept-encoding' => 'gzip, deflate',
  'accept-language' => 'zh-CN,zh;q=0.8',
  'cookie' => 'pgv_pvi=6657261568; Huiskin=default',
)
[ info ] [ PARAM ] array (
)
[ info ] [ RUN ] app\admin\controller\Category->add[ D:\phpStudy\WWW\my project\webkit\application\admin\controller\Category.php ]
[ info ] [ DB ] INIT mysql
[ info ] [ VIEW ] D:\phpStudy\WWW\my project\webkit\public/../application/admin\view\category\add.html [ array (
  0 => 'categorys',
) ]
[ info ] [ LOG ] INIT File
[ sql ] [ DB ] CONNECT:[ UseTime:1.012656s ] mysql:dbname=my_o2o_table;host=localhost;port=3306;charset=utf8
[ sql ] [ SQL ] SHOW COLUMNS FROM `o2o_category` [ RunTime:0.012403s ]
[ sql ] [ SQL ] SELECT * FROM `o2o_category` WHERE  `status` = 1  AND `parent_id` = 0 ORDER BY `id`  desc [ RunTime:0.001041s ]

---------------------------------------------------------------
[ 2017-12-18T14:52:19+08:00 ] 127.0.0.1 127.0.0.1 POST /index.php/admin/category/save.html
[ log ] o2o.ding.com/index.php/admin/category/save.html [运行时间：1.125899s][吞吐率：0.89req/s] [内存消耗：2,542.49kb] [文件加载：46]
[ info ] [ LANG ] D:\phpStudy\WWW\my project\webkit\thinkphp\lang\zh-cn.php
[ info ] [ ROUTE ] array (
  'type' => 'module',
  'module' => 
  array (
    0 => 'admin',
    1 => 'category',
    2 => 'save',
  ),
)
[ info ] [ HEADER ] array (
  'host' => 'o2o.ding.com',
  'connection' => 'keep-alive',
  'content-length' => '44',
  'cache-control' => 'max-age=0',
  'origin' => 'http://o2o.ding.com',
  'upgrade-insecure-requests' => '1',
  'user-agent' => 'Mozilla/5.0 (Windows NT 10.0; Win64; x64) AppleWebKit/537.36 (KHTML, like Gecko) Chrome/60.0.3112.113 Safari/537.36',
  'content-type' => 'application/x-www-form-urlencoded',
  'accept' => 'text/html,application/xhtml+xml,application/xml;q=0.9,image/webp,image/apng,*/*;q=0.8',
  'referer' => 'http://o2o.ding.com/index.php/admin/category/add.html',
  'accept-encoding' => 'gzip, deflate',
  'accept-language' => 'zh-CN,zh;q=0.8',
  'cookie' => 'pgv_pvi=6657261568; Huiskin=default',
)
[ info ] [ PARAM ] array (
  'name' => '小类二',
  'parent_id' => '1',
)
[ info ] [ RUN ] app\admin\controller\Category->save[ D:\phpStudy\WWW\my project\webkit\application\admin\controller\Category.php ]
[ info ] [ DB ] INIT mysql
[ info ] [ VIEW ] D:\phpStudy\WWW\my project\webkit\thinkphp\tpl\dispatch_jump.tpl [ array (
  0 => 'code',
  1 => 'msg',
  2 => 'data',
  3 => 'url',
  4 => 'wait',
) ]
[ info ] [ LOG ] INIT File
[ sql ] [ DB ] CONNECT:[ UseTime:1.004115s ] mysql:dbname=my_o2o_table;host=localhost;port=3306;charset=utf8
[ sql ] [ SQL ] SHOW COLUMNS FROM `o2o_category` [ RunTime:0.012155s ]
[ sql ] [ SQL ] INSERT INTO `o2o_category` (`name` , `parent_id` , `status` , `update_time` , `create_time`) VALUES ('小类二' , 1 , 1 , 1513579938 , 1513579938) [ RunTime:0.060832s ]

---------------------------------------------------------------
[ 2017-12-18T14:52:23+08:00 ] 127.0.0.1 127.0.0.1 GET /index.php/admin/category/add.html
[ log ] o2o.ding.com/index.php/admin/category/add.html [运行时间：1.080587s][吞吐率：0.93req/s] [内存消耗：2,426.88kb] [文件加载：44]
[ info ] [ LANG ] D:\phpStudy\WWW\my project\webkit\thinkphp\lang\zh-cn.php
[ info ] [ ROUTE ] array (
  'type' => 'module',
  'module' => 
  array (
    0 => 'admin',
    1 => 'category',
    2 => 'add',
  ),
)
[ info ] [ HEADER ] array (
  'host' => 'o2o.ding.com',
  'connection' => 'keep-alive',
  'upgrade-insecure-requests' => '1',
  'user-agent' => 'Mozilla/5.0 (Windows NT 10.0; Win64; x64) AppleWebKit/537.36 (KHTML, like Gecko) Chrome/60.0.3112.113 Safari/537.36',
  'accept' => 'text/html,application/xhtml+xml,application/xml;q=0.9,image/webp,image/apng,*/*;q=0.8',
  'referer' => 'http://o2o.ding.com/index.php/admin/category/save.html',
  'accept-encoding' => 'gzip, deflate',
  'accept-language' => 'zh-CN,zh;q=0.8',
  'cookie' => 'pgv_pvi=6657261568; Huiskin=default',
)
[ info ] [ PARAM ] array (
)
[ info ] [ RUN ] app\admin\controller\Category->add[ D:\phpStudy\WWW\my project\webkit\application\admin\controller\Category.php ]
[ info ] [ DB ] INIT mysql
[ info ] [ VIEW ] D:\phpStudy\WWW\my project\webkit\public/../application/admin\view\category\add.html [ array (
  0 => 'categorys',
) ]
[ info ] [ LOG ] INIT File
[ sql ] [ DB ] CONNECT:[ UseTime:1.023527s ] mysql:dbname=my_o2o_table;host=localhost;port=3306;charset=utf8
[ sql ] [ SQL ] SHOW COLUMNS FROM `o2o_category` [ RunTime:0.011767s ]
[ sql ] [ SQL ] SELECT * FROM `o2o_category` WHERE  `status` = 1  AND `parent_id` = 0 ORDER BY `id`  desc [ RunTime:0.001196s ]

---------------------------------------------------------------
