[ 2017-12-28T10:22:50+08:00 ] 127.0.0.1 127.0.0.1 GET /index.php/bis/register/index.html
[ log ] o2o.ding.com/index.php/bis/register/index.html [运行时间：1.917742s][吞吐率：0.52req/s] [内存消耗：2,490.23kb] [文件加载：47]
[ info ] [ LANG ] D:\phpStudy\WWW\my project\webkit\thinkphp\lang\zh-cn.php
[ info ] [ ROUTE ] array (
  'type' => 'module',
  'module' => 
  array (
    0 => 'bis',
    1 => 'register',
    2 => 'index',
  ),
)
[ info ] [ HEADER ] array (
  'host' => 'o2o.ding.com',
  'connection' => 'keep-alive',
  'user-agent' => 'Mozilla/5.0 (Windows NT 10.0; Win64; x64) AppleWebKit/537.36 (KHTML, like Gecko) Chrome/63.0.3239.108 Safari/537.36',
  'upgrade-insecure-requests' => '1',
  'accept' => 'text/html,application/xhtml+xml,application/xml;q=0.9,image/webp,image/apng,*/*;q=0.8',
  'accept-encoding' => 'gzip, deflate',
  'accept-language' => 'zh-CN,zh;q=0.9',
)
[ info ] [ PARAM ] array (
)
[ info ] [ RUN ] app\bis\controller\Register->index[ D:\phpStudy\WWW\my project\webkit\application\bis\controller\Register.php ]
[ info ] [ DB ] INIT mysql
[ info ] [ VIEW ] D:\phpStudy\WWW\my project\webkit\public/../application/bis\view\register\index.html [ array (
  0 => 'citys',
  1 => 'categorys',
) ]
[ info ] [ LOG ] INIT File
[ sql ] [ DB ] CONNECT:[ UseTime:1.048968s ] mysql:dbname=my_o2o_table;host=localhost;port=3306;charset=utf8
[ sql ] [ SQL ] SHOW COLUMNS FROM `o2o_city` [ RunTime:0.112616s ]
[ sql ] [ SQL ] SELECT * FROM `o2o_city` WHERE  `status` = 1  AND `parent_id` = 0 ORDER BY `id`  desc [ RunTime:0.022375s ]
[ sql ] [ SQL ] SHOW COLUMNS FROM `o2o_category` [ RunTime:0.049001s ]
[ sql ] [ SQL ] SELECT * FROM `o2o_category` WHERE  `status` = 1  AND `parent_id` = 0 ORDER BY `id`  desc [ RunTime:0.000821s ]

---------------------------------------------------------------
[ 2017-12-28T10:22:53+08:00 ] 127.0.0.1 127.0.0.1 GET /index.php/bis/register/
[ log ] o2o.ding.com/index.php/bis/register/ [运行时间：1.083749s][吞吐率：0.92req/s] [内存消耗：2,490.55kb] [文件加载：47]
[ info ] [ LANG ] D:\phpStudy\WWW\my project\webkit\thinkphp\lang\zh-cn.php
[ info ] [ ROUTE ] array (
  'type' => 'module',
  'module' => 
  array (
    0 => 'bis',
    1 => 'register',
    2 => NULL,
  ),
)
[ info ] [ HEADER ] array (
  'host' => 'o2o.ding.com',
  'connection' => 'keep-alive',
  'user-agent' => 'Mozilla/5.0 (Windows NT 10.0; Win64; x64) AppleWebKit/537.36 (KHTML, like Gecko) Chrome/63.0.3239.108 Safari/537.36',
  'x-requested-with' => 'ShockwaveFlash/28.0.0.126',
  'accept' => '*/*',
  'referer' => 'http://o2o.ding.com/index.php/bis/register/index.html',
  'accept-encoding' => 'gzip, deflate',
  'accept-language' => 'zh-CN,zh;q=0.9',
)
[ info ] [ PARAM ] array (
)
[ info ] [ RUN ] app\bis\controller\Register->index[ D:\phpStudy\WWW\my project\webkit\application\bis\controller\Register.php ]
[ info ] [ DB ] INIT mysql
[ info ] [ VIEW ] D:\phpStudy\WWW\my project\webkit\public/../application/bis\view\register\index.html [ array (
  0 => 'citys',
  1 => 'categorys',
) ]
[ info ] [ LOG ] INIT File
[ sql ] [ DB ] CONNECT:[ UseTime:1.006062s ] mysql:dbname=my_o2o_table;host=localhost;port=3306;charset=utf8
[ sql ] [ SQL ] SHOW COLUMNS FROM `o2o_city` [ RunTime:0.011821s ]
[ sql ] [ SQL ] SELECT * FROM `o2o_city` WHERE  `status` = 1  AND `parent_id` = 0 ORDER BY `id`  desc [ RunTime:0.000964s ]
[ sql ] [ SQL ] SHOW COLUMNS FROM `o2o_category` [ RunTime:0.012824s ]
[ sql ] [ SQL ] SELECT * FROM `o2o_category` WHERE  `status` = 1  AND `parent_id` = 0 ORDER BY `id`  desc [ RunTime:0.000861s ]

---------------------------------------------------------------
[ 2017-12-28T10:22:53+08:00 ] 127.0.0.1 127.0.0.1 GET /index.php/bis/register/
[ log ] o2o.ding.com/index.php/bis/register/ [运行时间：1.092340s][吞吐率：0.92req/s] [内存消耗：2,490.45kb] [文件加载：47]
[ info ] [ LANG ] D:\phpStudy\WWW\my project\webkit\thinkphp\lang\zh-cn.php
[ info ] [ ROUTE ] array (
  'type' => 'module',
  'module' => 
  array (
    0 => 'bis',
    1 => 'register',
    2 => NULL,
  ),
)
[ info ] [ HEADER ] array (
  'host' => 'o2o.ding.com',
  'connection' => 'keep-alive',
  'user-agent' => 'Mozilla/5.0 (Windows NT 10.0; Win64; x64) AppleWebKit/537.36 (KHTML, like Gecko) Chrome/63.0.3239.108 Safari/537.36',
  'x-requested-with' => 'ShockwaveFlash/28.0.0.126',
  'accept' => '*/*',
  'referer' => 'http://o2o.ding.com/index.php/bis/register/index.html',
  'accept-encoding' => 'gzip, deflate',
  'accept-language' => 'zh-CN,zh;q=0.9',
)
[ info ] [ PARAM ] array (
)
[ info ] [ RUN ] app\bis\controller\Register->index[ D:\phpStudy\WWW\my project\webkit\application\bis\controller\Register.php ]
[ info ] [ DB ] INIT mysql
[ info ] [ VIEW ] D:\phpStudy\WWW\my project\webkit\public/../application/bis\view\register\index.html [ array (
  0 => 'citys',
  1 => 'categorys',
) ]
[ info ] [ LOG ] INIT File
[ sql ] [ DB ] CONNECT:[ UseTime:1.016135s ] mysql:dbname=my_o2o_table;host=localhost;port=3306;charset=utf8
[ sql ] [ SQL ] SHOW COLUMNS FROM `o2o_city` [ RunTime:0.011614s ]
[ sql ] [ SQL ] SELECT * FROM `o2o_city` WHERE  `status` = 1  AND `parent_id` = 0 ORDER BY `id`  desc [ RunTime:0.001326s ]
[ sql ] [ SQL ] SHOW COLUMNS FROM `o2o_category` [ RunTime:0.009887s ]
[ sql ] [ SQL ] SELECT * FROM `o2o_category` WHERE  `status` = 1  AND `parent_id` = 0 ORDER BY `id`  desc [ RunTime:0.001237s ]

---------------------------------------------------------------
[ 2017-12-28T10:23:11+08:00 ] 127.0.0.1 127.0.0.1 POST /index.php/api/city/getcitysbyparentid.html
[ log ] o2o.ding.com/index.php/api/city/getcitysbyparentid.html [运行时间：1.144146s][吞吐率：0.87req/s] [内存消耗：2,366.98kb] [文件加载：45]
[ info ] [ LANG ] D:\phpStudy\WWW\my project\webkit\thinkphp\lang\zh-cn.php
[ info ] [ ROUTE ] array (
  'type' => 'module',
  'module' => 
  array (
    0 => 'api',
    1 => 'city',
    2 => 'getcitysbyparentid',
  ),
)
[ info ] [ HEADER ] array (
  'host' => 'o2o.ding.com',
  'connection' => 'keep-alive',
  'content-length' => '4',
  'accept' => 'application/json, text/javascript, */*; q=0.01',
  'origin' => 'http://o2o.ding.com',
  'x-requested-with' => 'XMLHttpRequest',
  'user-agent' => 'Mozilla/5.0 (Windows NT 10.0; Win64; x64) AppleWebKit/537.36 (KHTML, like Gecko) Chrome/63.0.3239.108 Safari/537.36',
  'content-type' => 'application/x-www-form-urlencoded; charset=UTF-8',
  'referer' => 'http://o2o.ding.com/index.php/bis/register/index.html',
  'accept-encoding' => 'gzip, deflate',
  'accept-language' => 'zh-CN,zh;q=0.9',
)
[ info ] [ PARAM ] array (
  'id' => '3',
)
[ info ] [ DB ] INIT mysql
[ info ] [ RUN ] app\api\controller\City->getCitysByParentId[ D:\phpStudy\WWW\my project\webkit\application\api\controller\City.php ]
[ info ] [ LOG ] INIT File
[ sql ] [ DB ] CONNECT:[ UseTime:1.026406s ] mysql:dbname=my_o2o_table;host=localhost;port=3306;charset=utf8
[ sql ] [ SQL ] SHOW COLUMNS FROM `o2o_city` [ RunTime:0.013512s ]
[ sql ] [ SQL ] SELECT * FROM `o2o_city` WHERE  `status` = 1  AND `parent_id` = 3 ORDER BY `id`  desc [ RunTime:0.000866s ]

---------------------------------------------------------------
[ 2017-12-28T10:23:19+08:00 ] 127.0.0.1 127.0.0.1 POST /index.php/api/image/upload.html
[ log ] o2o.ding.com/index.php/api/image/upload.html [运行时间：0.058473s][吞吐率：17.10req/s] [内存消耗：1,470.61kb] [文件加载：37]
[ info ] [ LANG ] D:\phpStudy\WWW\my project\webkit\thinkphp\lang\zh-cn.php
[ info ] [ ROUTE ] array (
  'type' => 'module',
  'module' => 
  array (
    0 => 'api',
    1 => 'image',
    2 => 'upload',
  ),
)
[ info ] [ HEADER ] array (
  'host' => 'o2o.ding.com',
  'connection' => 'keep-alive',
  'content-length' => '365928',
  'origin' => 'http://o2o.ding.com',
  'x-requested-with' => 'ShockwaveFlash/28.0.0.126',
  'user-agent' => 'Mozilla/5.0 (Windows NT 10.0; Win64; x64) AppleWebKit/537.36 (KHTML, like Gecko) Chrome/63.0.3239.108 Safari/537.36',
  'content-type' => 'multipart/form-data; boundary=----------Ef1Ij5ae0KM7ei4GI3cH2Ef1Ij5Ef1',
  'accept' => '*/*',
  'referer' => 'http://o2o.ding.com/index.php/bis/register/index.html',
  'accept-encoding' => 'gzip, deflate',
  'accept-language' => 'zh-CN,zh;q=0.9',
)
[ info ] [ PARAM ] array (
  'Filename' => '龙.jpg',
  'Upload' => 'Submit Query',
)
[ info ] [ RUN ] app\api\controller\Image->upload[ D:\phpStudy\WWW\my project\webkit\application\api\controller\Image.php ]
[ info ] [ LOG ] INIT File

---------------------------------------------------------------
[ 2017-12-28T10:23:22+08:00 ] 127.0.0.1 127.0.0.1 POST /index.php/api/image/upload.html
[ log ] o2o.ding.com/index.php/api/image/upload.html [运行时间：0.033869s][吞吐率：29.53req/s] [内存消耗：1,470.66kb] [文件加载：37]
[ info ] [ LANG ] D:\phpStudy\WWW\my project\webkit\thinkphp\lang\zh-cn.php
[ info ] [ ROUTE ] array (
  'type' => 'module',
  'module' => 
  array (
    0 => 'api',
    1 => 'image',
    2 => 'upload',
  ),
)
[ info ] [ HEADER ] array (
  'host' => 'o2o.ding.com',
  'connection' => 'keep-alive',
  'content-length' => '365928',
  'origin' => 'http://o2o.ding.com',
  'x-requested-with' => 'ShockwaveFlash/28.0.0.126',
  'user-agent' => 'Mozilla/5.0 (Windows NT 10.0; Win64; x64) AppleWebKit/537.36 (KHTML, like Gecko) Chrome/63.0.3239.108 Safari/537.36',
  'content-type' => 'multipart/form-data; boundary=----------Ij5ei4cH2Ij5Ij5ei4cH2Ij5Ef1cH2',
  'accept' => '*/*',
  'referer' => 'http://o2o.ding.com/index.php/bis/register/index.html',
  'accept-encoding' => 'gzip, deflate',
  'accept-language' => 'zh-CN,zh;q=0.9',
)
[ info ] [ PARAM ] array (
  'Filename' => '龙.jpg',
  'Upload' => 'Submit Query',
)
[ info ] [ RUN ] app\api\controller\Image->upload[ D:\phpStudy\WWW\my project\webkit\application\api\controller\Image.php ]
[ info ] [ LOG ] INIT File

---------------------------------------------------------------
[ 2017-12-28T10:23:41+08:00 ] 127.0.0.1 127.0.0.1 POST /index.php/api/category/getcategorybyparentid.html
[ log ] o2o.ding.com/index.php/api/category/getcategorybyparentid.html [运行时间：1.080821s][吞吐率：0.93req/s] [内存消耗：2,368.92kb] [文件加载：45]
[ info ] [ LANG ] D:\phpStudy\WWW\my project\webkit\thinkphp\lang\zh-cn.php
[ info ] [ ROUTE ] array (
  'type' => 'module',
  'module' => 
  array (
    0 => 'api',
    1 => 'category',
    2 => 'getcategorybyparentid',
  ),
)
[ info ] [ HEADER ] array (
  'host' => 'o2o.ding.com',
  'connection' => 'keep-alive',
  'content-length' => '4',
  'accept' => 'application/json, text/javascript, */*; q=0.01',
  'origin' => 'http://o2o.ding.com',
  'x-requested-with' => 'XMLHttpRequest',
  'user-agent' => 'Mozilla/5.0 (Windows NT 10.0; Win64; x64) AppleWebKit/537.36 (KHTML, like Gecko) Chrome/63.0.3239.108 Safari/537.36',
  'content-type' => 'application/x-www-form-urlencoded; charset=UTF-8',
  'referer' => 'http://o2o.ding.com/index.php/bis/register/index.html',
  'accept-encoding' => 'gzip, deflate',
  'accept-language' => 'zh-CN,zh;q=0.9',
)
[ info ] [ PARAM ] array (
  'id' => '2',
)
[ info ] [ RUN ] app\api\controller\Category->getCategoryByParentId[ D:\phpStudy\WWW\my project\webkit\application\api\controller\Category.php ]
[ info ] [ DB ] INIT mysql
[ info ] [ LOG ] INIT File
[ sql ] [ DB ] CONNECT:[ UseTime:1.026721s ] mysql:dbname=my_o2o_table;host=localhost;port=3306;charset=utf8
[ sql ] [ SQL ] SHOW COLUMNS FROM `o2o_category` [ RunTime:0.011413s ]
[ sql ] [ SQL ] SELECT * FROM `o2o_category` WHERE  `status` = 1  AND `parent_id` = 2 ORDER BY `id`  desc [ RunTime:0.000892s ]

---------------------------------------------------------------
[ 2017-12-28T10:24:00+08:00 ] 127.0.0.1 127.0.0.1 POST /index.php/bis/register/add.html
[ log ] o2o.ding.com/index.php/bis/register/add.html [运行时间：3.741384s][吞吐率：0.27req/s] [内存消耗：3,452.16kb] [文件加载：56]
[ info ] [ LANG ] D:\phpStudy\WWW\my project\webkit\thinkphp\lang\zh-cn.php
[ info ] [ ROUTE ] array (
  'type' => 'module',
  'module' => 
  array (
    0 => 'bis',
    1 => 'register',
    2 => 'add',
  ),
)
[ info ] [ HEADER ] array (
  'host' => 'o2o.ding.com',
  'connection' => 'keep-alive',
  'content-length' => '696',
  'cache-control' => 'max-age=0',
  'origin' => 'http://o2o.ding.com',
  'upgrade-insecure-requests' => '1',
  'content-type' => 'application/x-www-form-urlencoded',
  'user-agent' => 'Mozilla/5.0 (Windows NT 10.0; Win64; x64) AppleWebKit/537.36 (KHTML, like Gecko) Chrome/63.0.3239.108 Safari/537.36',
  'accept' => 'text/html,application/xhtml+xml,application/xml;q=0.9,image/webp,image/apng,*/*;q=0.8',
  'referer' => 'http://o2o.ding.com/index.php/bis/register/index.html',
  'accept-encoding' => 'gzip, deflate',
  'accept-language' => 'zh-CN,zh;q=0.9',
)
[ info ] [ PARAM ] array (
  'name' => '测试大店',
  'city_id' => '3',
  'se_city_id' => '6',
  'logo' => '/upload\\20171228\\2b854097196a1265a00afc9fc1fc7d8d.jpg',
  'licence_logo' => '/upload\\20171228\\c6f66e5d8e3123d3e18f1d826bbc69bc.jpg',
  'bank_info' => '123',
  'bank_name' => '中国工商银行',
  'bank_user' => '测试员',
  'faren' => '测试员',
  'faren_tel' => '12345678909',
  'email' => '978723801@qq.com',
  'tel' => '18504239629',
  'contact' => '丁博',
  'category_id' => '2',
  'address' => '北京昌平顺沙路8号院一区',
  'open_time' => '12:00-19:00',
  'username' => 'dingbo',
  'password' => 'dingbo',
  'description' => '<p>1111111111</p>',
  'content' => '<p>121212</p>',
)
[ info ] [ RUN ] app\bis\controller\Register->add[ D:\phpStudy\WWW\my project\webkit\application\bis\controller\Register.php ]
[ info ] [ DB ] INIT mysql
[ info ] [ VIEW ] D:\phpStudy\WWW\my project\webkit\thinkphp\tpl\dispatch_jump.tpl [ array (
  0 => 'code',
  1 => 'msg',
  2 => 'data',
  3 => 'url',
  4 => 'wait',
) ]
[ info ] [ LOG ] INIT File
[ sql ] [ DB ] CONNECT:[ UseTime:1.006003s ] mysql:dbname=my_o2o_table;host=localhost;port=3306;charset=utf8
[ sql ] [ SQL ] SHOW COLUMNS FROM `o2o_bis_account` [ RunTime:0.092227s ]
[ sql ] [ SQL ] SELECT * FROM `o2o_bis_account` WHERE  `username` = 'dingbo' LIMIT 1 [ RunTime:0.017442s ]
[ sql ] [ SQL ] SHOW COLUMNS FROM `o2o_bis` [ RunTime:0.020137s ]
[ sql ] [ SQL ] INSERT INTO `o2o_bis` (`name` , `city_id` , `city_path` , `logo` , `licence_logo` , `description` , `bank_info` , `bank_user` , `bank_name` , `faren` , `faren_tel` , `email` , `status` , `update_time` , `create_time`) VALUES ('测试大店' , 3 , '3,6' , '/upload\\20171228\\2b854097196a1265a00afc9fc1fc7d8d.jpg' , '/upload\\20171228\\c6f66e5d8e3123d3e18f1d826bbc69bc.jpg' , '<p>1111111111</p>' , '123' , '测试员' , '中国工商银行' , '测试员' , '12345678909' , '978723801@qq.com' , 0 , 1514427836 , 1514427836) [ RunTime:0.067833s ]
[ sql ] [ SQL ] SHOW COLUMNS FROM `o2o_bis_location` [ RunTime:0.035553s ]
[ sql ] [ SQL ] INSERT INTO `o2o_bis_location` (`bis_id` , `name` , `logo` , `tel` , `contact` , `category_id` , `category_path` , `city_id` , `city_path` , `api_address` , `open_time` , `content` , `is_main` , `xpoint` , `ypoint` , `status` , `update_time` , `create_time`) VALUES (4 , '测试大店' , '/upload\\20171228\\2b854097196a1265a00afc9fc1fc7d8d.jpg' , '18504239629' , '丁博' , 2 , '2,' , 3 , '3,6' , '北京昌平顺沙路8号院一区' , 12:00-19:00 , '<p>121212</p>' , 1 , '116.2942679634' , '40.149072698898' , 0 , 1514427836 , 1514427836) [ RunTime:0.039655s ]
[ sql ] [ SQL ] INSERT INTO `o2o_bis_account` (`bis_id` , `username` , `code` , `password` , `is_main` , `status` , `update_time` , `create_time`) VALUES (4 , 'dingbo' , '5736' , '79a709596a10dbf42643daee27f35d90' , 1 , 0 , 1514427836 , 1514427836) [ RunTime:0.031803s ]

---------------------------------------------------------------
[ 2017-12-28T10:24:04+08:00 ] 127.0.0.1 127.0.0.1 GET /index.php/bis/register/waiting.html?id=4
[ log ] o2o.ding.com/index.php/bis/register/waiting.html?id=4 [运行时间：1.140378s][吞吐率：0.88req/s] [内存消耗：2,566.66kb] [文件加载：48]
[ info ] [ LANG ] D:\phpStudy\WWW\my project\webkit\thinkphp\lang\zh-cn.php
[ info ] [ ROUTE ] array (
  'type' => 'module',
  'module' => 
  array (
    0 => 'bis',
    1 => 'register',
    2 => 'waiting',
  ),
)
[ info ] [ HEADER ] array (
  'host' => 'o2o.ding.com',
  'connection' => 'keep-alive',
  'upgrade-insecure-requests' => '1',
  'user-agent' => 'Mozilla/5.0 (Windows NT 10.0; Win64; x64) AppleWebKit/537.36 (KHTML, like Gecko) Chrome/63.0.3239.108 Safari/537.36',
  'accept' => 'text/html,application/xhtml+xml,application/xml;q=0.9,image/webp,image/apng,*/*;q=0.8',
  'referer' => 'http://o2o.ding.com/index.php/bis/register/add.html',
  'accept-encoding' => 'gzip, deflate',
  'accept-language' => 'zh-CN,zh;q=0.9',
)
[ info ] [ PARAM ] array (
  'id' => '4',
)
[ info ] [ RUN ] app\bis\controller\Register->waiting[ D:\phpStudy\WWW\my project\webkit\application\bis\controller\Register.php ]
[ info ] [ DB ] INIT mysql
[ info ] [ VIEW ] D:\phpStudy\WWW\my project\webkit\public/../application/bis\view\register\waiting.html [ array (
  0 => 'detail',
) ]
[ info ] [ LOG ] INIT File
[ sql ] [ DB ] CONNECT:[ UseTime:1.025333s ] mysql:dbname=my_o2o_table;host=localhost;port=3306;charset=utf8
[ sql ] [ SQL ] SHOW COLUMNS FROM `o2o_bis` [ RunTime:0.012795s ]
[ sql ] [ SQL ] SELECT * FROM `o2o_bis` WHERE  `id` = 4 LIMIT 1 [ RunTime:0.000982s ]

---------------------------------------------------------------
[ 2017-12-28T10:51:39+08:00 ] 127.0.0.1 127.0.0.1 GET /index.php?s=admin
[ log ] o2o.ding.com/index.php?s=admin [运行时间：0.141232s][吞吐率：7.08req/s] [内存消耗：1,625.92kb] [文件加载：39]
[ info ] [ LANG ] D:\phpStudy\WWW\my project\webkit\thinkphp\lang\zh-cn.php
[ info ] [ ROUTE ] array (
  'type' => 'module',
  'module' => 
  array (
    0 => 'admin',
    1 => NULL,
    2 => NULL,
  ),
)
[ info ] [ HEADER ] array (
  'host' => 'o2o.ding.com',
  'connection' => 'keep-alive',
  'user-agent' => 'Mozilla/5.0 (Windows NT 10.0; Win64; x64) AppleWebKit/537.36 (KHTML, like Gecko) Chrome/63.0.3239.108 Safari/537.36',
  'upgrade-insecure-requests' => '1',
  'accept' => 'text/html,application/xhtml+xml,application/xml;q=0.9,image/webp,image/apng,*/*;q=0.8',
  'accept-encoding' => 'gzip, deflate',
  'accept-language' => 'zh-CN,zh;q=0.9',
)
[ info ] [ PARAM ] array (
)
[ info ] [ RUN ] app\admin\controller\Index->index[ D:\phpStudy\WWW\my project\webkit\application\admin\controller\Index.php ]
[ info ] [ VIEW ] D:\phpStudy\WWW\my project\webkit\public/../application/admin\view\index\index.html [ array (
) ]
[ info ] [ LOG ] INIT File

---------------------------------------------------------------
[ 2017-12-28T10:51:41+08:00 ] 127.0.0.1 127.0.0.1 GET /index.php/admin/index/welcome.html
[ log ] o2o.ding.com/index.php/admin/index/welcome.html [运行时间：1.466359s][吞吐率：0.68req/s] [内存消耗：2,114.61kb] [文件加载：38]
[ info ] [ LANG ] D:\phpStudy\WWW\my project\webkit\thinkphp\lang\zh-cn.php
[ info ] [ ROUTE ] array (
  'type' => 'module',
  'module' => 
  array (
    0 => 'admin',
    1 => 'index',
    2 => 'welcome',
  ),
)
[ info ] [ HEADER ] array (
  'host' => 'o2o.ding.com',
  'connection' => 'keep-alive',
  'upgrade-insecure-requests' => '1',
  'user-agent' => 'Mozilla/5.0 (Windows NT 10.0; Win64; x64) AppleWebKit/537.36 (KHTML, like Gecko) Chrome/63.0.3239.108 Safari/537.36',
  'accept' => 'text/html,application/xhtml+xml,application/xml;q=0.9,image/webp,image/apng,*/*;q=0.8',
  'referer' => 'http://o2o.ding.com/index.php?s=admin',
  'accept-encoding' => 'gzip, deflate',
  'accept-language' => 'zh-CN,zh;q=0.9',
)
[ info ] [ PARAM ] array (
)
[ info ] [ RUN ] app\admin\controller\Index->welcome[ D:\phpStudy\WWW\my project\webkit\application\admin\controller\Index.php ]
[ info ] [ LOG ] INIT File

---------------------------------------------------------------
[ 2017-12-28T10:51:43+08:00 ] 127.0.0.1 127.0.0.1 GET /index.php/admin/bis/apply.html
[ log ] o2o.ding.com/index.php/admin/bis/apply.html [运行时间：1.180089s][吞吐率：0.85req/s] [内存消耗：2,671.80kb] [文件加载：52]
[ info ] [ LANG ] D:\phpStudy\WWW\my project\webkit\thinkphp\lang\zh-cn.php
[ info ] [ ROUTE ] array (
  'type' => 'module',
  'module' => 
  array (
    0 => 'admin',
    1 => 'bis',
    2 => 'apply',
  ),
)
[ info ] [ HEADER ] array (
  'host' => 'o2o.ding.com',
  'connection' => 'keep-alive',
  'upgrade-insecure-requests' => '1',
  'user-agent' => 'Mozilla/5.0 (Windows NT 10.0; Win64; x64) AppleWebKit/537.36 (KHTML, like Gecko) Chrome/63.0.3239.108 Safari/537.36',
  'accept' => 'text/html,application/xhtml+xml,application/xml;q=0.9,image/webp,image/apng,*/*;q=0.8',
  'referer' => 'http://o2o.ding.com/index.php?s=admin',
  'accept-encoding' => 'gzip, deflate',
  'accept-language' => 'zh-CN,zh;q=0.9',
)
[ info ] [ PARAM ] array (
)
[ info ] [ RUN ] app\admin\controller\Bis->apply[ D:\phpStudy\WWW\my project\webkit\application\admin\controller\Bis.php ]
[ info ] [ DB ] INIT mysql
[ info ] [ VIEW ] D:\phpStudy\WWW\my project\webkit\public/../application/admin\view\bis\apply.html [ array (
  0 => 'bis',
) ]
[ info ] [ LOG ] INIT File
[ sql ] [ DB ] CONNECT:[ UseTime:1.016274s ] mysql:dbname=my_o2o_table;host=localhost;port=3306;charset=utf8
[ sql ] [ SQL ] SHOW COLUMNS FROM `o2o_bis` [ RunTime:0.012317s ]
[ sql ] [ SQL ] SELECT COUNT(*) AS tp_count FROM `o2o_bis` WHERE  `status` = 0 LIMIT 1 [ RunTime:0.046724s ]
[ sql ] [ SQL ] SELECT * FROM `o2o_bis` WHERE  `status` = 0 ORDER BY `id`  desc LIMIT 0,1 [ RunTime:0.000974s ]

---------------------------------------------------------------
[ 2017-12-28T10:51:47+08:00 ] 127.0.0.1 127.0.0.1 GET /index.php/admin/bis/apply.html?page=2
[ log ] o2o.ding.com/index.php/admin/bis/apply.html?page=2 [运行时间：1.072543s][吞吐率：0.93req/s] [内存消耗：2,510.16kb] [文件加载：50]
[ info ] [ LANG ] D:\phpStudy\WWW\my project\webkit\thinkphp\lang\zh-cn.php
[ info ] [ ROUTE ] array (
  'type' => 'module',
  'module' => 
  array (
    0 => 'admin',
    1 => 'bis',
    2 => 'apply',
  ),
)
[ info ] [ HEADER ] array (
  'host' => 'o2o.ding.com',
  'connection' => 'keep-alive',
  'upgrade-insecure-requests' => '1',
  'user-agent' => 'Mozilla/5.0 (Windows NT 10.0; Win64; x64) AppleWebKit/537.36 (KHTML, like Gecko) Chrome/63.0.3239.108 Safari/537.36',
  'accept' => 'text/html,application/xhtml+xml,application/xml;q=0.9,image/webp,image/apng,*/*;q=0.8',
  'referer' => 'http://o2o.ding.com/index.php/admin/bis/apply.html',
  'accept-encoding' => 'gzip, deflate',
  'accept-language' => 'zh-CN,zh;q=0.9',
)
[ info ] [ PARAM ] array (
  'page' => '2',
)
[ info ] [ RUN ] app\admin\controller\Bis->apply[ D:\phpStudy\WWW\my project\webkit\application\admin\controller\Bis.php ]
[ info ] [ DB ] INIT mysql
[ info ] [ VIEW ] D:\phpStudy\WWW\my project\webkit\public/../application/admin\view\bis\apply.html [ array (
  0 => 'bis',
) ]
[ info ] [ LOG ] INIT File
[ sql ] [ DB ] CONNECT:[ UseTime:1.014492s ] mysql:dbname=my_o2o_table;host=localhost;port=3306;charset=utf8
[ sql ] [ SQL ] SHOW COLUMNS FROM `o2o_bis` [ RunTime:0.011912s ]
[ sql ] [ SQL ] SELECT COUNT(*) AS tp_count FROM `o2o_bis` WHERE  `status` = 0 LIMIT 1 [ RunTime:0.000734s ]
[ sql ] [ SQL ] SELECT * FROM `o2o_bis` WHERE  `status` = 0 ORDER BY `id`  desc LIMIT 1,1 [ RunTime:0.000863s ]

---------------------------------------------------------------
[ 2017-12-28T10:51:49+08:00 ] 127.0.0.1 127.0.0.1 GET /index.php/admin/bis/apply.html?page=3
[ log ] o2o.ding.com/index.php/admin/bis/apply.html?page=3 [运行时间：1.063436s][吞吐率：0.94req/s] [内存消耗：2,510.27kb] [文件加载：50]
[ info ] [ LANG ] D:\phpStudy\WWW\my project\webkit\thinkphp\lang\zh-cn.php
[ info ] [ ROUTE ] array (
  'type' => 'module',
  'module' => 
  array (
    0 => 'admin',
    1 => 'bis',
    2 => 'apply',
  ),
)
[ info ] [ HEADER ] array (
  'host' => 'o2o.ding.com',
  'connection' => 'keep-alive',
  'upgrade-insecure-requests' => '1',
  'user-agent' => 'Mozilla/5.0 (Windows NT 10.0; Win64; x64) AppleWebKit/537.36 (KHTML, like Gecko) Chrome/63.0.3239.108 Safari/537.36',
  'accept' => 'text/html,application/xhtml+xml,application/xml;q=0.9,image/webp,image/apng,*/*;q=0.8',
  'referer' => 'http://o2o.ding.com/index.php/admin/bis/apply.html?page=2',
  'accept-encoding' => 'gzip, deflate',
  'accept-language' => 'zh-CN,zh;q=0.9',
)
[ info ] [ PARAM ] array (
  'page' => '3',
)
[ info ] [ RUN ] app\admin\controller\Bis->apply[ D:\phpStudy\WWW\my project\webkit\application\admin\controller\Bis.php ]
[ info ] [ DB ] INIT mysql
[ info ] [ VIEW ] D:\phpStudy\WWW\my project\webkit\public/../application/admin\view\bis\apply.html [ array (
  0 => 'bis',
) ]
[ info ] [ LOG ] INIT File
[ sql ] [ DB ] CONNECT:[ UseTime:1.004764s ] mysql:dbname=my_o2o_table;host=localhost;port=3306;charset=utf8
[ sql ] [ SQL ] SHOW COLUMNS FROM `o2o_bis` [ RunTime:0.012227s ]
[ sql ] [ SQL ] SELECT COUNT(*) AS tp_count FROM `o2o_bis` WHERE  `status` = 0 LIMIT 1 [ RunTime:0.000794s ]
[ sql ] [ SQL ] SELECT * FROM `o2o_bis` WHERE  `status` = 0 ORDER BY `id`  desc LIMIT 2,1 [ RunTime:0.000901s ]

---------------------------------------------------------------
[ 2017-12-28T10:51:51+08:00 ] 127.0.0.1 127.0.0.1 GET /index.php/admin/bis/apply.html?page=4
[ log ] o2o.ding.com/index.php/admin/bis/apply.html?page=4 [运行时间：1.082583s][吞吐率：0.92req/s] [内存消耗：2,510.22kb] [文件加载：50]
[ info ] [ LANG ] D:\phpStudy\WWW\my project\webkit\thinkphp\lang\zh-cn.php
[ info ] [ ROUTE ] array (
  'type' => 'module',
  'module' => 
  array (
    0 => 'admin',
    1 => 'bis',
    2 => 'apply',
  ),
)
[ info ] [ HEADER ] array (
  'host' => 'o2o.ding.com',
  'connection' => 'keep-alive',
  'upgrade-insecure-requests' => '1',
  'user-agent' => 'Mozilla/5.0 (Windows NT 10.0; Win64; x64) AppleWebKit/537.36 (KHTML, like Gecko) Chrome/63.0.3239.108 Safari/537.36',
  'accept' => 'text/html,application/xhtml+xml,application/xml;q=0.9,image/webp,image/apng,*/*;q=0.8',
  'referer' => 'http://o2o.ding.com/index.php/admin/bis/apply.html?page=3',
  'accept-encoding' => 'gzip, deflate',
  'accept-language' => 'zh-CN,zh;q=0.9',
)
[ info ] [ PARAM ] array (
  'page' => '4',
)
[ info ] [ RUN ] app\admin\controller\Bis->apply[ D:\phpStudy\WWW\my project\webkit\application\admin\controller\Bis.php ]
[ info ] [ DB ] INIT mysql
[ info ] [ VIEW ] D:\phpStudy\WWW\my project\webkit\public/../application/admin\view\bis\apply.html [ array (
  0 => 'bis',
) ]
[ info ] [ LOG ] INIT File
[ sql ] [ DB ] CONNECT:[ UseTime:1.024904s ] mysql:dbname=my_o2o_table;host=localhost;port=3306;charset=utf8
[ sql ] [ SQL ] SHOW COLUMNS FROM `o2o_bis` [ RunTime:0.011846s ]
[ sql ] [ SQL ] SELECT COUNT(*) AS tp_count FROM `o2o_bis` WHERE  `status` = 0 LIMIT 1 [ RunTime:0.000789s ]
[ sql ] [ SQL ] SELECT * FROM `o2o_bis` WHERE  `status` = 0 ORDER BY `id`  desc LIMIT 3,1 [ RunTime:0.001304s ]

---------------------------------------------------------------
[ 2017-12-28T10:51:54+08:00 ] 127.0.0.1 127.0.0.1 GET /index.php/admin/bis/apply.html?page=3
[ log ] o2o.ding.com/index.php/admin/bis/apply.html?page=3 [运行时间：1.086365s][吞吐率：0.92req/s] [内存消耗：2,510.27kb] [文件加载：50]
[ info ] [ LANG ] D:\phpStudy\WWW\my project\webkit\thinkphp\lang\zh-cn.php
[ info ] [ ROUTE ] array (
  'type' => 'module',
  'module' => 
  array (
    0 => 'admin',
    1 => 'bis',
    2 => 'apply',
  ),
)
[ info ] [ HEADER ] array (
  'host' => 'o2o.ding.com',
  'connection' => 'keep-alive',
  'upgrade-insecure-requests' => '1',
  'user-agent' => 'Mozilla/5.0 (Windows NT 10.0; Win64; x64) AppleWebKit/537.36 (KHTML, like Gecko) Chrome/63.0.3239.108 Safari/537.36',
  'accept' => 'text/html,application/xhtml+xml,application/xml;q=0.9,image/webp,image/apng,*/*;q=0.8',
  'referer' => 'http://o2o.ding.com/index.php/admin/bis/apply.html?page=4',
  'accept-encoding' => 'gzip, deflate',
  'accept-language' => 'zh-CN,zh;q=0.9',
)
[ info ] [ PARAM ] array (
  'page' => '3',
)
[ info ] [ RUN ] app\admin\controller\Bis->apply[ D:\phpStudy\WWW\my project\webkit\application\admin\controller\Bis.php ]
[ info ] [ DB ] INIT mysql
[ info ] [ VIEW ] D:\phpStudy\WWW\my project\webkit\public/../application/admin\view\bis\apply.html [ array (
  0 => 'bis',
) ]
[ info ] [ LOG ] INIT File
[ sql ] [ DB ] CONNECT:[ UseTime:1.025950s ] mysql:dbname=my_o2o_table;host=localhost;port=3306;charset=utf8
[ sql ] [ SQL ] SHOW COLUMNS FROM `o2o_bis` [ RunTime:0.013104s ]
[ sql ] [ SQL ] SELECT COUNT(*) AS tp_count FROM `o2o_bis` WHERE  `status` = 0 LIMIT 1 [ RunTime:0.000886s ]
[ sql ] [ SQL ] SELECT * FROM `o2o_bis` WHERE  `status` = 0 ORDER BY `id`  desc LIMIT 2,1 [ RunTime:0.001023s ]

---------------------------------------------------------------
[ 2017-12-28T10:51:56+08:00 ] 127.0.0.1 127.0.0.1 GET /index.php/admin/bis/apply.html?page=2
[ log ] o2o.ding.com/index.php/admin/bis/apply.html?page=2 [运行时间：1.078098s][吞吐率：0.93req/s] [内存消耗：2,510.27kb] [文件加载：50]
[ info ] [ LANG ] D:\phpStudy\WWW\my project\webkit\thinkphp\lang\zh-cn.php
[ info ] [ ROUTE ] array (
  'type' => 'module',
  'module' => 
  array (
    0 => 'admin',
    1 => 'bis',
    2 => 'apply',
  ),
)
[ info ] [ HEADER ] array (
  'host' => 'o2o.ding.com',
  'connection' => 'keep-alive',
  'upgrade-insecure-requests' => '1',
  'user-agent' => 'Mozilla/5.0 (Windows NT 10.0; Win64; x64) AppleWebKit/537.36 (KHTML, like Gecko) Chrome/63.0.3239.108 Safari/537.36',
  'accept' => 'text/html,application/xhtml+xml,application/xml;q=0.9,image/webp,image/apng,*/*;q=0.8',
  'referer' => 'http://o2o.ding.com/index.php/admin/bis/apply.html?page=3',
  'accept-encoding' => 'gzip, deflate',
  'accept-language' => 'zh-CN,zh;q=0.9',
)
[ info ] [ PARAM ] array (
  'page' => '2',
)
[ info ] [ RUN ] app\admin\controller\Bis->apply[ D:\phpStudy\WWW\my project\webkit\application\admin\controller\Bis.php ]
[ info ] [ DB ] INIT mysql
[ info ] [ VIEW ] D:\phpStudy\WWW\my project\webkit\public/../application/admin\view\bis\apply.html [ array (
  0 => 'bis',
) ]
[ info ] [ LOG ] INIT File
[ sql ] [ DB ] CONNECT:[ UseTime:1.015520s ] mysql:dbname=my_o2o_table;host=localhost;port=3306;charset=utf8
[ sql ] [ SQL ] SHOW COLUMNS FROM `o2o_bis` [ RunTime:0.015763s ]
[ sql ] [ SQL ] SELECT COUNT(*) AS tp_count FROM `o2o_bis` WHERE  `status` = 0 LIMIT 1 [ RunTime:0.000877s ]
[ sql ] [ SQL ] SELECT * FROM `o2o_bis` WHERE  `status` = 0 ORDER BY `id`  desc LIMIT 1,1 [ RunTime:0.001015s ]

---------------------------------------------------------------
[ 2017-12-28T10:51:59+08:00 ] 127.0.0.1 127.0.0.1 GET /index.php/admin/bis/apply.html?page=1
[ log ] o2o.ding.com/index.php/admin/bis/apply.html?page=1 [运行时间：1.074895s][吞吐率：0.93req/s] [内存消耗：2,510.27kb] [文件加载：50]
[ info ] [ LANG ] D:\phpStudy\WWW\my project\webkit\thinkphp\lang\zh-cn.php
[ info ] [ ROUTE ] array (
  'type' => 'module',
  'module' => 
  array (
    0 => 'admin',
    1 => 'bis',
    2 => 'apply',
  ),
)
[ info ] [ HEADER ] array (
  'host' => 'o2o.ding.com',
  'connection' => 'keep-alive',
  'upgrade-insecure-requests' => '1',
  'user-agent' => 'Mozilla/5.0 (Windows NT 10.0; Win64; x64) AppleWebKit/537.36 (KHTML, like Gecko) Chrome/63.0.3239.108 Safari/537.36',
  'accept' => 'text/html,application/xhtml+xml,application/xml;q=0.9,image/webp,image/apng,*/*;q=0.8',
  'referer' => 'http://o2o.ding.com/index.php/admin/bis/apply.html?page=2',
  'accept-encoding' => 'gzip, deflate',
  'accept-language' => 'zh-CN,zh;q=0.9',
)
[ info ] [ PARAM ] array (
  'page' => '1',
)
[ info ] [ RUN ] app\admin\controller\Bis->apply[ D:\phpStudy\WWW\my project\webkit\application\admin\controller\Bis.php ]
[ info ] [ DB ] INIT mysql
[ info ] [ VIEW ] D:\phpStudy\WWW\my project\webkit\public/../application/admin\view\bis\apply.html [ array (
  0 => 'bis',
) ]
[ info ] [ LOG ] INIT File
[ sql ] [ DB ] CONNECT:[ UseTime:1.014910s ] mysql:dbname=my_o2o_table;host=localhost;port=3306;charset=utf8
[ sql ] [ SQL ] SHOW COLUMNS FROM `o2o_bis` [ RunTime:0.012232s ]
[ sql ] [ SQL ] SELECT COUNT(*) AS tp_count FROM `o2o_bis` WHERE  `status` = 0 LIMIT 1 [ RunTime:0.001024s ]
[ sql ] [ SQL ] SELECT * FROM `o2o_bis` WHERE  `status` = 0 ORDER BY `id`  desc LIMIT 0,1 [ RunTime:0.001920s ]

---------------------------------------------------------------
[ 2017-12-28T11:09:45+08:00 ] 127.0.0.1 127.0.0.1 GET /index.php?s=admin
[ log ] o2o.ding.com/index.php?s=admin [运行时间：0.033309s][吞吐率：30.02req/s] [内存消耗：1,460.52kb] [文件加载：37]
[ info ] [ LANG ] D:\phpStudy\WWW\my project\webkit\thinkphp\lang\zh-cn.php
[ info ] [ ROUTE ] array (
  'type' => 'module',
  'module' => 
  array (
    0 => 'admin',
    1 => NULL,
    2 => NULL,
  ),
)
[ info ] [ HEADER ] array (
  'host' => 'o2o.ding.com',
  'connection' => 'keep-alive',
  'cache-control' => 'max-age=0',
  'user-agent' => 'Mozilla/5.0 (Windows NT 10.0; Win64; x64) AppleWebKit/537.36 (KHTML, like Gecko) Chrome/63.0.3239.108 Safari/537.36',
  'upgrade-insecure-requests' => '1',
  'accept' => 'text/html,application/xhtml+xml,application/xml;q=0.9,image/webp,image/apng,*/*;q=0.8',
  'accept-encoding' => 'gzip, deflate',
  'accept-language' => 'zh-CN,zh;q=0.9',
)
[ info ] [ PARAM ] array (
)
[ info ] [ RUN ] app\admin\controller\Index->index[ D:\phpStudy\WWW\my project\webkit\application\admin\controller\Index.php ]
[ info ] [ VIEW ] D:\phpStudy\WWW\my project\webkit\public/../application/admin\view\index\index.html [ array (
) ]
[ info ] [ LOG ] INIT File

---------------------------------------------------------------
[ 2017-12-28T11:09:46+08:00 ] 127.0.0.1 127.0.0.1 GET /index.php/admin/index/welcome.html
[ log ] o2o.ding.com/index.php/admin/index/welcome.html [运行时间：0.630350s][吞吐率：1.59req/s] [内存消耗：2,115.63kb] [文件加载：38]
[ info ] [ LANG ] D:\phpStudy\WWW\my project\webkit\thinkphp\lang\zh-cn.php
[ info ] [ ROUTE ] array (
  'type' => 'module',
  'module' => 
  array (
    0 => 'admin',
    1 => 'index',
    2 => 'welcome',
  ),
)
[ info ] [ HEADER ] array (
  'host' => 'o2o.ding.com',
  'connection' => 'keep-alive',
  'upgrade-insecure-requests' => '1',
  'user-agent' => 'Mozilla/5.0 (Windows NT 10.0; Win64; x64) AppleWebKit/537.36 (KHTML, like Gecko) Chrome/63.0.3239.108 Safari/537.36',
  'accept' => 'text/html,application/xhtml+xml,application/xml;q=0.9,image/webp,image/apng,*/*;q=0.8',
  'referer' => 'http://o2o.ding.com/index.php?s=admin',
  'accept-encoding' => 'gzip, deflate',
  'accept-language' => 'zh-CN,zh;q=0.9',
)
[ info ] [ PARAM ] array (
)
[ info ] [ RUN ] app\admin\controller\Index->welcome[ D:\phpStudy\WWW\my project\webkit\application\admin\controller\Index.php ]
[ info ] [ LOG ] INIT File

---------------------------------------------------------------
[ 2017-12-28T11:09:49+08:00 ] 127.0.0.1 127.0.0.1 GET /index.php/admin/bis/apply.html
[ log ] o2o.ding.com/index.php/admin/bis/apply.html [运行时间：1.091355s][吞吐率：0.92req/s] [内存消耗：2,687.73kb] [文件加载：52]
[ info ] [ LANG ] D:\phpStudy\WWW\my project\webkit\thinkphp\lang\zh-cn.php
[ info ] [ ROUTE ] array (
  'type' => 'module',
  'module' => 
  array (
    0 => 'admin',
    1 => 'bis',
    2 => 'apply',
  ),
)
[ info ] [ HEADER ] array (
  'host' => 'o2o.ding.com',
  'connection' => 'keep-alive',
  'upgrade-insecure-requests' => '1',
  'user-agent' => 'Mozilla/5.0 (Windows NT 10.0; Win64; x64) AppleWebKit/537.36 (KHTML, like Gecko) Chrome/63.0.3239.108 Safari/537.36',
  'accept' => 'text/html,application/xhtml+xml,application/xml;q=0.9,image/webp,image/apng,*/*;q=0.8',
  'referer' => 'http://o2o.ding.com/index.php?s=admin',
  'accept-encoding' => 'gzip, deflate',
  'accept-language' => 'zh-CN,zh;q=0.9',
)
[ info ] [ PARAM ] array (
)
[ info ] [ RUN ] app\admin\controller\Bis->apply[ D:\phpStudy\WWW\my project\webkit\application\admin\controller\Bis.php ]
[ info ] [ DB ] INIT mysql
[ info ] [ VIEW ] D:\phpStudy\WWW\my project\webkit\public/../application/admin\view\bis\apply.html [ array (
  0 => 'bis',
) ]
[ info ] [ LOG ] INIT File
[ sql ] [ DB ] CONNECT:[ UseTime:1.025145s ] mysql:dbname=my_o2o_table;host=localhost;port=3306;charset=utf8
[ sql ] [ SQL ] SHOW COLUMNS FROM `o2o_bis` [ RunTime:0.012937s ]
[ sql ] [ SQL ] SELECT COUNT(*) AS tp_count FROM `o2o_bis` WHERE  `status` = 0 LIMIT 1 [ RunTime:0.000890s ]
[ sql ] [ SQL ] SELECT * FROM `o2o_bis` WHERE  `status` = 0 ORDER BY `id`  desc LIMIT 0,15 [ RunTime:0.001065s ]

---------------------------------------------------------------
[ 2017-12-28T16:56:19+08:00 ] 127.0.0.1 127.0.0.1 GET /index.php?s=admin
[ log ] o2o.ding.com/index.php?s=admin [运行时间：0.032450s][吞吐率：30.82req/s] [内存消耗：1,460.52kb] [文件加载：37]
[ info ] [ LANG ] D:\phpStudy\WWW\my project\webkit\thinkphp\lang\zh-cn.php
[ info ] [ ROUTE ] array (
  'type' => 'module',
  'module' => 
  array (
    0 => 'admin',
    1 => NULL,
    2 => NULL,
  ),
)
[ info ] [ HEADER ] array (
  'host' => 'o2o.ding.com',
  'connection' => 'keep-alive',
  'cache-control' => 'max-age=0',
  'user-agent' => 'Mozilla/5.0 (Windows NT 10.0; Win64; x64) AppleWebKit/537.36 (KHTML, like Gecko) Chrome/63.0.3239.108 Safari/537.36',
  'upgrade-insecure-requests' => '1',
  'accept' => 'text/html,application/xhtml+xml,application/xml;q=0.9,image/webp,image/apng,*/*;q=0.8',
  'accept-encoding' => 'gzip, deflate',
  'accept-language' => 'zh-CN,zh;q=0.9',
)
[ info ] [ PARAM ] array (
)
[ info ] [ RUN ] app\admin\controller\Index->index[ D:\phpStudy\WWW\my project\webkit\application\admin\controller\Index.php ]
[ info ] [ VIEW ] D:\phpStudy\WWW\my project\webkit\public/../application/admin\view\index\index.html [ array (
) ]
[ info ] [ LOG ] INIT File

---------------------------------------------------------------
[ 2017-12-28T16:56:20+08:00 ] 127.0.0.1 127.0.0.1 GET /index.php/admin/index/welcome.html
[ log ] o2o.ding.com/index.php/admin/index/welcome.html [运行时间：0.760363s][吞吐率：1.32req/s] [内存消耗：2,115.63kb] [文件加载：38]
[ info ] [ LANG ] D:\phpStudy\WWW\my project\webkit\thinkphp\lang\zh-cn.php
[ info ] [ ROUTE ] array (
  'type' => 'module',
  'module' => 
  array (
    0 => 'admin',
    1 => 'index',
    2 => 'welcome',
  ),
)
[ info ] [ HEADER ] array (
  'host' => 'o2o.ding.com',
  'connection' => 'keep-alive',
  'upgrade-insecure-requests' => '1',
  'user-agent' => 'Mozilla/5.0 (Windows NT 10.0; Win64; x64) AppleWebKit/537.36 (KHTML, like Gecko) Chrome/63.0.3239.108 Safari/537.36',
  'accept' => 'text/html,application/xhtml+xml,application/xml;q=0.9,image/webp,image/apng,*/*;q=0.8',
  'referer' => 'http://o2o.ding.com/index.php?s=admin',
  'accept-encoding' => 'gzip, deflate',
  'accept-language' => 'zh-CN,zh;q=0.9',
)
[ info ] [ PARAM ] array (
)
[ info ] [ RUN ] app\admin\controller\Index->welcome[ D:\phpStudy\WWW\my project\webkit\application\admin\controller\Index.php ]
[ info ] [ LOG ] INIT File

---------------------------------------------------------------
[ 2017-12-28T16:56:26+08:00 ] 127.0.0.1 127.0.0.1 GET /index.php/admin/bis/apply.html
[ log ] o2o.ding.com/index.php/admin/bis/apply.html [运行时间：1.092976s][吞吐率：0.91req/s] [内存消耗：2,762.74kb] [文件加载：53]
[ info ] [ LANG ] D:\phpStudy\WWW\my project\webkit\thinkphp\lang\zh-cn.php
[ info ] [ ROUTE ] array (
  'type' => 'module',
  'module' => 
  array (
    0 => 'admin',
    1 => 'bis',
    2 => 'apply',
  ),
)
[ info ] [ HEADER ] array (
  'host' => 'o2o.ding.com',
  'connection' => 'keep-alive',
  'upgrade-insecure-requests' => '1',
  'user-agent' => 'Mozilla/5.0 (Windows NT 10.0; Win64; x64) AppleWebKit/537.36 (KHTML, like Gecko) Chrome/63.0.3239.108 Safari/537.36',
  'accept' => 'text/html,application/xhtml+xml,application/xml;q=0.9,image/webp,image/apng,*/*;q=0.8',
  'referer' => 'http://o2o.ding.com/index.php?s=admin',
  'accept-encoding' => 'gzip, deflate',
  'accept-language' => 'zh-CN,zh;q=0.9',
)
[ info ] [ PARAM ] array (
)
[ info ] [ RUN ] app\admin\controller\Bis->apply[ D:\phpStudy\WWW\my project\webkit\application\admin\controller\Bis.php ]
[ info ] [ DB ] INIT mysql
[ info ] [ VIEW ] D:\phpStudy\WWW\my project\webkit\public/../application/admin\view\bis\apply.html [ array (
  0 => 'bis',
) ]
[ info ] [ LOG ] INIT File
[ sql ] [ DB ] CONNECT:[ UseTime:1.025332s ] mysql:dbname=my_o2o_table;host=localhost;port=3306;charset=utf8
[ sql ] [ SQL ] SHOW COLUMNS FROM `o2o_bis` [ RunTime:0.013741s ]
[ sql ] [ SQL ] SELECT COUNT(*) AS tp_count FROM `o2o_bis` WHERE  `status` = 0 LIMIT 1 [ RunTime:0.000774s ]
[ sql ] [ SQL ] SELECT * FROM `o2o_bis` WHERE  `status` = 0 ORDER BY `id`  desc LIMIT 0,15 [ RunTime:0.000924s ]

---------------------------------------------------------------
[ 2017-12-28T16:59:28+08:00 ] 127.0.0.1 127.0.0.1 GET /index.php/admin/category/index.html
[ log ] o2o.ding.com/index.php/admin/category/index.html [运行时间：1.418106s][吞吐率：0.71req/s] [内存消耗：2,743.04kb] [文件加载：52]
[ info ] [ LANG ] D:\phpStudy\WWW\my project\webkit\thinkphp\lang\zh-cn.php
[ info ] [ ROUTE ] array (
  'type' => 'module',
  'module' => 
  array (
    0 => 'admin',
    1 => 'category',
    2 => 'index',
  ),
)
[ info ] [ HEADER ] array (
  'host' => 'o2o.ding.com',
  'connection' => 'keep-alive',
  'upgrade-insecure-requests' => '1',
  'user-agent' => 'Mozilla/5.0 (Windows NT 10.0; Win64; x64) AppleWebKit/537.36 (KHTML, like Gecko) Chrome/63.0.3239.108 Safari/537.36',
  'accept' => 'text/html,application/xhtml+xml,application/xml;q=0.9,image/webp,image/apng,*/*;q=0.8',
  'referer' => 'http://o2o.ding.com/index.php?s=admin',
  'accept-encoding' => 'gzip, deflate',
  'accept-language' => 'zh-CN,zh;q=0.9',
)
[ info ] [ PARAM ] array (
)
[ info ] [ RUN ] app\admin\controller\Category->index[ D:\phpStudy\WWW\my project\webkit\application\admin\controller\Category.php ]
[ info ] [ DB ] INIT mysql
[ info ] [ VIEW ] D:\phpStudy\WWW\my project\webkit\public/../application/admin\view\category\index.html [ array (
  0 => 'categorys',
) ]
[ info ] [ LOG ] INIT File
[ sql ] [ DB ] CONNECT:[ UseTime:1.018018s ] mysql:dbname=my_o2o_table;host=localhost;port=3306;charset=utf8
[ sql ] [ SQL ] SHOW COLUMNS FROM `o2o_category` [ RunTime:0.012933s ]
[ sql ] [ SQL ] SELECT COUNT(*) AS tp_count FROM `o2o_category` WHERE  `parent_id` = 0  AND `status` <> -1 LIMIT 1 [ RunTime:0.000888s ]
[ sql ] [ SQL ] SELECT * FROM `o2o_category` WHERE  `parent_id` = 0  AND `status` <> -1 ORDER BY `listorder`  desc,`id`  desc LIMIT 0,15 [ RunTime:0.000764s ]

---------------------------------------------------------------
[ 2017-12-28T17:03:00+08:00 ] 127.0.0.1 127.0.0.1 GET /index.php?s=admin
[ log ] o2o.ding.com/index.php?s=admin [运行时间：0.032558s][吞吐率：30.71req/s] [内存消耗：1,460.52kb] [文件加载：37]
[ info ] [ LANG ] D:\phpStudy\WWW\my project\webkit\thinkphp\lang\zh-cn.php
[ info ] [ ROUTE ] array (
  'type' => 'module',
  'module' => 
  array (
    0 => 'admin',
    1 => NULL,
    2 => NULL,
  ),
)
[ info ] [ HEADER ] array (
  'host' => 'o2o.ding.com',
  'connection' => 'keep-alive',
  'cache-control' => 'max-age=0',
  'user-agent' => 'Mozilla/5.0 (Windows NT 10.0; Win64; x64) AppleWebKit/537.36 (KHTML, like Gecko) Chrome/63.0.3239.108 Safari/537.36',
  'upgrade-insecure-requests' => '1',
  'accept' => 'text/html,application/xhtml+xml,application/xml;q=0.9,image/webp,image/apng,*/*;q=0.8',
  'accept-encoding' => 'gzip, deflate',
  'accept-language' => 'zh-CN,zh;q=0.9',
)
[ info ] [ PARAM ] array (
)
[ info ] [ RUN ] app\admin\controller\Index->index[ D:\phpStudy\WWW\my project\webkit\application\admin\controller\Index.php ]
[ info ] [ VIEW ] D:\phpStudy\WWW\my project\webkit\public/../application/admin\view\index\index.html [ array (
) ]
[ info ] [ LOG ] INIT File

---------------------------------------------------------------
[ 2017-12-28T17:03:01+08:00 ] 127.0.0.1 127.0.0.1 GET /index.php/admin/index/welcome.html
[ log ] o2o.ding.com/index.php/admin/index/welcome.html [运行时间：0.504933s][吞吐率：1.98req/s] [内存消耗：2,115.63kb] [文件加载：38]
[ info ] [ LANG ] D:\phpStudy\WWW\my project\webkit\thinkphp\lang\zh-cn.php
[ info ] [ ROUTE ] array (
  'type' => 'module',
  'module' => 
  array (
    0 => 'admin',
    1 => 'index',
    2 => 'welcome',
  ),
)
[ info ] [ HEADER ] array (
  'host' => 'o2o.ding.com',
  'connection' => 'keep-alive',
  'upgrade-insecure-requests' => '1',
  'user-agent' => 'Mozilla/5.0 (Windows NT 10.0; Win64; x64) AppleWebKit/537.36 (KHTML, like Gecko) Chrome/63.0.3239.108 Safari/537.36',
  'accept' => 'text/html,application/xhtml+xml,application/xml;q=0.9,image/webp,image/apng,*/*;q=0.8',
  'referer' => 'http://o2o.ding.com/index.php?s=admin',
  'accept-encoding' => 'gzip, deflate',
  'accept-language' => 'zh-CN,zh;q=0.9',
)
[ info ] [ PARAM ] array (
)
[ info ] [ RUN ] app\admin\controller\Index->welcome[ D:\phpStudy\WWW\my project\webkit\application\admin\controller\Index.php ]
[ info ] [ LOG ] INIT File

---------------------------------------------------------------
[ 2017-12-28T17:03:04+08:00 ] 127.0.0.1 127.0.0.1 GET /index.php/admin/bis/apply.html
[ log ] o2o.ding.com/index.php/admin/bis/apply.html [运行时间：1.082434s][吞吐率：0.92req/s] [内存消耗：2,763.48kb] [文件加载：53]
[ info ] [ LANG ] D:\phpStudy\WWW\my project\webkit\thinkphp\lang\zh-cn.php
[ info ] [ ROUTE ] array (
  'type' => 'module',
  'module' => 
  array (
    0 => 'admin',
    1 => 'bis',
    2 => 'apply',
  ),
)
[ info ] [ HEADER ] array (
  'host' => 'o2o.ding.com',
  'connection' => 'keep-alive',
  'upgrade-insecure-requests' => '1',
  'user-agent' => 'Mozilla/5.0 (Windows NT 10.0; Win64; x64) AppleWebKit/537.36 (KHTML, like Gecko) Chrome/63.0.3239.108 Safari/537.36',
  'accept' => 'text/html,application/xhtml+xml,application/xml;q=0.9,image/webp,image/apng,*/*;q=0.8',
  'referer' => 'http://o2o.ding.com/index.php?s=admin',
  'accept-encoding' => 'gzip, deflate',
  'accept-language' => 'zh-CN,zh;q=0.9',
)
[ info ] [ PARAM ] array (
)
[ info ] [ RUN ] app\admin\controller\Bis->apply[ D:\phpStudy\WWW\my project\webkit\application\admin\controller\Bis.php ]
[ info ] [ DB ] INIT mysql
[ info ] [ VIEW ] D:\phpStudy\WWW\my project\webkit\public/../application/admin\view\bis\apply.html [ array (
  0 => 'bis',
) ]
[ info ] [ LOG ] INIT File
[ sql ] [ DB ] CONNECT:[ UseTime:1.015358s ] mysql:dbname=my_o2o_table;host=localhost;port=3306;charset=utf8
[ sql ] [ SQL ] SHOW COLUMNS FROM `o2o_bis` [ RunTime:0.012483s ]
[ sql ] [ SQL ] SELECT COUNT(*) AS tp_count FROM `o2o_bis` WHERE  `status` = 0 LIMIT 1 [ RunTime:0.000789s ]
[ sql ] [ SQL ] SELECT * FROM `o2o_bis` WHERE  `status` = 0 ORDER BY `id`  desc LIMIT 0,15 [ RunTime:0.001068s ]

---------------------------------------------------------------
[ 2017-12-28T17:03:07+08:00 ] 127.0.0.1 127.0.0.1 GET /index.php/admin/bis/detail.html?id=3
[ log ] o2o.ding.com/index.php/admin/bis/detail.html?id=3 [运行时间：1.193979s][吞吐率：0.84req/s] [内存消耗：2,764.79kb] [文件加载：53]
[ info ] [ LANG ] D:\phpStudy\WWW\my project\webkit\thinkphp\lang\zh-cn.php
[ info ] [ ROUTE ] array (
  'type' => 'module',
  'module' => 
  array (
    0 => 'admin',
    1 => 'bis',
    2 => 'detail',
  ),
)
[ info ] [ HEADER ] array (
  'host' => 'o2o.ding.com',
  'connection' => 'keep-alive',
  'upgrade-insecure-requests' => '1',
  'user-agent' => 'Mozilla/5.0 (Windows NT 10.0; Win64; x64) AppleWebKit/537.36 (KHTML, like Gecko) Chrome/63.0.3239.108 Safari/537.36',
  'accept' => 'text/html,application/xhtml+xml,application/xml;q=0.9,image/webp,image/apng,*/*;q=0.8',
  'referer' => 'http://o2o.ding.com/index.php/admin/bis/apply.html',
  'accept-encoding' => 'gzip, deflate',
  'accept-language' => 'zh-CN,zh;q=0.9',
)
[ info ] [ PARAM ] array (
  'id' => '3',
)
[ info ] [ RUN ] app\admin\controller\Bis->detail[ D:\phpStudy\WWW\my project\webkit\application\admin\controller\Bis.php ]
[ info ] [ DB ] INIT mysql
[ info ] [ VIEW ] D:\phpStudy\WWW\my project\webkit\public/../application/admin\view\bis\detail.html [ array (
  0 => 'citys',
  1 => 'categorys',
  2 => 'bisData',
  3 => 'locationData',
  4 => 'accountData',
) ]
[ info ] [ LOG ] INIT File
[ sql ] [ DB ] CONNECT:[ UseTime:1.016426s ] mysql:dbname=my_o2o_table;host=localhost;port=3306;charset=utf8
[ sql ] [ SQL ] SHOW COLUMNS FROM `o2o_city` [ RunTime:0.012508s ]
[ sql ] [ SQL ] SELECT * FROM `o2o_city` WHERE  `status` = 1  AND `parent_id` = 0 ORDER BY `id`  desc [ RunTime:0.000831s ]
[ sql ] [ SQL ] SHOW COLUMNS FROM `o2o_category` [ RunTime:0.009584s ]
[ sql ] [ SQL ] SELECT * FROM `o2o_category` WHERE  `status` = 1  AND `parent_id` = 0 ORDER BY `id`  desc [ RunTime:0.000845s ]
[ sql ] [ SQL ] SHOW COLUMNS FROM `o2o_bis` [ RunTime:0.011072s ]
[ sql ] [ SQL ] SELECT * FROM `o2o_bis` WHERE  `id` = 3 LIMIT 1 [ RunTime:0.000917s ]
[ sql ] [ SQL ] SHOW COLUMNS FROM `o2o_bis_location` [ RunTime:0.010744s ]
[ sql ] [ SQL ] SELECT * FROM `o2o_bis_location` WHERE  `bis_id` = 3  AND `is_main` = 1 LIMIT 1 [ RunTime:0.000925s ]
[ sql ] [ SQL ] SHOW COLUMNS FROM `o2o_bis_account` [ RunTime:0.009686s ]
[ sql ] [ SQL ] SELECT * FROM `o2o_bis_account` WHERE  `bis_id` = 3  AND `is_main` = 1 LIMIT 1 [ RunTime:0.000917s ]

---------------------------------------------------------------
[ 2017-12-28T17:21:58+08:00 ] 127.0.0.1 127.0.0.1 GET /index.php/admin/bis/apply.html
[ log ] o2o.ding.com/index.php/admin/bis/apply.html [运行时间：1.082109s][吞吐率：0.92req/s] [内存消耗：2,601.31kb] [文件加载：51]
[ info ] [ LANG ] D:\phpStudy\WWW\my project\webkit\thinkphp\lang\zh-cn.php
[ info ] [ ROUTE ] array (
  'type' => 'module',
  'module' => 
  array (
    0 => 'admin',
    1 => 'bis',
    2 => 'apply',
  ),
)
[ info ] [ HEADER ] array (
  'host' => 'o2o.ding.com',
  'connection' => 'keep-alive',
  'upgrade-insecure-requests' => '1',
  'user-agent' => 'Mozilla/5.0 (Windows NT 10.0; Win64; x64) AppleWebKit/537.36 (KHTML, like Gecko) Chrome/63.0.3239.108 Safari/537.36',
  'accept' => 'text/html,application/xhtml+xml,application/xml;q=0.9,image/webp,image/apng,*/*;q=0.8',
  'referer' => 'http://o2o.ding.com/index.php?s=admin',
  'accept-encoding' => 'gzip, deflate',
  'accept-language' => 'zh-CN,zh;q=0.9',
)
[ info ] [ PARAM ] array (
)
[ info ] [ RUN ] app\admin\controller\Bis->apply[ D:\phpStudy\WWW\my project\webkit\application\admin\controller\Bis.php ]
[ info ] [ DB ] INIT mysql
[ info ] [ VIEW ] D:\phpStudy\WWW\my project\webkit\public/../application/admin\view\bis\apply.html [ array (
  0 => 'bis',
) ]
[ info ] [ LOG ] INIT File
[ sql ] [ DB ] CONNECT:[ UseTime:1.015445s ] mysql:dbname=my_o2o_table;host=localhost;port=3306;charset=utf8
[ sql ] [ SQL ] SHOW COLUMNS FROM `o2o_bis` [ RunTime:0.013570s ]
[ sql ] [ SQL ] SELECT COUNT(*) AS tp_count FROM `o2o_bis` WHERE  `status` = 0 LIMIT 1 [ RunTime:0.000789s ]
[ sql ] [ SQL ] SELECT * FROM `o2o_bis` WHERE  `status` = 0 ORDER BY `id`  desc LIMIT 0,15 [ RunTime:0.000906s ]

---------------------------------------------------------------
[ 2017-12-28T17:22:01+08:00 ] 127.0.0.1 127.0.0.1 GET /index.php/admin/bis/detail.html?id=4
[ log ] o2o.ding.com/index.php/admin/bis/detail.html?id=4 [运行时间：1.145644s][吞吐率：0.87req/s] [内存消耗：2,764.81kb] [文件加载：53]
[ info ] [ LANG ] D:\phpStudy\WWW\my project\webkit\thinkphp\lang\zh-cn.php
[ info ] [ ROUTE ] array (
  'type' => 'module',
  'module' => 
  array (
    0 => 'admin',
    1 => 'bis',
    2 => 'detail',
  ),
)
[ info ] [ HEADER ] array (
  'host' => 'o2o.ding.com',
  'connection' => 'keep-alive',
  'upgrade-insecure-requests' => '1',
  'user-agent' => 'Mozilla/5.0 (Windows NT 10.0; Win64; x64) AppleWebKit/537.36 (KHTML, like Gecko) Chrome/63.0.3239.108 Safari/537.36',
  'accept' => 'text/html,application/xhtml+xml,application/xml;q=0.9,image/webp,image/apng,*/*;q=0.8',
  'referer' => 'http://o2o.ding.com/index.php/admin/bis/apply.html',
  'accept-encoding' => 'gzip, deflate',
  'accept-language' => 'zh-CN,zh;q=0.9',
)
[ info ] [ PARAM ] array (
  'id' => '4',
)
[ info ] [ RUN ] app\admin\controller\Bis->detail[ D:\phpStudy\WWW\my project\webkit\application\admin\controller\Bis.php ]
[ info ] [ DB ] INIT mysql
[ info ] [ VIEW ] D:\phpStudy\WWW\my project\webkit\public/../application/admin\view\bis\detail.html [ array (
  0 => 'citys',
  1 => 'categorys',
  2 => 'bisData',
  3 => 'locationData',
  4 => 'accountData',
) ]
[ info ] [ LOG ] INIT File
[ sql ] [ DB ] CONNECT:[ UseTime:1.025637s ] mysql:dbname=my_o2o_table;host=localhost;port=3306;charset=utf8
[ sql ] [ SQL ] SHOW COLUMNS FROM `o2o_city` [ RunTime:0.013718s ]
[ sql ] [ SQL ] SELECT * FROM `o2o_city` WHERE  `status` = 1  AND `parent_id` = 0 ORDER BY `id`  desc [ RunTime:0.000916s ]
[ sql ] [ SQL ] SHOW COLUMNS FROM `o2o_category` [ RunTime:0.009136s ]
[ sql ] [ SQL ] SELECT * FROM `o2o_category` WHERE  `status` = 1  AND `parent_id` = 0 ORDER BY `id`  desc [ RunTime:0.000756s ]
[ sql ] [ SQL ] SHOW COLUMNS FROM `o2o_bis` [ RunTime:0.009987s ]
[ sql ] [ SQL ] SELECT * FROM `o2o_bis` WHERE  `id` = 4 LIMIT 1 [ RunTime:0.000848s ]
[ sql ] [ SQL ] SHOW COLUMNS FROM `o2o_bis_location` [ RunTime:0.010965s ]
[ sql ] [ SQL ] SELECT * FROM `o2o_bis_location` WHERE  `bis_id` = 4  AND `is_main` = 1 LIMIT 1 [ RunTime:0.001055s ]
[ sql ] [ SQL ] SHOW COLUMNS FROM `o2o_bis_account` [ RunTime:0.010567s ]
[ sql ] [ SQL ] SELECT * FROM `o2o_bis_account` WHERE  `bis_id` = 4  AND `is_main` = 1 LIMIT 1 [ RunTime:0.000783s ]
[ sql ] [ SQL ] SELECT * FROM `o2o_city` LIMIT 1 [ RunTime:0.000845s ]

---------------------------------------------------------------
[ 2017-12-28T17:22:06+08:00 ] 127.0.0.1 127.0.0.1 POST /index.php/api/city/getcitysbyparentid.html
[ log ] o2o.ding.com/index.php/api/city/getcitysbyparentid.html [运行时间：1.073714s][吞吐率：0.93req/s] [内存消耗：2,368.93kb] [文件加载：45]
[ info ] [ LANG ] D:\phpStudy\WWW\my project\webkit\thinkphp\lang\zh-cn.php
[ info ] [ ROUTE ] array (
  'type' => 'module',
  'module' => 
  array (
    0 => 'api',
    1 => 'city',
    2 => 'getcitysbyparentid',
  ),
)
[ info ] [ HEADER ] array (
  'host' => 'o2o.ding.com',
  'connection' => 'keep-alive',
  'content-length' => '4',
  'accept' => 'application/json, text/javascript, */*; q=0.01',
  'origin' => 'http://o2o.ding.com',
  'x-requested-with' => 'XMLHttpRequest',
  'user-agent' => 'Mozilla/5.0 (Windows NT 10.0; Win64; x64) AppleWebKit/537.36 (KHTML, like Gecko) Chrome/63.0.3239.108 Safari/537.36',
  'content-type' => 'application/x-www-form-urlencoded; charset=UTF-8',
  'referer' => 'http://o2o.ding.com/index.php/admin/bis/detail.html?id=4',
  'accept-encoding' => 'gzip, deflate',
  'accept-language' => 'zh-CN,zh;q=0.9',
)
[ info ] [ PARAM ] array (
  'id' => '8',
)
[ info ] [ DB ] INIT mysql
[ info ] [ RUN ] app\api\controller\City->getCitysByParentId[ D:\phpStudy\WWW\my project\webkit\application\api\controller\City.php ]
[ info ] [ LOG ] INIT File
[ sql ] [ DB ] CONNECT:[ UseTime:1.014622s ] mysql:dbname=my_o2o_table;host=localhost;port=3306;charset=utf8
[ sql ] [ SQL ] SHOW COLUMNS FROM `o2o_city` [ RunTime:0.012457s ]
[ sql ] [ SQL ] SELECT * FROM `o2o_city` WHERE  `status` = 1  AND `parent_id` = 8 ORDER BY `id`  desc [ RunTime:0.000857s ]

---------------------------------------------------------------
[ 2017-12-28T17:22:09+08:00 ] 127.0.0.1 127.0.0.1 POST /index.php/api/city/getcitysbyparentid.html
[ log ] o2o.ding.com/index.php/api/city/getcitysbyparentid.html [运行时间：1.072558s][吞吐率：0.93req/s] [内存消耗：2,369.98kb] [文件加载：45]
[ info ] [ LANG ] D:\phpStudy\WWW\my project\webkit\thinkphp\lang\zh-cn.php
[ info ] [ ROUTE ] array (
  'type' => 'module',
  'module' => 
  array (
    0 => 'api',
    1 => 'city',
    2 => 'getcitysbyparentid',
  ),
)
[ info ] [ HEADER ] array (
  'host' => 'o2o.ding.com',
  'connection' => 'keep-alive',
  'content-length' => '4',
  'accept' => 'application/json, text/javascript, */*; q=0.01',
  'origin' => 'http://o2o.ding.com',
  'x-requested-with' => 'XMLHttpRequest',
  'user-agent' => 'Mozilla/5.0 (Windows NT 10.0; Win64; x64) AppleWebKit/537.36 (KHTML, like Gecko) Chrome/63.0.3239.108 Safari/537.36',
  'content-type' => 'application/x-www-form-urlencoded; charset=UTF-8',
  'referer' => 'http://o2o.ding.com/index.php/admin/bis/detail.html?id=4',
  'accept-encoding' => 'gzip, deflate',
  'accept-language' => 'zh-CN,zh;q=0.9',
)
[ info ] [ PARAM ] array (
  'id' => '3',
)
[ info ] [ DB ] INIT mysql
[ info ] [ RUN ] app\api\controller\City->getCitysByParentId[ D:\phpStudy\WWW\my project\webkit\application\api\controller\City.php ]
[ info ] [ LOG ] INIT File
[ sql ] [ DB ] CONNECT:[ UseTime:1.015016s ] mysql:dbname=my_o2o_table;host=localhost;port=3306;charset=utf8
[ sql ] [ SQL ] SHOW COLUMNS FROM `o2o_city` [ RunTime:0.013674s ]
[ sql ] [ SQL ] SELECT * FROM `o2o_city` WHERE  `status` = 1  AND `parent_id` = 3 ORDER BY `id`  desc [ RunTime:0.000876s ]

---------------------------------------------------------------
[ 2017-12-28T17:33:18+08:00 ] 127.0.0.1 127.0.0.1 GET /index.php?s=admin
[ log ] o2o.ding.com/index.php?s=admin [运行时间：0.032648s][吞吐率：30.63req/s] [内存消耗：1,462.50kb] [文件加载：37]
[ info ] [ LANG ] D:\phpStudy\WWW\my project\webkit\thinkphp\lang\zh-cn.php
[ info ] [ ROUTE ] array (
  'type' => 'module',
  'module' => 
  array (
    0 => 'admin',
    1 => NULL,
    2 => NULL,
  ),
)
[ info ] [ HEADER ] array (
  'host' => 'o2o.ding.com',
  'connection' => 'keep-alive',
  'cache-control' => 'max-age=0',
  'user-agent' => 'Mozilla/5.0 (Windows NT 10.0; Win64; x64) AppleWebKit/537.36 (KHTML, like Gecko) Chrome/63.0.3239.108 Safari/537.36',
  'upgrade-insecure-requests' => '1',
  'accept' => 'text/html,application/xhtml+xml,application/xml;q=0.9,image/webp,image/apng,*/*;q=0.8',
  'accept-encoding' => 'gzip, deflate',
  'accept-language' => 'zh-CN,zh;q=0.9',
)
[ info ] [ PARAM ] array (
)
[ info ] [ RUN ] app\admin\controller\Index->index[ D:\phpStudy\WWW\my project\webkit\application\admin\controller\Index.php ]
[ info ] [ VIEW ] D:\phpStudy\WWW\my project\webkit\public/../application/admin\view\index\index.html [ array (
) ]
[ info ] [ LOG ] INIT File

---------------------------------------------------------------
[ 2017-12-28T17:33:19+08:00 ] 127.0.0.1 127.0.0.1 GET /index.php/admin/index/welcome.html
[ log ] o2o.ding.com/index.php/admin/index/welcome.html [运行时间：0.536491s][吞吐率：1.86req/s] [内存消耗：2,117.59kb] [文件加载：38]
[ info ] [ LANG ] D:\phpStudy\WWW\my project\webkit\thinkphp\lang\zh-cn.php
[ info ] [ ROUTE ] array (
  'type' => 'module',
  'module' => 
  array (
    0 => 'admin',
    1 => 'index',
    2 => 'welcome',
  ),
)
[ info ] [ HEADER ] array (
  'host' => 'o2o.ding.com',
  'connection' => 'keep-alive',
  'upgrade-insecure-requests' => '1',
  'user-agent' => 'Mozilla/5.0 (Windows NT 10.0; Win64; x64) AppleWebKit/537.36 (KHTML, like Gecko) Chrome/63.0.3239.108 Safari/537.36',
  'accept' => 'text/html,application/xhtml+xml,application/xml;q=0.9,image/webp,image/apng,*/*;q=0.8',
  'referer' => 'http://o2o.ding.com/index.php?s=admin',
  'accept-encoding' => 'gzip, deflate',
  'accept-language' => 'zh-CN,zh;q=0.9',
)
[ info ] [ PARAM ] array (
)
[ info ] [ RUN ] app\admin\controller\Index->welcome[ D:\phpStudy\WWW\my project\webkit\application\admin\controller\Index.php ]
[ info ] [ LOG ] INIT File

---------------------------------------------------------------
[ 2017-12-28T17:33:22+08:00 ] 127.0.0.1 127.0.0.1 GET /index.php/admin/bis/apply.html
[ log ] o2o.ding.com/index.php/admin/bis/apply.html [运行时间：1.088552s][吞吐率：0.92req/s] [内存消耗：2,601.31kb] [文件加载：51]
[ info ] [ LANG ] D:\phpStudy\WWW\my project\webkit\thinkphp\lang\zh-cn.php
[ info ] [ ROUTE ] array (
  'type' => 'module',
  'module' => 
  array (
    0 => 'admin',
    1 => 'bis',
    2 => 'apply',
  ),
)
[ info ] [ HEADER ] array (
  'host' => 'o2o.ding.com',
  'connection' => 'keep-alive',
  'upgrade-insecure-requests' => '1',
  'user-agent' => 'Mozilla/5.0 (Windows NT 10.0; Win64; x64) AppleWebKit/537.36 (KHTML, like Gecko) Chrome/63.0.3239.108 Safari/537.36',
  'accept' => 'text/html,application/xhtml+xml,application/xml;q=0.9,image/webp,image/apng,*/*;q=0.8',
  'referer' => 'http://o2o.ding.com/index.php?s=admin',
  'accept-encoding' => 'gzip, deflate',
  'accept-language' => 'zh-CN,zh;q=0.9',
)
[ info ] [ PARAM ] array (
)
[ info ] [ RUN ] app\admin\controller\Bis->apply[ D:\phpStudy\WWW\my project\webkit\application\admin\controller\Bis.php ]
[ info ] [ DB ] INIT mysql
[ info ] [ VIEW ] D:\phpStudy\WWW\my project\webkit\public/../application/admin\view\bis\apply.html [ array (
  0 => 'bis',
) ]
[ info ] [ LOG ] INIT File
[ sql ] [ DB ] CONNECT:[ UseTime:1.024493s ] mysql:dbname=my_o2o_table;host=localhost;port=3306;charset=utf8
[ sql ] [ SQL ] SHOW COLUMNS FROM `o2o_bis` [ RunTime:0.013246s ]
[ sql ] [ SQL ] SELECT COUNT(*) AS tp_count FROM `o2o_bis` WHERE  `status` = 0 LIMIT 1 [ RunTime:0.000874s ]
[ sql ] [ SQL ] SELECT * FROM `o2o_bis` WHERE  `status` = 0 ORDER BY `id`  desc LIMIT 0,15 [ RunTime:0.000978s ]

---------------------------------------------------------------
[ 2017-12-28T17:33:25+08:00 ] 127.0.0.1 127.0.0.1 GET /index.php/admin/bis/detail.html?id=4
[ log ] o2o.ding.com/index.php/admin/bis/detail.html?id=4 [运行时间：1.145411s][吞吐率：0.87req/s] [内存消耗：2,765.43kb] [文件加载：53]
[ info ] [ LANG ] D:\phpStudy\WWW\my project\webkit\thinkphp\lang\zh-cn.php
[ info ] [ ROUTE ] array (
  'type' => 'module',
  'module' => 
  array (
    0 => 'admin',
    1 => 'bis',
    2 => 'detail',
  ),
)
[ info ] [ HEADER ] array (
  'host' => 'o2o.ding.com',
  'connection' => 'keep-alive',
  'upgrade-insecure-requests' => '1',
  'user-agent' => 'Mozilla/5.0 (Windows NT 10.0; Win64; x64) AppleWebKit/537.36 (KHTML, like Gecko) Chrome/63.0.3239.108 Safari/537.36',
  'accept' => 'text/html,application/xhtml+xml,application/xml;q=0.9,image/webp,image/apng,*/*;q=0.8',
  'referer' => 'http://o2o.ding.com/index.php/admin/bis/apply.html',
  'accept-encoding' => 'gzip, deflate',
  'accept-language' => 'zh-CN,zh;q=0.9',
)
[ info ] [ PARAM ] array (
  'id' => '4',
)
[ info ] [ RUN ] app\admin\controller\Bis->detail[ D:\phpStudy\WWW\my project\webkit\application\admin\controller\Bis.php ]
[ info ] [ DB ] INIT mysql
[ info ] [ VIEW ] D:\phpStudy\WWW\my project\webkit\public/../application/admin\view\bis\detail.html [ array (
  0 => 'citys',
  1 => 'categorys',
  2 => 'bisData',
  3 => 'locationData',
  4 => 'accountData',
) ]
[ info ] [ LOG ] INIT File
[ sql ] [ DB ] CONNECT:[ UseTime:1.025738s ] mysql:dbname=my_o2o_table;host=localhost;port=3306;charset=utf8
[ sql ] [ SQL ] SHOW COLUMNS FROM `o2o_city` [ RunTime:0.013110s ]
[ sql ] [ SQL ] SELECT * FROM `o2o_city` WHERE  `status` = 1  AND `parent_id` = 0 ORDER BY `id`  desc [ RunTime:0.000838s ]
[ sql ] [ SQL ] SHOW COLUMNS FROM `o2o_category` [ RunTime:0.010243s ]
[ sql ] [ SQL ] SELECT * FROM `o2o_category` WHERE  `status` = 1  AND `parent_id` = 0 ORDER BY `id`  desc [ RunTime:0.000836s ]
[ sql ] [ SQL ] SHOW COLUMNS FROM `o2o_bis` [ RunTime:0.010169s ]
[ sql ] [ SQL ] SELECT * FROM `o2o_bis` WHERE  `id` = 4 LIMIT 1 [ RunTime:0.000829s ]
[ sql ] [ SQL ] SHOW COLUMNS FROM `o2o_bis_location` [ RunTime:0.010337s ]
[ sql ] [ SQL ] SELECT * FROM `o2o_bis_location` WHERE  `bis_id` = 4  AND `is_main` = 1 LIMIT 1 [ RunTime:0.000963s ]
[ sql ] [ SQL ] SHOW COLUMNS FROM `o2o_bis_account` [ RunTime:0.010216s ]
[ sql ] [ SQL ] SELECT * FROM `o2o_bis_account` WHERE  `bis_id` = 4  AND `is_main` = 1 LIMIT 1 [ RunTime:0.001294s ]
[ sql ] [ SQL ] SELECT * FROM `o2o_city` LIMIT 1 [ RunTime:0.000753s ]

---------------------------------------------------------------
[ 2017-12-28T17:36:36+08:00 ] 127.0.0.1 127.0.0.1 GET /index.php/admin/bis/apply.html
[ log ] o2o.ding.com/index.php/admin/bis/apply.html [运行时间：1.091445s][吞吐率：0.92req/s] [内存消耗：2,601.31kb] [文件加载：51]
[ info ] [ LANG ] D:\phpStudy\WWW\my project\webkit\thinkphp\lang\zh-cn.php
[ info ] [ ROUTE ] array (
  'type' => 'module',
  'module' => 
  array (
    0 => 'admin',
    1 => 'bis',
    2 => 'apply',
  ),
)
[ info ] [ HEADER ] array (
  'host' => 'o2o.ding.com',
  'connection' => 'keep-alive',
  'upgrade-insecure-requests' => '1',
  'user-agent' => 'Mozilla/5.0 (Windows NT 10.0; Win64; x64) AppleWebKit/537.36 (KHTML, like Gecko) Chrome/63.0.3239.108 Safari/537.36',
  'accept' => 'text/html,application/xhtml+xml,application/xml;q=0.9,image/webp,image/apng,*/*;q=0.8',
  'referer' => 'http://o2o.ding.com/index.php?s=admin',
  'accept-encoding' => 'gzip, deflate',
  'accept-language' => 'zh-CN,zh;q=0.9',
)
[ info ] [ PARAM ] array (
)
[ info ] [ RUN ] app\admin\controller\Bis->apply[ D:\phpStudy\WWW\my project\webkit\application\admin\controller\Bis.php ]
[ info ] [ DB ] INIT mysql
[ info ] [ VIEW ] D:\phpStudy\WWW\my project\webkit\public/../application/admin\view\bis\apply.html [ array (
  0 => 'bis',
) ]
[ info ] [ LOG ] INIT File
[ sql ] [ DB ] CONNECT:[ UseTime:1.024826s ] mysql:dbname=my_o2o_table;host=localhost;port=3306;charset=utf8
[ sql ] [ SQL ] SHOW COLUMNS FROM `o2o_bis` [ RunTime:0.013312s ]
[ sql ] [ SQL ] SELECT COUNT(*) AS tp_count FROM `o2o_bis` WHERE  `status` = 0 LIMIT 1 [ RunTime:0.000717s ]
[ sql ] [ SQL ] SELECT * FROM `o2o_bis` WHERE  `status` = 0 ORDER BY `id`  desc LIMIT 0,15 [ RunTime:0.000834s ]

---------------------------------------------------------------
[ 2017-12-28T17:36:39+08:00 ] 127.0.0.1 127.0.0.1 GET /index.php/admin/bis/detail.html?id=4
[ log ] o2o.ding.com/index.php/admin/bis/detail.html?id=4 [运行时间：1.140368s][吞吐率：0.88req/s] [内存消耗：2,765.89kb] [文件加载：53]
[ info ] [ LANG ] D:\phpStudy\WWW\my project\webkit\thinkphp\lang\zh-cn.php
[ info ] [ ROUTE ] array (
  'type' => 'module',
  'module' => 
  array (
    0 => 'admin',
    1 => 'bis',
    2 => 'detail',
  ),
)
[ info ] [ HEADER ] array (
  'host' => 'o2o.ding.com',
  'connection' => 'keep-alive',
  'upgrade-insecure-requests' => '1',
  'user-agent' => 'Mozilla/5.0 (Windows NT 10.0; Win64; x64) AppleWebKit/537.36 (KHTML, like Gecko) Chrome/63.0.3239.108 Safari/537.36',
  'accept' => 'text/html,application/xhtml+xml,application/xml;q=0.9,image/webp,image/apng,*/*;q=0.8',
  'referer' => 'http://o2o.ding.com/index.php/admin/bis/apply.html',
  'accept-encoding' => 'gzip, deflate',
  'accept-language' => 'zh-CN,zh;q=0.9',
)
[ info ] [ PARAM ] array (
  'id' => '4',
)
[ info ] [ RUN ] app\admin\controller\Bis->detail[ D:\phpStudy\WWW\my project\webkit\application\admin\controller\Bis.php ]
[ info ] [ DB ] INIT mysql
[ info ] [ VIEW ] D:\phpStudy\WWW\my project\webkit\public/../application/admin\view\bis\detail.html [ array (
  0 => 'citys',
  1 => 'categorys',
  2 => 'bisData',
  3 => 'locationData',
  4 => 'accountData',
) ]
[ info ] [ LOG ] INIT File
[ sql ] [ DB ] CONNECT:[ UseTime:1.016175s ] mysql:dbname=my_o2o_table;host=localhost;port=3306;charset=utf8
[ sql ] [ SQL ] SHOW COLUMNS FROM `o2o_city` [ RunTime:0.013580s ]
[ sql ] [ SQL ] SELECT * FROM `o2o_city` WHERE  `status` = 1  AND `parent_id` = 0 ORDER BY `id`  desc [ RunTime:0.000882s ]
[ sql ] [ SQL ] SHOW COLUMNS FROM `o2o_category` [ RunTime:0.009593s ]
[ sql ] [ SQL ] SELECT * FROM `o2o_category` WHERE  `status` = 1  AND `parent_id` = 0 ORDER BY `id`  desc [ RunTime:0.001204s ]
[ sql ] [ SQL ] SHOW COLUMNS FROM `o2o_bis` [ RunTime:0.010571s ]
[ sql ] [ SQL ] SELECT * FROM `o2o_bis` WHERE  `id` = 4 LIMIT 1 [ RunTime:0.000805s ]
[ sql ] [ SQL ] SHOW COLUMNS FROM `o2o_bis_location` [ RunTime:0.011221s ]
[ sql ] [ SQL ] SELECT * FROM `o2o_bis_location` WHERE  `bis_id` = 4  AND `is_main` = 1 LIMIT 1 [ RunTime:0.001060s ]
[ sql ] [ SQL ] SHOW COLUMNS FROM `o2o_bis_account` [ RunTime:0.011250s ]
[ sql ] [ SQL ] SELECT * FROM `o2o_bis_account` WHERE  `bis_id` = 4  AND `is_main` = 1 LIMIT 1 [ RunTime:0.000946s ]
[ sql ] [ SQL ] SELECT * FROM `o2o_city` LIMIT 1 [ RunTime:0.000860s ]

---------------------------------------------------------------
[ 2017-12-28T17:37:58+08:00 ] 127.0.0.1 127.0.0.1 GET /index.php/admin/bis/apply.html
[ log ] o2o.ding.com/index.php/admin/bis/apply.html [运行时间：1.092124s][吞吐率：0.92req/s] [内存消耗：2,601.31kb] [文件加载：51]
[ info ] [ LANG ] D:\phpStudy\WWW\my project\webkit\thinkphp\lang\zh-cn.php
[ info ] [ ROUTE ] array (
  'type' => 'module',
  'module' => 
  array (
    0 => 'admin',
    1 => 'bis',
    2 => 'apply',
  ),
)
[ info ] [ HEADER ] array (
  'host' => 'o2o.ding.com',
  'connection' => 'keep-alive',
  'upgrade-insecure-requests' => '1',
  'user-agent' => 'Mozilla/5.0 (Windows NT 10.0; Win64; x64) AppleWebKit/537.36 (KHTML, like Gecko) Chrome/63.0.3239.108 Safari/537.36',
  'accept' => 'text/html,application/xhtml+xml,application/xml;q=0.9,image/webp,image/apng,*/*;q=0.8',
  'referer' => 'http://o2o.ding.com/index.php?s=admin',
  'accept-encoding' => 'gzip, deflate',
  'accept-language' => 'zh-CN,zh;q=0.9',
)
[ info ] [ PARAM ] array (
)
[ info ] [ RUN ] app\admin\controller\Bis->apply[ D:\phpStudy\WWW\my project\webkit\application\admin\controller\Bis.php ]
[ info ] [ DB ] INIT mysql
[ info ] [ VIEW ] D:\phpStudy\WWW\my project\webkit\public/../application/admin\view\bis\apply.html [ array (
  0 => 'bis',
) ]
[ info ] [ LOG ] INIT File
[ sql ] [ DB ] CONNECT:[ UseTime:1.026757s ] mysql:dbname=my_o2o_table;host=localhost;port=3306;charset=utf8
[ sql ] [ SQL ] SHOW COLUMNS FROM `o2o_bis` [ RunTime:0.012941s ]
[ sql ] [ SQL ] SELECT COUNT(*) AS tp_count FROM `o2o_bis` WHERE  `status` = 0 LIMIT 1 [ RunTime:0.000800s ]
[ sql ] [ SQL ] SELECT * FROM `o2o_bis` WHERE  `status` = 0 ORDER BY `id`  desc LIMIT 0,15 [ RunTime:0.000857s ]

---------------------------------------------------------------
[ 2017-12-28T17:38:01+08:00 ] 127.0.0.1 127.0.0.1 GET /index.php/admin/bis/detail.html?id=4
[ log ] o2o.ding.com/index.php/admin/bis/detail.html?id=4 [运行时间：1.127497s][吞吐率：0.89req/s] [内存消耗：2,766.23kb] [文件加载：53]
[ info ] [ LANG ] D:\phpStudy\WWW\my project\webkit\thinkphp\lang\zh-cn.php
[ info ] [ ROUTE ] array (
  'type' => 'module',
  'module' => 
  array (
    0 => 'admin',
    1 => 'bis',
    2 => 'detail',
  ),
)
[ info ] [ HEADER ] array (
  'host' => 'o2o.ding.com',
  'connection' => 'keep-alive',
  'upgrade-insecure-requests' => '1',
  'user-agent' => 'Mozilla/5.0 (Windows NT 10.0; Win64; x64) AppleWebKit/537.36 (KHTML, like Gecko) Chrome/63.0.3239.108 Safari/537.36',
  'accept' => 'text/html,application/xhtml+xml,application/xml;q=0.9,image/webp,image/apng,*/*;q=0.8',
  'referer' => 'http://o2o.ding.com/index.php/admin/bis/apply.html',
  'accept-encoding' => 'gzip, deflate',
  'accept-language' => 'zh-CN,zh;q=0.9',
)
[ info ] [ PARAM ] array (
  'id' => '4',
)
[ info ] [ RUN ] app\admin\controller\Bis->detail[ D:\phpStudy\WWW\my project\webkit\application\admin\controller\Bis.php ]
[ info ] [ DB ] INIT mysql
[ info ] [ VIEW ] D:\phpStudy\WWW\my project\webkit\public/../application/admin\view\bis\detail.html [ array (
  0 => 'citys',
  1 => 'categorys',
  2 => 'bisData',
  3 => 'locationData',
  4 => 'accountData',
) ]
[ info ] [ LOG ] INIT File
[ sql ] [ DB ] CONNECT:[ UseTime:1.007067s ] mysql:dbname=my_o2o_table;host=localhost;port=3306;charset=utf8
[ sql ] [ SQL ] SHOW COLUMNS FROM `o2o_city` [ RunTime:0.013371s ]
[ sql ] [ SQL ] SELECT * FROM `o2o_city` WHERE  `status` = 1  AND `parent_id` = 0 ORDER BY `id`  desc [ RunTime:0.000855s ]
[ sql ] [ SQL ] SHOW COLUMNS FROM `o2o_category` [ RunTime:0.010541s ]
[ sql ] [ SQL ] SELECT * FROM `o2o_category` WHERE  `status` = 1  AND `parent_id` = 0 ORDER BY `id`  desc [ RunTime:0.000746s ]
[ sql ] [ SQL ] SHOW COLUMNS FROM `o2o_bis` [ RunTime:0.009821s ]
[ sql ] [ SQL ] SELECT * FROM `o2o_bis` WHERE  `id` = 4 LIMIT 1 [ RunTime:0.000881s ]
[ sql ] [ SQL ] SHOW COLUMNS FROM `o2o_bis_location` [ RunTime:0.010653s ]
[ sql ] [ SQL ] SELECT * FROM `o2o_bis_location` WHERE  `bis_id` = 4  AND `is_main` = 1 LIMIT 1 [ RunTime:0.000930s ]
[ sql ] [ SQL ] SHOW COLUMNS FROM `o2o_bis_account` [ RunTime:0.009364s ]
[ sql ] [ SQL ] SELECT * FROM `o2o_bis_account` WHERE  `bis_id` = 4  AND `is_main` = 1 LIMIT 1 [ RunTime:0.000857s ]
[ sql ] [ SQL ] SELECT * FROM `o2o_city` LIMIT 1 [ RunTime:0.000702s ]

---------------------------------------------------------------
[ 2017-12-28T17:40:37+08:00 ] 127.0.0.1 127.0.0.1 GET /index.php/admin/bis/apply.html
[ log ] o2o.ding.com/index.php/admin/bis/apply.html [运行时间：1.080217s][吞吐率：0.93req/s] [内存消耗：2,601.31kb] [文件加载：51]
[ info ] [ LANG ] D:\phpStudy\WWW\my project\webkit\thinkphp\lang\zh-cn.php
[ info ] [ ROUTE ] array (
  'type' => 'module',
  'module' => 
  array (
    0 => 'admin',
    1 => 'bis',
    2 => 'apply',
  ),
)
[ info ] [ HEADER ] array (
  'host' => 'o2o.ding.com',
  'connection' => 'keep-alive',
  'upgrade-insecure-requests' => '1',
  'user-agent' => 'Mozilla/5.0 (Windows NT 10.0; Win64; x64) AppleWebKit/537.36 (KHTML, like Gecko) Chrome/63.0.3239.108 Safari/537.36',
  'accept' => 'text/html,application/xhtml+xml,application/xml;q=0.9,image/webp,image/apng,*/*;q=0.8',
  'referer' => 'http://o2o.ding.com/index.php?s=admin',
  'accept-encoding' => 'gzip, deflate',
  'accept-language' => 'zh-CN,zh;q=0.9',
)
[ info ] [ PARAM ] array (
)
[ info ] [ RUN ] app\admin\controller\Bis->apply[ D:\phpStudy\WWW\my project\webkit\application\admin\controller\Bis.php ]
[ info ] [ DB ] INIT mysql
[ info ] [ VIEW ] D:\phpStudy\WWW\my project\webkit\public/../application/admin\view\bis\apply.html [ array (
  0 => 'bis',
) ]
[ info ] [ LOG ] INIT File
[ sql ] [ DB ] CONNECT:[ UseTime:1.015673s ] mysql:dbname=my_o2o_table;host=localhost;port=3306;charset=utf8
[ sql ] [ SQL ] SHOW COLUMNS FROM `o2o_bis` [ RunTime:0.013421s ]
[ sql ] [ SQL ] SELECT COUNT(*) AS tp_count FROM `o2o_bis` WHERE  `status` = 0 LIMIT 1 [ RunTime:0.000818s ]
[ sql ] [ SQL ] SELECT * FROM `o2o_bis` WHERE  `status` = 0 ORDER BY `id`  desc LIMIT 0,15 [ RunTime:0.000931s ]

---------------------------------------------------------------
[ 2017-12-28T17:40:40+08:00 ] 127.0.0.1 127.0.0.1 GET /index.php/admin/bis/detail.html?id=4
[ log ] o2o.ding.com/index.php/admin/bis/detail.html?id=4 [运行时间：1.196403s][吞吐率：0.84req/s] [内存消耗：2,748.16kb] [文件加载：54]
[ info ] [ LANG ] D:\phpStudy\WWW\my project\webkit\thinkphp\lang\zh-cn.php
[ info ] [ ROUTE ] array (
  'type' => 'module',
  'module' => 
  array (
    0 => 'admin',
    1 => 'bis',
    2 => 'detail',
  ),
)
[ info ] [ HEADER ] array (
  'host' => 'o2o.ding.com',
  'connection' => 'keep-alive',
  'upgrade-insecure-requests' => '1',
  'user-agent' => 'Mozilla/5.0 (Windows NT 10.0; Win64; x64) AppleWebKit/537.36 (KHTML, like Gecko) Chrome/63.0.3239.108 Safari/537.36',
  'accept' => 'text/html,application/xhtml+xml,application/xml;q=0.9,image/webp,image/apng,*/*;q=0.8',
  'referer' => 'http://o2o.ding.com/index.php/admin/bis/apply.html',
  'accept-encoding' => 'gzip, deflate',
  'accept-language' => 'zh-CN,zh;q=0.9',
)
[ info ] [ PARAM ] array (
  'id' => '4',
)
[ info ] [ RUN ] app\admin\controller\Bis->detail[ D:\phpStudy\WWW\my project\webkit\application\admin\controller\Bis.php ]
[ info ] [ DB ] INIT mysql
[ info ] [ VIEW ] D:\phpStudy\WWW\my project\webkit\public/../application/admin\view\bis\detail.html [ array (
  0 => 'citys',
  1 => 'categorys',
  2 => 'bisData',
  3 => 'locationData',
  4 => 'accountData',
) ]
[ info ] [ LOG ] INIT File
[ sql ] [ DB ] CONNECT:[ UseTime:1.016094s ] mysql:dbname=my_o2o_table;host=localhost;port=3306;charset=utf8
[ sql ] [ SQL ] SHOW COLUMNS FROM `o2o_city` [ RunTime:0.012132s ]
[ sql ] [ SQL ] SELECT * FROM `o2o_city` WHERE  `status` = 1  AND `parent_id` = 0 ORDER BY `id`  desc [ RunTime:0.000843s ]
[ sql ] [ SQL ] SHOW COLUMNS FROM `o2o_category` [ RunTime:0.010797s ]
[ sql ] [ SQL ] SELECT * FROM `o2o_category` WHERE  `status` = 1  AND `parent_id` = 0 ORDER BY `id`  desc [ RunTime:0.000761s ]
[ sql ] [ SQL ] SHOW COLUMNS FROM `o2o_bis` [ RunTime:0.010129s ]
[ sql ] [ SQL ] SELECT * FROM `o2o_bis` WHERE  `id` = 4 LIMIT 1 [ RunTime:0.000796s ]
[ sql ] [ SQL ] SHOW COLUMNS FROM `o2o_bis_location` [ RunTime:0.010284s ]
[ sql ] [ SQL ] SELECT * FROM `o2o_bis_location` WHERE  `bis_id` = 4  AND `is_main` = 1 LIMIT 1 [ RunTime:0.000962s ]
[ sql ] [ SQL ] SHOW COLUMNS FROM `o2o_bis_account` [ RunTime:0.010451s ]
[ sql ] [ SQL ] SELECT * FROM `o2o_bis_account` WHERE  `bis_id` = 4  AND `is_main` = 1 LIMIT 1 [ RunTime:0.000817s ]
[ sql ] [ SQL ] SELECT * FROM `o2o_city` LIMIT 1 [ RunTime:0.000725s ]
[ error ] [0]类的属性不存在:app\common\model\Bis->category_id[D:\phpStudy\WWW\my project\webkit\thinkphp\library\think\Model.php:424]

---------------------------------------------------------------
[ 2017-12-28T17:41:25+08:00 ] 127.0.0.1 127.0.0.1 GET /index.php/admin/bis/apply.html
[ log ] o2o.ding.com/index.php/admin/bis/apply.html [运行时间：1.087085s][吞吐率：0.92req/s] [内存消耗：2,601.31kb] [文件加载：51]
[ info ] [ LANG ] D:\phpStudy\WWW\my project\webkit\thinkphp\lang\zh-cn.php
[ info ] [ ROUTE ] array (
  'type' => 'module',
  'module' => 
  array (
    0 => 'admin',
    1 => 'bis',
    2 => 'apply',
  ),
)
[ info ] [ HEADER ] array (
  'host' => 'o2o.ding.com',
  'connection' => 'keep-alive',
  'upgrade-insecure-requests' => '1',
  'user-agent' => 'Mozilla/5.0 (Windows NT 10.0; Win64; x64) AppleWebKit/537.36 (KHTML, like Gecko) Chrome/63.0.3239.108 Safari/537.36',
  'accept' => 'text/html,application/xhtml+xml,application/xml;q=0.9,image/webp,image/apng,*/*;q=0.8',
  'referer' => 'http://o2o.ding.com/index.php?s=admin',
  'accept-encoding' => 'gzip, deflate',
  'accept-language' => 'zh-CN,zh;q=0.9',
)
[ info ] [ PARAM ] array (
)
[ info ] [ RUN ] app\admin\controller\Bis->apply[ D:\phpStudy\WWW\my project\webkit\application\admin\controller\Bis.php ]
[ info ] [ DB ] INIT mysql
[ info ] [ VIEW ] D:\phpStudy\WWW\my project\webkit\public/../application/admin\view\bis\apply.html [ array (
  0 => 'bis',
) ]
[ info ] [ LOG ] INIT File
[ sql ] [ DB ] CONNECT:[ UseTime:1.025442s ] mysql:dbname=my_o2o_table;host=localhost;port=3306;charset=utf8
[ sql ] [ SQL ] SHOW COLUMNS FROM `o2o_bis` [ RunTime:0.013817s ]
[ sql ] [ SQL ] SELECT COUNT(*) AS tp_count FROM `o2o_bis` WHERE  `status` = 0 LIMIT 1 [ RunTime:0.000762s ]
[ sql ] [ SQL ] SELECT * FROM `o2o_bis` WHERE  `status` = 0 ORDER BY `id`  desc LIMIT 0,15 [ RunTime:0.000858s ]

---------------------------------------------------------------
[ 2017-12-28T17:41:28+08:00 ] 127.0.0.1 127.0.0.1 GET /index.php/admin/bis/detail.html?id=4
[ log ] o2o.ding.com/index.php/admin/bis/detail.html?id=4 [运行时间：1.147784s][吞吐率：0.87req/s] [内存消耗：2,766.90kb] [文件加载：53]
[ info ] [ LANG ] D:\phpStudy\WWW\my project\webkit\thinkphp\lang\zh-cn.php
[ info ] [ ROUTE ] array (
  'type' => 'module',
  'module' => 
  array (
    0 => 'admin',
    1 => 'bis',
    2 => 'detail',
  ),
)
[ info ] [ HEADER ] array (
  'host' => 'o2o.ding.com',
  'connection' => 'keep-alive',
  'upgrade-insecure-requests' => '1',
  'user-agent' => 'Mozilla/5.0 (Windows NT 10.0; Win64; x64) AppleWebKit/537.36 (KHTML, like Gecko) Chrome/63.0.3239.108 Safari/537.36',
  'accept' => 'text/html,application/xhtml+xml,application/xml;q=0.9,image/webp,image/apng,*/*;q=0.8',
  'referer' => 'http://o2o.ding.com/index.php/admin/bis/apply.html',
  'accept-encoding' => 'gzip, deflate',
  'accept-language' => 'zh-CN,zh;q=0.9',
)
[ info ] [ PARAM ] array (
  'id' => '4',
)
[ info ] [ RUN ] app\admin\controller\Bis->detail[ D:\phpStudy\WWW\my project\webkit\application\admin\controller\Bis.php ]
[ info ] [ DB ] INIT mysql
[ info ] [ VIEW ] D:\phpStudy\WWW\my project\webkit\public/../application/admin\view\bis\detail.html [ array (
  0 => 'citys',
  1 => 'categorys',
  2 => 'bisData',
  3 => 'locationData',
  4 => 'accountData',
) ]
[ info ] [ LOG ] INIT File
[ sql ] [ DB ] CONNECT:[ UseTime:1.025451s ] mysql:dbname=my_o2o_table;host=localhost;port=3306;charset=utf8
[ sql ] [ SQL ] SHOW COLUMNS FROM `o2o_city` [ RunTime:0.012666s ]
[ sql ] [ SQL ] SELECT * FROM `o2o_city` WHERE  `status` = 1  AND `parent_id` = 0 ORDER BY `id`  desc [ RunTime:0.000833s ]
[ sql ] [ SQL ] SHOW COLUMNS FROM `o2o_category` [ RunTime:0.009437s ]
[ sql ] [ SQL ] SELECT * FROM `o2o_category` WHERE  `status` = 1  AND `parent_id` = 0 ORDER BY `id`  desc [ RunTime:0.000794s ]
[ sql ] [ SQL ] SHOW COLUMNS FROM `o2o_bis` [ RunTime:0.010619s ]
[ sql ] [ SQL ] SELECT * FROM `o2o_bis` WHERE  `id` = 4 LIMIT 1 [ RunTime:0.001145s ]
[ sql ] [ SQL ] SHOW COLUMNS FROM `o2o_bis_location` [ RunTime:0.010079s ]
[ sql ] [ SQL ] SELECT * FROM `o2o_bis_location` WHERE  `bis_id` = 4  AND `is_main` = 1 LIMIT 1 [ RunTime:0.000911s ]
[ sql ] [ SQL ] SHOW COLUMNS FROM `o2o_bis_account` [ RunTime:0.010873s ]
[ sql ] [ SQL ] SELECT * FROM `o2o_bis_account` WHERE  `bis_id` = 4  AND `is_main` = 1 LIMIT 1 [ RunTime:0.000874s ]
[ sql ] [ SQL ] SELECT * FROM `o2o_city` LIMIT 1 [ RunTime:0.000710s ]

---------------------------------------------------------------
[ 2017-12-28T17:41:55+08:00 ] 127.0.0.1 127.0.0.1 GET /index.php/admin/bis/apply.html
[ log ] o2o.ding.com/index.php/admin/bis/apply.html [运行时间：1.085222s][吞吐率：0.92req/s] [内存消耗：2,601.31kb] [文件加载：51]
[ info ] [ LANG ] D:\phpStudy\WWW\my project\webkit\thinkphp\lang\zh-cn.php
[ info ] [ ROUTE ] array (
  'type' => 'module',
  'module' => 
  array (
    0 => 'admin',
    1 => 'bis',
    2 => 'apply',
  ),
)
[ info ] [ HEADER ] array (
  'host' => 'o2o.ding.com',
  'connection' => 'keep-alive',
  'upgrade-insecure-requests' => '1',
  'user-agent' => 'Mozilla/5.0 (Windows NT 10.0; Win64; x64) AppleWebKit/537.36 (KHTML, like Gecko) Chrome/63.0.3239.108 Safari/537.36',
  'accept' => 'text/html,application/xhtml+xml,application/xml;q=0.9,image/webp,image/apng,*/*;q=0.8',
  'referer' => 'http://o2o.ding.com/index.php?s=admin',
  'accept-encoding' => 'gzip, deflate',
  'accept-language' => 'zh-CN,zh;q=0.9',
)
[ info ] [ PARAM ] array (
)
[ info ] [ RUN ] app\admin\controller\Bis->apply[ D:\phpStudy\WWW\my project\webkit\application\admin\controller\Bis.php ]
[ info ] [ DB ] INIT mysql
[ info ] [ VIEW ] D:\phpStudy\WWW\my project\webkit\public/../application/admin\view\bis\apply.html [ array (
  0 => 'bis',
) ]
[ info ] [ LOG ] INIT File
[ sql ] [ DB ] CONNECT:[ UseTime:1.025216s ] mysql:dbname=my_o2o_table;host=localhost;port=3306;charset=utf8
[ sql ] [ SQL ] SHOW COLUMNS FROM `o2o_bis` [ RunTime:0.013150s ]
[ sql ] [ SQL ] SELECT COUNT(*) AS tp_count FROM `o2o_bis` WHERE  `status` = 0 LIMIT 1 [ RunTime:0.000817s ]
[ sql ] [ SQL ] SELECT * FROM `o2o_bis` WHERE  `status` = 0 ORDER BY `id`  desc LIMIT 0,15 [ RunTime:0.000937s ]

---------------------------------------------------------------
[ 2017-12-28T17:41:58+08:00 ] 127.0.0.1 127.0.0.1 GET /index.php/admin/bis/detail.html?id=1
[ log ] o2o.ding.com/index.php/admin/bis/detail.html?id=1 [运行时间：1.139757s][吞吐率：0.88req/s] [内存消耗：2,592.02kb] [文件加载：51]
[ info ] [ LANG ] D:\phpStudy\WWW\my project\webkit\thinkphp\lang\zh-cn.php
[ info ] [ ROUTE ] array (
  'type' => 'module',
  'module' => 
  array (
    0 => 'admin',
    1 => 'bis',
    2 => 'detail',
  ),
)
[ info ] [ HEADER ] array (
  'host' => 'o2o.ding.com',
  'connection' => 'keep-alive',
  'upgrade-insecure-requests' => '1',
  'user-agent' => 'Mozilla/5.0 (Windows NT 10.0; Win64; x64) AppleWebKit/537.36 (KHTML, like Gecko) Chrome/63.0.3239.108 Safari/537.36',
  'accept' => 'text/html,application/xhtml+xml,application/xml;q=0.9,image/webp,image/apng,*/*;q=0.8',
  'referer' => 'http://o2o.ding.com/index.php/admin/bis/apply.html',
  'accept-encoding' => 'gzip, deflate',
  'accept-language' => 'zh-CN,zh;q=0.9',
)
[ info ] [ PARAM ] array (
  'id' => '1',
)
[ info ] [ RUN ] app\admin\controller\Bis->detail[ D:\phpStudy\WWW\my project\webkit\application\admin\controller\Bis.php ]
[ info ] [ DB ] INIT mysql
[ info ] [ VIEW ] D:\phpStudy\WWW\my project\webkit\public/../application/admin\view\bis\detail.html [ array (
  0 => 'citys',
  1 => 'categorys',
  2 => 'bisData',
  3 => 'locationData',
  4 => 'accountData',
) ]
[ info ] [ LOG ] INIT File
[ sql ] [ DB ] CONNECT:[ UseTime:1.024946s ] mysql:dbname=my_o2o_table;host=localhost;port=3306;charset=utf8
[ sql ] [ SQL ] SHOW COLUMNS FROM `o2o_city` [ RunTime:0.013302s ]
[ sql ] [ SQL ] SELECT * FROM `o2o_city` WHERE  `status` = 1  AND `parent_id` = 0 ORDER BY `id`  desc [ RunTime:0.000872s ]
[ sql ] [ SQL ] SHOW COLUMNS FROM `o2o_category` [ RunTime:0.012243s ]
[ sql ] [ SQL ] SELECT * FROM `o2o_category` WHERE  `status` = 1  AND `parent_id` = 0 ORDER BY `id`  desc [ RunTime:0.000738s ]
[ sql ] [ SQL ] SHOW COLUMNS FROM `o2o_bis` [ RunTime:0.010408s ]
[ sql ] [ SQL ] SELECT * FROM `o2o_bis` WHERE  `id` = 1 LIMIT 1 [ RunTime:0.000857s ]
[ sql ] [ SQL ] SHOW COLUMNS FROM `o2o_bis_location` [ RunTime:0.009977s ]
[ sql ] [ SQL ] SELECT * FROM `o2o_bis_location` WHERE  `bis_id` = 1  AND `is_main` = 1 LIMIT 1 [ RunTime:0.001027s ]
[ sql ] [ SQL ] SHOW COLUMNS FROM `o2o_bis_account` [ RunTime:0.010465s ]
[ sql ] [ SQL ] SELECT * FROM `o2o_bis_account` WHERE  `bis_id` = 1  AND `is_main` = 1 LIMIT 1 [ RunTime:0.000737s ]
[ sql ] [ SQL ] SELECT * FROM `o2o_city` LIMIT 1 [ RunTime:0.000791s ]

---------------------------------------------------------------
[ 2017-12-28T17:44:01+08:00 ] 127.0.0.1 127.0.0.1 POST /index.php/api/city/getcitysbyparentid.html
[ log ] o2o.ding.com/index.php/api/city/getcitysbyparentid.html [运行时间：1.076121s][吞吐率：0.93req/s] [内存消耗：2,369.98kb] [文件加载：45]
[ info ] [ LANG ] D:\phpStudy\WWW\my project\webkit\thinkphp\lang\zh-cn.php
[ info ] [ ROUTE ] array (
  'type' => 'module',
  'module' => 
  array (
    0 => 'api',
    1 => 'city',
    2 => 'getcitysbyparentid',
  ),
)
[ info ] [ HEADER ] array (
  'host' => 'o2o.ding.com',
  'connection' => 'keep-alive',
  'content-length' => '4',
  'accept' => 'application/json, text/javascript, */*; q=0.01',
  'origin' => 'http://o2o.ding.com',
  'x-requested-with' => 'XMLHttpRequest',
  'user-agent' => 'Mozilla/5.0 (Windows NT 10.0; Win64; x64) AppleWebKit/537.36 (KHTML, like Gecko) Chrome/63.0.3239.108 Safari/537.36',
  'content-type' => 'application/x-www-form-urlencoded; charset=UTF-8',
  'referer' => 'http://o2o.ding.com/index.php/admin/bis/detail.html?id=1',
  'accept-encoding' => 'gzip, deflate',
  'accept-language' => 'zh-CN,zh;q=0.9',
)
[ info ] [ PARAM ] array (
  'id' => '3',
)
[ info ] [ DB ] INIT mysql
[ info ] [ RUN ] app\api\controller\City->getCitysByParentId[ D:\phpStudy\WWW\my project\webkit\application\api\controller\City.php ]
[ info ] [ LOG ] INIT File
[ sql ] [ DB ] CONNECT:[ UseTime:1.014972s ] mysql:dbname=my_o2o_table;host=localhost;port=3306;charset=utf8
[ sql ] [ SQL ] SHOW COLUMNS FROM `o2o_city` [ RunTime:0.012877s ]
[ sql ] [ SQL ] SELECT * FROM `o2o_city` WHERE  `status` = 1  AND `parent_id` = 3 ORDER BY `id`  desc [ RunTime:0.000837s ]

---------------------------------------------------------------
