[ 2018-01-10T10:23:45+08:00 ] 127.0.0.1 127.0.0.1 GET /index.php?s=admin
[ log ] o2o.ding.com/index.php?s=admin [运行时间：0.573023s][吞吐率：1.75req/s] [内存消耗：1,644.48kb] [文件加载：44]
[ info ] [ LANG ] D:\phpStudy\WWW\my project\webkit\thinkphp\lang\zh-cn.php
[ info ] [ ROUTE ] array (
  'type' => 'module',
  'module' => 
  array (
    0 => 'admin',
    1 => NULL,
    2 => NULL,
  ),
)
[ info ] [ HEADER ] array (
  'host' => 'o2o.ding.com',
  'connection' => 'keep-alive',
  'user-agent' => 'Mozilla/5.0 (Windows NT 10.0; Win64; x64) AppleWebKit/537.36 (KHTML, like Gecko) Chrome/63.0.3239.108 Safari/537.36',
  'upgrade-insecure-requests' => '1',
  'accept' => 'text/html,application/xhtml+xml,application/xml;q=0.9,image/webp,image/apng,*/*;q=0.8',
  'accept-encoding' => 'gzip, deflate',
  'accept-language' => 'zh-CN,zh;q=0.9',
)
[ info ] [ PARAM ] array (
)
[ info ] [ RUN ] app\admin\controller\Index->index[ D:\phpStudy\WWW\my project\webkit\application\admin\controller\Index.php ]
[ info ] [ VIEW ] D:\phpStudy\WWW\my project\webkit\public/../application/admin\view\index\index.html [ array (
) ]
[ info ] [ LOG ] INIT File

---------------------------------------------------------------
[ 2018-01-10T10:23:47+08:00 ] 127.0.0.1 127.0.0.1 GET /index.php/admin/index/welcome.html
[ log ] o2o.ding.com/index.php/admin/index/welcome.html [运行时间：1.076829s][吞吐率：0.93req/s] [内存消耗：2,299.73kb] [文件加载：45]
[ info ] [ LANG ] D:\phpStudy\WWW\my project\webkit\thinkphp\lang\zh-cn.php
[ info ] [ ROUTE ] array (
  'type' => 'module',
  'module' => 
  array (
    0 => 'admin',
    1 => 'index',
    2 => 'welcome',
  ),
)
[ info ] [ HEADER ] array (
  'host' => 'o2o.ding.com',
  'connection' => 'keep-alive',
  'upgrade-insecure-requests' => '1',
  'user-agent' => 'Mozilla/5.0 (Windows NT 10.0; Win64; x64) AppleWebKit/537.36 (KHTML, like Gecko) Chrome/63.0.3239.108 Safari/537.36',
  'accept' => 'text/html,application/xhtml+xml,application/xml;q=0.9,image/webp,image/apng,*/*;q=0.8',
  'referer' => 'http://o2o.ding.com/index.php?s=admin',
  'accept-encoding' => 'gzip, deflate',
  'accept-language' => 'zh-CN,zh;q=0.9',
)
[ info ] [ PARAM ] array (
)
[ info ] [ RUN ] app\admin\controller\Index->welcome[ D:\phpStudy\WWW\my project\webkit\application\admin\controller\Index.php ]
[ info ] [ LOG ] INIT File

---------------------------------------------------------------
[ 2018-01-10T10:23:50+08:00 ] 127.0.0.1 127.0.0.1 GET /index.php/admin/category/index.html
[ log ] o2o.ding.com/index.php/admin/category/index.html [运行时间：1.559693s][吞吐率：0.64req/s] [内存消耗：2,766.64kb] [文件加载：58]
[ info ] [ LANG ] D:\phpStudy\WWW\my project\webkit\thinkphp\lang\zh-cn.php
[ info ] [ ROUTE ] array (
  'type' => 'module',
  'module' => 
  array (
    0 => 'admin',
    1 => 'category',
    2 => 'index',
  ),
)
[ info ] [ HEADER ] array (
  'host' => 'o2o.ding.com',
  'connection' => 'keep-alive',
  'upgrade-insecure-requests' => '1',
  'user-agent' => 'Mozilla/5.0 (Windows NT 10.0; Win64; x64) AppleWebKit/537.36 (KHTML, like Gecko) Chrome/63.0.3239.108 Safari/537.36',
  'accept' => 'text/html,application/xhtml+xml,application/xml;q=0.9,image/webp,image/apng,*/*;q=0.8',
  'referer' => 'http://o2o.ding.com/index.php?s=admin',
  'accept-encoding' => 'gzip, deflate',
  'accept-language' => 'zh-CN,zh;q=0.9',
)
[ info ] [ PARAM ] array (
)
[ info ] [ RUN ] app\admin\controller\Category->index[ D:\phpStudy\WWW\my project\webkit\application\admin\controller\Category.php ]
[ info ] [ DB ] INIT mysql
[ info ] [ VIEW ] D:\phpStudy\WWW\my project\webkit\public/../application/admin\view\category\index.html [ array (
  0 => 'categorys',
) ]
[ info ] [ LOG ] INIT File
[ sql ] [ DB ] CONNECT:[ UseTime:1.033528s ] mysql:dbname=my_o2o_table;host=localhost;port=3306;charset=utf8
[ sql ] [ SQL ] SHOW COLUMNS FROM `o2o_category` [ RunTime:0.114130s ]
[ sql ] [ SQL ] SELECT COUNT(*) AS tp_count FROM `o2o_category` WHERE  `parent_id` = 0  AND `status` <> -1 LIMIT 1 [ RunTime:0.087506s ]
[ sql ] [ SQL ] SELECT * FROM `o2o_category` WHERE  `parent_id` = 0  AND `status` <> -1 ORDER BY `listorder`  desc,`id`  desc LIMIT 0,15 [ RunTime:0.000570s ]

---------------------------------------------------------------
[ 2018-01-10T10:23:54+08:00 ] 127.0.0.1 127.0.0.1 GET /index.php/admin/category/add.html
[ log ] o2o.ding.com/index.php/admin/category/add.html [运行时间：1.207743s][吞吐率：0.83req/s] [内存消耗：2,805.13kb] [文件加载：56]
[ info ] [ LANG ] D:\phpStudy\WWW\my project\webkit\thinkphp\lang\zh-cn.php
[ info ] [ ROUTE ] array (
  'type' => 'module',
  'module' => 
  array (
    0 => 'admin',
    1 => 'category',
    2 => 'add',
  ),
)
[ info ] [ HEADER ] array (
  'host' => 'o2o.ding.com',
  'connection' => 'keep-alive',
  'upgrade-insecure-requests' => '1',
  'user-agent' => 'Mozilla/5.0 (Windows NT 10.0; Win64; x64) AppleWebKit/537.36 (KHTML, like Gecko) Chrome/63.0.3239.108 Safari/537.36',
  'accept' => 'text/html,application/xhtml+xml,application/xml;q=0.9,image/webp,image/apng,*/*;q=0.8',
  'referer' => 'http://o2o.ding.com/index.php/admin/category/index.html',
  'accept-encoding' => 'gzip, deflate',
  'accept-language' => 'zh-CN,zh;q=0.9',
)
[ info ] [ PARAM ] array (
)
[ info ] [ RUN ] app\admin\controller\Category->add[ D:\phpStudy\WWW\my project\webkit\application\admin\controller\Category.php ]
[ info ] [ DB ] INIT mysql
[ info ] [ VIEW ] D:\phpStudy\WWW\my project\webkit\public/../application/admin\view\category\add.html [ array (
  0 => 'categorys',
) ]
[ info ] [ LOG ] INIT File
[ sql ] [ DB ] CONNECT:[ UseTime:1.023982s ] mysql:dbname=my_o2o_table;host=localhost;port=3306;charset=utf8
[ sql ] [ SQL ] SHOW COLUMNS FROM `o2o_category` [ RunTime:0.009737s ]
[ sql ] [ SQL ] SELECT * FROM `o2o_category` WHERE  `status` = 1  AND `parent_id` = 0 ORDER BY `id`  desc [ RunTime:0.000589s ]

---------------------------------------------------------------
[ 2018-01-10T10:24:14+08:00 ] 127.0.0.1 127.0.0.1 POST /index.php/admin/category/save.html
[ log ] o2o.ding.com/index.php/admin/category/save.html [运行时间：1.242399s][吞吐率：0.80req/s] [内存消耗：2,586.05kb] [文件加载：55]
[ info ] [ LANG ] D:\phpStudy\WWW\my project\webkit\thinkphp\lang\zh-cn.php
[ info ] [ ROUTE ] array (
  'type' => 'module',
  'module' => 
  array (
    0 => 'admin',
    1 => 'category',
    2 => 'save',
  ),
)
[ info ] [ HEADER ] array (
  'host' => 'o2o.ding.com',
  'connection' => 'keep-alive',
  'content-length' => '44',
  'cache-control' => 'max-age=0',
  'origin' => 'http://o2o.ding.com',
  'upgrade-insecure-requests' => '1',
  'content-type' => 'application/x-www-form-urlencoded',
  'user-agent' => 'Mozilla/5.0 (Windows NT 10.0; Win64; x64) AppleWebKit/537.36 (KHTML, like Gecko) Chrome/63.0.3239.108 Safari/537.36',
  'accept' => 'text/html,application/xhtml+xml,application/xml;q=0.9,image/webp,image/apng,*/*;q=0.8',
  'referer' => 'http://o2o.ding.com/index.php/admin/category/add.html',
  'accept-encoding' => 'gzip, deflate',
  'accept-language' => 'zh-CN,zh;q=0.9',
)
[ info ] [ PARAM ] array (
  'name' => '类别四',
  'parent_id' => '0',
)
[ info ] [ RUN ] app\admin\controller\Category->save[ D:\phpStudy\WWW\my project\webkit\application\admin\controller\Category.php ]
[ info ] [ DB ] INIT mysql
[ info ] [ VIEW ] D:\phpStudy\WWW\my project\webkit\thinkphp\tpl\dispatch_jump.tpl [ array (
  0 => 'code',
  1 => 'msg',
  2 => 'data',
  3 => 'url',
  4 => 'wait',
) ]
[ info ] [ LOG ] INIT File
[ sql ] [ DB ] CONNECT:[ UseTime:1.014759s ] mysql:dbname=my_o2o_table;host=localhost;port=3306;charset=utf8
[ sql ] [ SQL ] SHOW COLUMNS FROM `o2o_category` [ RunTime:0.009178s ]
[ sql ] [ SQL ] INSERT INTO `o2o_category` (`name` , `parent_id` , `status` , `update_time` , `create_time`) VALUES ('类别四' , 0 , 1 , 1515551053 , 1515551053) [ RunTime:0.106207s ]

---------------------------------------------------------------
[ 2018-01-10T10:24:17+08:00 ] 127.0.0.1 127.0.0.1 GET /index.php/admin/category/add.html
[ log ] o2o.ding.com/index.php/admin/category/add.html [运行时间：1.075201s][吞吐率：0.93req/s] [内存消耗：2,646.65kb] [文件加载：54]
[ info ] [ LANG ] D:\phpStudy\WWW\my project\webkit\thinkphp\lang\zh-cn.php
[ info ] [ ROUTE ] array (
  'type' => 'module',
  'module' => 
  array (
    0 => 'admin',
    1 => 'category',
    2 => 'add',
  ),
)
[ info ] [ HEADER ] array (
  'host' => 'o2o.ding.com',
  'connection' => 'keep-alive',
  'upgrade-insecure-requests' => '1',
  'user-agent' => 'Mozilla/5.0 (Windows NT 10.0; Win64; x64) AppleWebKit/537.36 (KHTML, like Gecko) Chrome/63.0.3239.108 Safari/537.36',
  'accept' => 'text/html,application/xhtml+xml,application/xml;q=0.9,image/webp,image/apng,*/*;q=0.8',
  'referer' => 'http://o2o.ding.com/index.php/admin/category/save.html',
  'accept-encoding' => 'gzip, deflate',
  'accept-language' => 'zh-CN,zh;q=0.9',
)
[ info ] [ PARAM ] array (
)
[ info ] [ RUN ] app\admin\controller\Category->add[ D:\phpStudy\WWW\my project\webkit\application\admin\controller\Category.php ]
[ info ] [ DB ] INIT mysql
[ info ] [ VIEW ] D:\phpStudy\WWW\my project\webkit\public/../application/admin\view\category\add.html [ array (
  0 => 'categorys',
) ]
[ info ] [ LOG ] INIT File
[ sql ] [ DB ] CONNECT:[ UseTime:1.022958s ] mysql:dbname=my_o2o_table;host=localhost;port=3306;charset=utf8
[ sql ] [ SQL ] SHOW COLUMNS FROM `o2o_category` [ RunTime:0.008666s ]
[ sql ] [ SQL ] SELECT * FROM `o2o_category` WHERE  `status` = 1  AND `parent_id` = 0 ORDER BY `id`  desc [ RunTime:0.000567s ]

---------------------------------------------------------------
[ 2018-01-10T10:24:22+08:00 ] 127.0.0.1 127.0.0.1 GET /index.php/admin/category/index.html
[ log ] o2o.ding.com/index.php/admin/category/index.html [运行时间：1.083744s][吞吐率：0.92req/s] [内存消耗：2,769.48kb] [文件加载：58]
[ info ] [ LANG ] D:\phpStudy\WWW\my project\webkit\thinkphp\lang\zh-cn.php
[ info ] [ ROUTE ] array (
  'type' => 'module',
  'module' => 
  array (
    0 => 'admin',
    1 => 'category',
    2 => 'index',
  ),
)
[ info ] [ HEADER ] array (
  'host' => 'o2o.ding.com',
  'connection' => 'keep-alive',
  'upgrade-insecure-requests' => '1',
  'user-agent' => 'Mozilla/5.0 (Windows NT 10.0; Win64; x64) AppleWebKit/537.36 (KHTML, like Gecko) Chrome/63.0.3239.108 Safari/537.36',
  'accept' => 'text/html,application/xhtml+xml,application/xml;q=0.9,image/webp,image/apng,*/*;q=0.8',
  'referer' => 'http://o2o.ding.com/index.php?s=admin',
  'accept-encoding' => 'gzip, deflate',
  'accept-language' => 'zh-CN,zh;q=0.9',
)
[ info ] [ PARAM ] array (
)
[ info ] [ RUN ] app\admin\controller\Category->index[ D:\phpStudy\WWW\my project\webkit\application\admin\controller\Category.php ]
[ info ] [ DB ] INIT mysql
[ info ] [ VIEW ] D:\phpStudy\WWW\my project\webkit\public/../application/admin\view\category\index.html [ array (
  0 => 'categorys',
) ]
[ info ] [ LOG ] INIT File
[ sql ] [ DB ] CONNECT:[ UseTime:1.025093s ] mysql:dbname=my_o2o_table;host=localhost;port=3306;charset=utf8
[ sql ] [ SQL ] SHOW COLUMNS FROM `o2o_category` [ RunTime:0.009171s ]
[ sql ] [ SQL ] SELECT COUNT(*) AS tp_count FROM `o2o_category` WHERE  `parent_id` = 0  AND `status` <> -1 LIMIT 1 [ RunTime:0.000554s ]
[ sql ] [ SQL ] SELECT * FROM `o2o_category` WHERE  `parent_id` = 0  AND `status` <> -1 ORDER BY `listorder`  desc,`id`  desc LIMIT 0,15 [ RunTime:0.000550s ]

---------------------------------------------------------------
[ 2018-01-10T10:24:33+08:00 ] 127.0.0.1 127.0.0.1 POST /index.php/admin/category/listorder.html
[ log ] o2o.ding.com/index.php/admin/category/listorder.html [运行时间：1.202076s][吞吐率：0.83req/s] [内存消耗：2,665.94kb] [文件加载：57]
[ info ] [ LANG ] D:\phpStudy\WWW\my project\webkit\thinkphp\lang\zh-cn.php
[ info ] [ ROUTE ] array (
  'type' => 'module',
  'module' => 
  array (
    0 => 'admin',
    1 => 'category',
    2 => 'listorder',
  ),
)
[ info ] [ HEADER ] array (
  'host' => 'o2o.ding.com',
  'connection' => 'keep-alive',
  'content-length' => '16',
  'accept' => 'application/json, text/javascript, */*; q=0.01',
  'origin' => 'http://o2o.ding.com',
  'x-requested-with' => 'XMLHttpRequest',
  'user-agent' => 'Mozilla/5.0 (Windows NT 10.0; Win64; x64) AppleWebKit/537.36 (KHTML, like Gecko) Chrome/63.0.3239.108 Safari/537.36',
  'content-type' => 'application/x-www-form-urlencoded; charset=UTF-8',
  'referer' => 'http://o2o.ding.com/index.php/admin/category/index.html',
  'accept-encoding' => 'gzip, deflate',
  'accept-language' => 'zh-CN,zh;q=0.9',
)
[ info ] [ PARAM ] array (
  'id' => '6',
  'listorder' => '5',
)
[ info ] [ RUN ] app\admin\controller\Category->listorder[ D:\phpStudy\WWW\my project\webkit\application\admin\controller\Category.php ]
[ info ] [ DB ] INIT mysql
[ info ] [ CACHE ] INIT File
[ info ] [ LOG ] INIT File
[ sql ] [ DB ] CONNECT:[ UseTime:1.024756s ] mysql:dbname=my_o2o_table;host=localhost;port=3306;charset=utf8
[ sql ] [ SQL ] SHOW COLUMNS FROM `o2o_category` [ RunTime:0.010170s ]
[ sql ] [ SQL ] UPDATE `o2o_category`  SET `listorder`=5,`update_time`=1515551072  WHERE  `id` = 6 [ RunTime:0.067375s ]

---------------------------------------------------------------
[ 2018-01-10T10:24:34+08:00 ] 127.0.0.1 127.0.0.1 GET /index.php/admin/category/index.html
[ log ] o2o.ding.com/index.php/admin/category/index.html [运行时间：1.072671s][吞吐率：0.93req/s] [内存消耗：2,769.49kb] [文件加载：58]
[ info ] [ LANG ] D:\phpStudy\WWW\my project\webkit\thinkphp\lang\zh-cn.php
[ info ] [ ROUTE ] array (
  'type' => 'module',
  'module' => 
  array (
    0 => 'admin',
    1 => 'category',
    2 => 'index',
  ),
)
[ info ] [ HEADER ] array (
  'host' => 'o2o.ding.com',
  'connection' => 'keep-alive',
  'upgrade-insecure-requests' => '1',
  'user-agent' => 'Mozilla/5.0 (Windows NT 10.0; Win64; x64) AppleWebKit/537.36 (KHTML, like Gecko) Chrome/63.0.3239.108 Safari/537.36',
  'accept' => 'text/html,application/xhtml+xml,application/xml;q=0.9,image/webp,image/apng,*/*;q=0.8',
  'referer' => 'http://o2o.ding.com/index.php/admin/category/index.html',
  'accept-encoding' => 'gzip, deflate',
  'accept-language' => 'zh-CN,zh;q=0.9',
)
[ info ] [ PARAM ] array (
)
[ info ] [ RUN ] app\admin\controller\Category->index[ D:\phpStudy\WWW\my project\webkit\application\admin\controller\Category.php ]
[ info ] [ DB ] INIT mysql
[ info ] [ VIEW ] D:\phpStudy\WWW\my project\webkit\public/../application/admin\view\category\index.html [ array (
  0 => 'categorys',
) ]
[ info ] [ LOG ] INIT File
[ sql ] [ DB ] CONNECT:[ UseTime:1.014960s ] mysql:dbname=my_o2o_table;host=localhost;port=3306;charset=utf8
[ sql ] [ SQL ] SHOW COLUMNS FROM `o2o_category` [ RunTime:0.006270s ]
[ sql ] [ SQL ] SELECT COUNT(*) AS tp_count FROM `o2o_category` WHERE  `parent_id` = 0  AND `status` <> -1 LIMIT 1 [ RunTime:0.000497s ]
[ sql ] [ SQL ] SELECT * FROM `o2o_category` WHERE  `parent_id` = 0  AND `status` <> -1 ORDER BY `listorder`  desc,`id`  desc LIMIT 0,15 [ RunTime:0.000494s ]

---------------------------------------------------------------
[ 2018-01-10T10:24:41+08:00 ] 127.0.0.1 127.0.0.1 POST /index.php/admin/category/listorder.html
[ log ] o2o.ding.com/index.php/admin/category/listorder.html [运行时间：1.134803s][吞吐率：0.88req/s] [内存消耗：2,665.94kb] [文件加载：57]
[ info ] [ LANG ] D:\phpStudy\WWW\my project\webkit\thinkphp\lang\zh-cn.php
[ info ] [ ROUTE ] array (
  'type' => 'module',
  'module' => 
  array (
    0 => 'admin',
    1 => 'category',
    2 => 'listorder',
  ),
)
[ info ] [ HEADER ] array (
  'host' => 'o2o.ding.com',
  'connection' => 'keep-alive',
  'content-length' => '16',
  'accept' => 'application/json, text/javascript, */*; q=0.01',
  'origin' => 'http://o2o.ding.com',
  'x-requested-with' => 'XMLHttpRequest',
  'user-agent' => 'Mozilla/5.0 (Windows NT 10.0; Win64; x64) AppleWebKit/537.36 (KHTML, like Gecko) Chrome/63.0.3239.108 Safari/537.36',
  'content-type' => 'application/x-www-form-urlencoded; charset=UTF-8',
  'referer' => 'http://o2o.ding.com/index.php/admin/category/index.html',
  'accept-encoding' => 'gzip, deflate',
  'accept-language' => 'zh-CN,zh;q=0.9',
)
[ info ] [ PARAM ] array (
  'id' => '6',
  'listorder' => '8',
)
[ info ] [ RUN ] app\admin\controller\Category->listorder[ D:\phpStudy\WWW\my project\webkit\application\admin\controller\Category.php ]
[ info ] [ DB ] INIT mysql
[ info ] [ CACHE ] INIT File
[ info ] [ LOG ] INIT File
[ sql ] [ DB ] CONNECT:[ UseTime:1.013948s ] mysql:dbname=my_o2o_table;host=localhost;port=3306;charset=utf8
[ sql ] [ SQL ] SHOW COLUMNS FROM `o2o_category` [ RunTime:0.010219s ]
[ sql ] [ SQL ] UPDATE `o2o_category`  SET `listorder`=8,`update_time`=1515551080  WHERE  `id` = 6 [ RunTime:0.065322s ]

---------------------------------------------------------------
[ 2018-01-10T10:24:42+08:00 ] 127.0.0.1 127.0.0.1 GET /index.php/admin/category/index.html
[ log ] o2o.ding.com/index.php/admin/category/index.html [运行时间：1.085306s][吞吐率：0.92req/s] [内存消耗：2,769.49kb] [文件加载：58]
[ info ] [ LANG ] D:\phpStudy\WWW\my project\webkit\thinkphp\lang\zh-cn.php
[ info ] [ ROUTE ] array (
  'type' => 'module',
  'module' => 
  array (
    0 => 'admin',
    1 => 'category',
    2 => 'index',
  ),
)
[ info ] [ HEADER ] array (
  'host' => 'o2o.ding.com',
  'connection' => 'keep-alive',
  'upgrade-insecure-requests' => '1',
  'user-agent' => 'Mozilla/5.0 (Windows NT 10.0; Win64; x64) AppleWebKit/537.36 (KHTML, like Gecko) Chrome/63.0.3239.108 Safari/537.36',
  'accept' => 'text/html,application/xhtml+xml,application/xml;q=0.9,image/webp,image/apng,*/*;q=0.8',
  'referer' => 'http://o2o.ding.com/index.php/admin/category/index.html',
  'accept-encoding' => 'gzip, deflate',
  'accept-language' => 'zh-CN,zh;q=0.9',
)
[ info ] [ PARAM ] array (
)
[ info ] [ RUN ] app\admin\controller\Category->index[ D:\phpStudy\WWW\my project\webkit\application\admin\controller\Category.php ]
[ info ] [ DB ] INIT mysql
[ info ] [ VIEW ] D:\phpStudy\WWW\my project\webkit\public/../application/admin\view\category\index.html [ array (
  0 => 'categorys',
) ]
[ info ] [ LOG ] INIT File
[ sql ] [ DB ] CONNECT:[ UseTime:1.024195s ] mysql:dbname=my_o2o_table;host=localhost;port=3306;charset=utf8
[ sql ] [ SQL ] SHOW COLUMNS FROM `o2o_category` [ RunTime:0.009728s ]
[ sql ] [ SQL ] SELECT COUNT(*) AS tp_count FROM `o2o_category` WHERE  `parent_id` = 0  AND `status` <> -1 LIMIT 1 [ RunTime:0.000497s ]
[ sql ] [ SQL ] SELECT * FROM `o2o_category` WHERE  `parent_id` = 0  AND `status` <> -1 ORDER BY `listorder`  desc,`id`  desc LIMIT 0,15 [ RunTime:0.000522s ]

---------------------------------------------------------------
[ 2018-01-10T10:24:52+08:00 ] 127.0.0.1 127.0.0.1 GET /index.php/admin/category/index.html?parent_id=6
[ log ] o2o.ding.com/index.php/admin/category/index.html?parent_id=6 [运行时间：1.069634s][吞吐率：0.93req/s] [内存消耗：2,758.42kb] [文件加载：58]
[ info ] [ LANG ] D:\phpStudy\WWW\my project\webkit\thinkphp\lang\zh-cn.php
[ info ] [ ROUTE ] array (
  'type' => 'module',
  'module' => 
  array (
    0 => 'admin',
    1 => 'category',
    2 => 'index',
  ),
)
[ info ] [ HEADER ] array (
  'host' => 'o2o.ding.com',
  'connection' => 'keep-alive',
  'upgrade-insecure-requests' => '1',
  'user-agent' => 'Mozilla/5.0 (Windows NT 10.0; Win64; x64) AppleWebKit/537.36 (KHTML, like Gecko) Chrome/63.0.3239.108 Safari/537.36',
  'accept' => 'text/html,application/xhtml+xml,application/xml;q=0.9,image/webp,image/apng,*/*;q=0.8',
  'referer' => 'http://o2o.ding.com/index.php/admin/category/index.html',
  'accept-encoding' => 'gzip, deflate',
  'accept-language' => 'zh-CN,zh;q=0.9',
)
[ info ] [ PARAM ] array (
  'parent_id' => '6',
)
[ info ] [ RUN ] app\admin\controller\Category->index[ D:\phpStudy\WWW\my project\webkit\application\admin\controller\Category.php ]
[ info ] [ DB ] INIT mysql
[ info ] [ VIEW ] D:\phpStudy\WWW\my project\webkit\public/../application/admin\view\category\index.html [ array (
  0 => 'categorys',
) ]
[ info ] [ LOG ] INIT File
[ sql ] [ DB ] CONNECT:[ UseTime:1.013701s ] mysql:dbname=my_o2o_table;host=localhost;port=3306;charset=utf8
[ sql ] [ SQL ] SHOW COLUMNS FROM `o2o_category` [ RunTime:0.008824s ]
[ sql ] [ SQL ] SELECT COUNT(*) AS tp_count FROM `o2o_category` WHERE  `parent_id` = 6  AND `status` <> -1 LIMIT 1 [ RunTime:0.000453s ]
[ sql ] [ SQL ] SELECT * FROM `o2o_category` WHERE  `parent_id` = 6  AND `status` <> -1 ORDER BY `listorder`  desc,`id`  desc LIMIT 0,15 [ RunTime:0.000635s ]

---------------------------------------------------------------
[ 2018-01-10T10:24:57+08:00 ] 127.0.0.1 127.0.0.1 GET /index.php/admin/category/index.html
[ log ] o2o.ding.com/index.php/admin/category/index.html [运行时间：1.082714s][吞吐率：0.92req/s] [内存消耗：2,769.48kb] [文件加载：58]
[ info ] [ LANG ] D:\phpStudy\WWW\my project\webkit\thinkphp\lang\zh-cn.php
[ info ] [ ROUTE ] array (
  'type' => 'module',
  'module' => 
  array (
    0 => 'admin',
    1 => 'category',
    2 => 'index',
  ),
)
[ info ] [ HEADER ] array (
  'host' => 'o2o.ding.com',
  'connection' => 'keep-alive',
  'upgrade-insecure-requests' => '1',
  'user-agent' => 'Mozilla/5.0 (Windows NT 10.0; Win64; x64) AppleWebKit/537.36 (KHTML, like Gecko) Chrome/63.0.3239.108 Safari/537.36',
  'accept' => 'text/html,application/xhtml+xml,application/xml;q=0.9,image/webp,image/apng,*/*;q=0.8',
  'referer' => 'http://o2o.ding.com/index.php?s=admin',
  'accept-encoding' => 'gzip, deflate',
  'accept-language' => 'zh-CN,zh;q=0.9',
)
[ info ] [ PARAM ] array (
)
[ info ] [ RUN ] app\admin\controller\Category->index[ D:\phpStudy\WWW\my project\webkit\application\admin\controller\Category.php ]
[ info ] [ DB ] INIT mysql
[ info ] [ VIEW ] D:\phpStudy\WWW\my project\webkit\public/../application/admin\view\category\index.html [ array (
  0 => 'categorys',
) ]
[ info ] [ LOG ] INIT File
[ sql ] [ DB ] CONNECT:[ UseTime:1.023564s ] mysql:dbname=my_o2o_table;host=localhost;port=3306;charset=utf8
[ sql ] [ SQL ] SHOW COLUMNS FROM `o2o_category` [ RunTime:0.008527s ]
[ sql ] [ SQL ] SELECT COUNT(*) AS tp_count FROM `o2o_category` WHERE  `parent_id` = 0  AND `status` <> -1 LIMIT 1 [ RunTime:0.000532s ]
[ sql ] [ SQL ] SELECT * FROM `o2o_category` WHERE  `parent_id` = 0  AND `status` <> -1 ORDER BY `listorder`  desc,`id`  desc LIMIT 0,15 [ RunTime:0.000573s ]

---------------------------------------------------------------
[ 2018-01-10T10:56:34+08:00 ] 127.0.0.1 127.0.0.1 GET /
[ log ] o2o.ding.com/ [运行时间：1.298291s][吞吐率：0.77req/s] [内存消耗：2,941.99kb] [文件加载：55]
[ info ] [ LANG ] D:\phpStudy\WWW\my project\webkit\thinkphp\lang\zh-cn.php
[ info ] [ ROUTE ] array (
  'type' => 'module',
  'module' => 
  array (
    0 => '',
    1 => NULL,
    2 => NULL,
  ),
)
[ info ] [ HEADER ] array (
  'host' => 'o2o.ding.com',
  'connection' => 'keep-alive',
  'user-agent' => 'Mozilla/5.0 (Windows NT 10.0; Win64; x64) AppleWebKit/537.36 (KHTML, like Gecko) Chrome/63.0.3239.108 Safari/537.36',
  'upgrade-insecure-requests' => '1',
  'accept' => 'text/html,application/xhtml+xml,application/xml;q=0.9,image/webp,image/apng,*/*;q=0.8',
  'accept-encoding' => 'gzip, deflate',
  'accept-language' => 'zh-CN,zh;q=0.9',
)
[ info ] [ PARAM ] array (
)
[ info ] [ DB ] INIT mysql
[ info ] [ SESSION ] INIT array (
  'id' => '',
  'var_session_id' => '',
  'prefix' => 'think',
  'type' => '',
  'auto_start' => true,
)
[ info ] [ RUN ] app\index\controller\Index->index[ D:\phpStudy\WWW\my project\webkit\application\index\controller\Index.php ]
[ info ] [ VIEW ] D:\phpStudy\WWW\my project\webkit\public/../application/index\view\index\index.html [ array (
  0 => 'citys',
  1 => 'city',
  2 => 'cats',
  3 => 'user',
) ]
[ info ] [ LOG ] INIT File
[ sql ] [ DB ] CONNECT:[ UseTime:1.016655s ] mysql:dbname=my_o2o_table;host=localhost;port=3306;charset=utf8
[ sql ] [ SQL ] SHOW COLUMNS FROM `o2o_city` [ RunTime:0.075060s ]
[ sql ] [ SQL ] SELECT * FROM `o2o_city` WHERE  `status` = 1  AND `parent_id` > 0 ORDER BY `id`  desc [ RunTime:0.000603s ]
[ sql ] [ SQL ] SELECT * FROM `o2o_city` WHERE  `uname` = 'panjin' LIMIT 1 [ RunTime:0.000606s ]
[ sql ] [ SQL ] SHOW COLUMNS FROM `o2o_category` [ RunTime:0.007065s ]
[ sql ] [ SQL ] SELECT * FROM `o2o_category` WHERE  `parent_id` = 0  AND `status` = 1 ORDER BY `listorder`  desc,`id`  desc LIMIT 5 [ RunTime:0.000639s ]
[ sql ] [ SQL ] SELECT * FROM `o2o_category` WHERE  `parent_id` IN (1,6,5,2)  AND `status` = 1 ORDER BY `listorder`  desc,`id`  desc [ RunTime:0.000682s ]

---------------------------------------------------------------
[ 2018-01-10T10:56:50+08:00 ] 127.0.0.1 127.0.0.1 GET /index.php?s=admin
[ log ] o2o.ding.com/index.php?s=admin [运行时间：0.036050s][吞吐率：27.74req/s] [内存消耗：1,644.61kb] [文件加载：44]
[ info ] [ LANG ] D:\phpStudy\WWW\my project\webkit\thinkphp\lang\zh-cn.php
[ info ] [ ROUTE ] array (
  'type' => 'module',
  'module' => 
  array (
    0 => 'admin',
    1 => NULL,
    2 => NULL,
  ),
)
[ info ] [ HEADER ] array (
  'host' => 'o2o.ding.com',
  'connection' => 'keep-alive',
  'user-agent' => 'Mozilla/5.0 (Windows NT 10.0; Win64; x64) AppleWebKit/537.36 (KHTML, like Gecko) Chrome/63.0.3239.108 Safari/537.36',
  'upgrade-insecure-requests' => '1',
  'accept' => 'text/html,application/xhtml+xml,application/xml;q=0.9,image/webp,image/apng,*/*;q=0.8',
  'accept-encoding' => 'gzip, deflate',
  'accept-language' => 'zh-CN,zh;q=0.9',
  'cookie' => 'PHPSESSID=874kapsrdi23p759m0movriu34',
)
[ info ] [ PARAM ] array (
)
[ info ] [ RUN ] app\admin\controller\Index->index[ D:\phpStudy\WWW\my project\webkit\application\admin\controller\Index.php ]
[ info ] [ VIEW ] D:\phpStudy\WWW\my project\webkit\public/../application/admin\view\index\index.html [ array (
) ]
[ info ] [ LOG ] INIT File

---------------------------------------------------------------
[ 2018-01-10T10:56:50+08:00 ] 127.0.0.1 127.0.0.1 GET /index.php/admin/index/welcome.html
[ log ] o2o.ding.com/index.php/admin/index/welcome.html [运行时间：0.679076s][吞吐率：1.47req/s] [内存消耗：2,300.11kb] [文件加载：45]
[ info ] [ LANG ] D:\phpStudy\WWW\my project\webkit\thinkphp\lang\zh-cn.php
[ info ] [ ROUTE ] array (
  'type' => 'module',
  'module' => 
  array (
    0 => 'admin',
    1 => 'index',
    2 => 'welcome',
  ),
)
[ info ] [ HEADER ] array (
  'host' => 'o2o.ding.com',
  'connection' => 'keep-alive',
  'upgrade-insecure-requests' => '1',
  'user-agent' => 'Mozilla/5.0 (Windows NT 10.0; Win64; x64) AppleWebKit/537.36 (KHTML, like Gecko) Chrome/63.0.3239.108 Safari/537.36',
  'accept' => 'text/html,application/xhtml+xml,application/xml;q=0.9,image/webp,image/apng,*/*;q=0.8',
  'referer' => 'http://o2o.ding.com/index.php?s=admin',
  'accept-encoding' => 'gzip, deflate',
  'accept-language' => 'zh-CN,zh;q=0.9',
  'cookie' => 'PHPSESSID=874kapsrdi23p759m0movriu34',
)
[ info ] [ PARAM ] array (
)
[ info ] [ RUN ] app\admin\controller\Index->welcome[ D:\phpStudy\WWW\my project\webkit\application\admin\controller\Index.php ]
[ info ] [ LOG ] INIT File

---------------------------------------------------------------
[ 2018-01-10T10:56:54+08:00 ] 127.0.0.1 127.0.0.1 GET /index.php/admin/category/index.html
[ log ] o2o.ding.com/index.php/admin/category/index.html [运行时间：1.078362s][吞吐率：0.93req/s] [内存消耗：2,774.52kb] [文件加载：58]
[ info ] [ LANG ] D:\phpStudy\WWW\my project\webkit\thinkphp\lang\zh-cn.php
[ info ] [ ROUTE ] array (
  'type' => 'module',
  'module' => 
  array (
    0 => 'admin',
    1 => 'category',
    2 => 'index',
  ),
)
[ info ] [ HEADER ] array (
  'host' => 'o2o.ding.com',
  'connection' => 'keep-alive',
  'upgrade-insecure-requests' => '1',
  'user-agent' => 'Mozilla/5.0 (Windows NT 10.0; Win64; x64) AppleWebKit/537.36 (KHTML, like Gecko) Chrome/63.0.3239.108 Safari/537.36',
  'accept' => 'text/html,application/xhtml+xml,application/xml;q=0.9,image/webp,image/apng,*/*;q=0.8',
  'referer' => 'http://o2o.ding.com/index.php?s=admin',
  'accept-encoding' => 'gzip, deflate',
  'accept-language' => 'zh-CN,zh;q=0.9',
  'cookie' => 'PHPSESSID=874kapsrdi23p759m0movriu34',
)
[ info ] [ PARAM ] array (
)
[ info ] [ RUN ] app\admin\controller\Category->index[ D:\phpStudy\WWW\my project\webkit\application\admin\controller\Category.php ]
[ info ] [ DB ] INIT mysql
[ info ] [ VIEW ] D:\phpStudy\WWW\my project\webkit\public/../application/admin\view\category\index.html [ array (
  0 => 'categorys',
) ]
[ info ] [ LOG ] INIT File
[ sql ] [ DB ] CONNECT:[ UseTime:1.016317s ] mysql:dbname=my_o2o_table;host=localhost;port=3306;charset=utf8
[ sql ] [ SQL ] SHOW COLUMNS FROM `o2o_category` [ RunTime:0.009369s ]
[ sql ] [ SQL ] SELECT COUNT(*) AS tp_count FROM `o2o_category` WHERE  `parent_id` = 0  AND `status` <> -1 LIMIT 1 [ RunTime:0.000508s ]
[ sql ] [ SQL ] SELECT * FROM `o2o_category` WHERE  `parent_id` = 0  AND `status` <> -1 ORDER BY `listorder`  desc,`id`  desc LIMIT 0,15 [ RunTime:0.000402s ]

---------------------------------------------------------------
[ 2018-01-10T10:56:56+08:00 ] 127.0.0.1 127.0.0.1 GET /index.php/admin/category/add.html
[ log ] o2o.ding.com/index.php/admin/category/add.html [运行时间：1.061601s][吞吐率：0.94req/s] [内存消耗：2,651.64kb] [文件加载：54]
[ info ] [ LANG ] D:\phpStudy\WWW\my project\webkit\thinkphp\lang\zh-cn.php
[ info ] [ ROUTE ] array (
  'type' => 'module',
  'module' => 
  array (
    0 => 'admin',
    1 => 'category',
    2 => 'add',
  ),
)
[ info ] [ HEADER ] array (
  'host' => 'o2o.ding.com',
  'connection' => 'keep-alive',
  'upgrade-insecure-requests' => '1',
  'user-agent' => 'Mozilla/5.0 (Windows NT 10.0; Win64; x64) AppleWebKit/537.36 (KHTML, like Gecko) Chrome/63.0.3239.108 Safari/537.36',
  'accept' => 'text/html,application/xhtml+xml,application/xml;q=0.9,image/webp,image/apng,*/*;q=0.8',
  'referer' => 'http://o2o.ding.com/index.php/admin/category/index.html',
  'accept-encoding' => 'gzip, deflate',
  'accept-language' => 'zh-CN,zh;q=0.9',
  'cookie' => 'PHPSESSID=874kapsrdi23p759m0movriu34',
)
[ info ] [ PARAM ] array (
)
[ info ] [ RUN ] app\admin\controller\Category->add[ D:\phpStudy\WWW\my project\webkit\application\admin\controller\Category.php ]
[ info ] [ DB ] INIT mysql
[ info ] [ VIEW ] D:\phpStudy\WWW\my project\webkit\public/../application/admin\view\category\add.html [ array (
  0 => 'categorys',
) ]
[ info ] [ LOG ] INIT File
[ sql ] [ DB ] CONNECT:[ UseTime:1.005393s ] mysql:dbname=my_o2o_table;host=localhost;port=3306;charset=utf8
[ sql ] [ SQL ] SHOW COLUMNS FROM `o2o_category` [ RunTime:0.009422s ]
[ sql ] [ SQL ] SELECT * FROM `o2o_category` WHERE  `status` = 1  AND `parent_id` = 0 ORDER BY `id`  desc [ RunTime:0.000556s ]

---------------------------------------------------------------
[ 2018-01-10T10:56:58+08:00 ] 127.0.0.1 127.0.0.1 GET /index.php
[ log ] o2o.ding.com/index.php [运行时间：1.088078s][吞吐率：0.92req/s] [内存消耗：2,713.51kb] [文件加载：53]
[ info ] [ LANG ] D:\phpStudy\WWW\my project\webkit\thinkphp\lang\zh-cn.php
[ info ] [ ROUTE ] array (
  'type' => 'module',
  'module' => 
  array (
    0 => '',
    1 => NULL,
    2 => NULL,
  ),
)
[ info ] [ HEADER ] array (
  'host' => 'o2o.ding.com',
  'accept-encoding' => 'compress,gzip',
  'connection' => 'Close',
)
[ info ] [ PARAM ] array (
)
[ info ] [ DB ] INIT mysql
[ info ] [ SESSION ] INIT array (
  'id' => '',
  'var_session_id' => '',
  'prefix' => 'think',
  'type' => '',
  'auto_start' => true,
)
[ info ] [ RUN ] app\index\controller\Index->index[ D:\phpStudy\WWW\my project\webkit\application\index\controller\Index.php ]
[ info ] [ VIEW ] D:\phpStudy\WWW\my project\webkit\public/../application/index\view\index\index.html [ array (
  0 => 'citys',
  1 => 'city',
  2 => 'cats',
  3 => 'user',
) ]
[ info ] [ LOG ] INIT File
[ sql ] [ DB ] CONNECT:[ UseTime:1.016377s ] mysql:dbname=my_o2o_table;host=localhost;port=3306;charset=utf8
[ sql ] [ SQL ] SHOW COLUMNS FROM `o2o_city` [ RunTime:0.009364s ]
[ sql ] [ SQL ] SELECT * FROM `o2o_city` WHERE  `status` = 1  AND `parent_id` > 0 ORDER BY `id`  desc [ RunTime:0.000689s ]
[ sql ] [ SQL ] SELECT * FROM `o2o_city` WHERE  `uname` = 'panjin' LIMIT 1 [ RunTime:0.000728s ]
[ sql ] [ SQL ] SHOW COLUMNS FROM `o2o_category` [ RunTime:0.006312s ]
[ sql ] [ SQL ] SELECT * FROM `o2o_category` WHERE  `parent_id` = 0  AND `status` = 1 ORDER BY `listorder`  desc,`id`  desc LIMIT 5 [ RunTime:0.000852s ]
[ sql ] [ SQL ] SELECT * FROM `o2o_category` WHERE  `parent_id` IN (1,6,5,2)  AND `status` = 1 ORDER BY `listorder`  desc,`id`  desc [ RunTime:0.000514s ]

---------------------------------------------------------------
[ 2018-01-10T10:57:04+08:00 ] 127.0.0.1 127.0.0.1 POST /index.php/admin/category/save.html
[ log ] o2o.ding.com/index.php/admin/category/save.html [运行时间：1.138521s][吞吐率：0.88req/s] [内存消耗：2,591.16kb] [文件加载：55]
[ info ] [ LANG ] D:\phpStudy\WWW\my project\webkit\thinkphp\lang\zh-cn.php
[ info ] [ ROUTE ] array (
  'type' => 'module',
  'module' => 
  array (
    0 => 'admin',
    1 => 'category',
    2 => 'save',
  ),
)
[ info ] [ HEADER ] array (
  'host' => 'o2o.ding.com',
  'connection' => 'keep-alive',
  'content-length' => '44',
  'cache-control' => 'max-age=0',
  'origin' => 'http://o2o.ding.com',
  'upgrade-insecure-requests' => '1',
  'content-type' => 'application/x-www-form-urlencoded',
  'user-agent' => 'Mozilla/5.0 (Windows NT 10.0; Win64; x64) AppleWebKit/537.36 (KHTML, like Gecko) Chrome/63.0.3239.108 Safari/537.36',
  'accept' => 'text/html,application/xhtml+xml,application/xml;q=0.9,image/webp,image/apng,*/*;q=0.8',
  'referer' => 'http://o2o.ding.com/index.php/admin/category/add.html',
  'accept-encoding' => 'gzip, deflate',
  'accept-language' => 'zh-CN,zh;q=0.9',
  'cookie' => 'PHPSESSID=874kapsrdi23p759m0movriu34',
)
[ info ] [ PARAM ] array (
  'name' => '类别五',
  'parent_id' => '0',
)
[ info ] [ RUN ] app\admin\controller\Category->save[ D:\phpStudy\WWW\my project\webkit\application\admin\controller\Category.php ]
[ info ] [ DB ] INIT mysql
[ info ] [ VIEW ] D:\phpStudy\WWW\my project\webkit\thinkphp\tpl\dispatch_jump.tpl [ array (
  0 => 'code',
  1 => 'msg',
  2 => 'data',
  3 => 'url',
  4 => 'wait',
) ]
[ info ] [ LOG ] INIT File
[ sql ] [ DB ] CONNECT:[ UseTime:1.024845s ] mysql:dbname=my_o2o_table;host=localhost;port=3306;charset=utf8
[ sql ] [ SQL ] SHOW COLUMNS FROM `o2o_category` [ RunTime:0.008709s ]
[ sql ] [ SQL ] INSERT INTO `o2o_category` (`name` , `parent_id` , `status` , `update_time` , `create_time`) VALUES ('类别五' , 0 , 1 , 1515553023 , 1515553023) [ RunTime:0.060147s ]

---------------------------------------------------------------
[ 2018-01-10T10:57:07+08:00 ] 127.0.0.1 127.0.0.1 GET /index.php/admin/category/add.html
[ log ] o2o.ding.com/index.php/admin/category/add.html [运行时间：1.078349s][吞吐率：0.93req/s] [内存消耗：2,654.36kb] [文件加载：54]
[ info ] [ LANG ] D:\phpStudy\WWW\my project\webkit\thinkphp\lang\zh-cn.php
[ info ] [ ROUTE ] array (
  'type' => 'module',
  'module' => 
  array (
    0 => 'admin',
    1 => 'category',
    2 => 'add',
  ),
)
[ info ] [ HEADER ] array (
  'host' => 'o2o.ding.com',
  'connection' => 'keep-alive',
  'upgrade-insecure-requests' => '1',
  'user-agent' => 'Mozilla/5.0 (Windows NT 10.0; Win64; x64) AppleWebKit/537.36 (KHTML, like Gecko) Chrome/63.0.3239.108 Safari/537.36',
  'accept' => 'text/html,application/xhtml+xml,application/xml;q=0.9,image/webp,image/apng,*/*;q=0.8',
  'referer' => 'http://o2o.ding.com/index.php/admin/category/save.html',
  'accept-encoding' => 'gzip, deflate',
  'accept-language' => 'zh-CN,zh;q=0.9',
  'cookie' => 'PHPSESSID=874kapsrdi23p759m0movriu34',
)
[ info ] [ PARAM ] array (
)
[ info ] [ RUN ] app\admin\controller\Category->add[ D:\phpStudy\WWW\my project\webkit\application\admin\controller\Category.php ]
[ info ] [ DB ] INIT mysql
[ info ] [ VIEW ] D:\phpStudy\WWW\my project\webkit\public/../application/admin\view\category\add.html [ array (
  0 => 'categorys',
) ]
[ info ] [ LOG ] INIT File
[ sql ] [ DB ] CONNECT:[ UseTime:1.025242s ] mysql:dbname=my_o2o_table;host=localhost;port=3306;charset=utf8
[ sql ] [ SQL ] SHOW COLUMNS FROM `o2o_category` [ RunTime:0.009266s ]
[ sql ] [ SQL ] SELECT * FROM `o2o_category` WHERE  `status` = 1  AND `parent_id` = 0 ORDER BY `id`  desc [ RunTime:0.000548s ]

---------------------------------------------------------------
[ 2018-01-10T10:57:11+08:00 ] 127.0.0.1 127.0.0.1 GET /index.php/admin/category/index.html
[ log ] o2o.ding.com/index.php/admin/category/index.html [运行时间：1.075045s][吞吐率：0.93req/s] [内存消耗：2,777.21kb] [文件加载：58]
[ info ] [ LANG ] D:\phpStudy\WWW\my project\webkit\thinkphp\lang\zh-cn.php
[ info ] [ ROUTE ] array (
  'type' => 'module',
  'module' => 
  array (
    0 => 'admin',
    1 => 'category',
    2 => 'index',
  ),
)
[ info ] [ HEADER ] array (
  'host' => 'o2o.ding.com',
  'connection' => 'keep-alive',
  'upgrade-insecure-requests' => '1',
  'user-agent' => 'Mozilla/5.0 (Windows NT 10.0; Win64; x64) AppleWebKit/537.36 (KHTML, like Gecko) Chrome/63.0.3239.108 Safari/537.36',
  'accept' => 'text/html,application/xhtml+xml,application/xml;q=0.9,image/webp,image/apng,*/*;q=0.8',
  'referer' => 'http://o2o.ding.com/index.php?s=admin',
  'accept-encoding' => 'gzip, deflate',
  'accept-language' => 'zh-CN,zh;q=0.9',
  'cookie' => 'PHPSESSID=874kapsrdi23p759m0movriu34',
)
[ info ] [ PARAM ] array (
)
[ info ] [ RUN ] app\admin\controller\Category->index[ D:\phpStudy\WWW\my project\webkit\application\admin\controller\Category.php ]
[ info ] [ DB ] INIT mysql
[ info ] [ VIEW ] D:\phpStudy\WWW\my project\webkit\public/../application/admin\view\category\index.html [ array (
  0 => 'categorys',
) ]
[ info ] [ LOG ] INIT File
[ sql ] [ DB ] CONNECT:[ UseTime:1.014325s ] mysql:dbname=my_o2o_table;host=localhost;port=3306;charset=utf8
[ sql ] [ SQL ] SHOW COLUMNS FROM `o2o_category` [ RunTime:0.009129s ]
[ sql ] [ SQL ] SELECT COUNT(*) AS tp_count FROM `o2o_category` WHERE  `parent_id` = 0  AND `status` <> -1 LIMIT 1 [ RunTime:0.000765s ]
[ sql ] [ SQL ] SELECT * FROM `o2o_category` WHERE  `parent_id` = 0  AND `status` <> -1 ORDER BY `listorder`  desc,`id`  desc LIMIT 0,15 [ RunTime:0.000673s ]

---------------------------------------------------------------
[ 2018-01-10T10:57:12+08:00 ] 127.0.0.1 127.0.0.1 GET /index.php/admin/category/index.html
[ log ] o2o.ding.com/index.php/admin/category/index.html [运行时间：1.088171s][吞吐率：0.92req/s] [内存消耗：2,777.21kb] [文件加载：58]
[ info ] [ LANG ] D:\phpStudy\WWW\my project\webkit\thinkphp\lang\zh-cn.php
[ info ] [ ROUTE ] array (
  'type' => 'module',
  'module' => 
  array (
    0 => 'admin',
    1 => 'category',
    2 => 'index',
  ),
)
[ info ] [ HEADER ] array (
  'host' => 'o2o.ding.com',
  'connection' => 'keep-alive',
  'upgrade-insecure-requests' => '1',
  'user-agent' => 'Mozilla/5.0 (Windows NT 10.0; Win64; x64) AppleWebKit/537.36 (KHTML, like Gecko) Chrome/63.0.3239.108 Safari/537.36',
  'accept' => 'text/html,application/xhtml+xml,application/xml;q=0.9,image/webp,image/apng,*/*;q=0.8',
  'referer' => 'http://o2o.ding.com/index.php?s=admin',
  'accept-encoding' => 'gzip, deflate',
  'accept-language' => 'zh-CN,zh;q=0.9',
  'cookie' => 'PHPSESSID=874kapsrdi23p759m0movriu34',
)
[ info ] [ PARAM ] array (
)
[ info ] [ RUN ] app\admin\controller\Category->index[ D:\phpStudy\WWW\my project\webkit\application\admin\controller\Category.php ]
[ info ] [ DB ] INIT mysql
[ info ] [ VIEW ] D:\phpStudy\WWW\my project\webkit\public/../application/admin\view\category\index.html [ array (
  0 => 'categorys',
) ]
[ info ] [ LOG ] INIT File
[ sql ] [ DB ] CONNECT:[ UseTime:1.025117s ] mysql:dbname=my_o2o_table;host=localhost;port=3306;charset=utf8
[ sql ] [ SQL ] SHOW COLUMNS FROM `o2o_category` [ RunTime:0.009995s ]
[ sql ] [ SQL ] SELECT COUNT(*) AS tp_count FROM `o2o_category` WHERE  `parent_id` = 0  AND `status` <> -1 LIMIT 1 [ RunTime:0.000603s ]
[ sql ] [ SQL ] SELECT * FROM `o2o_category` WHERE  `parent_id` = 0  AND `status` <> -1 ORDER BY `listorder`  desc,`id`  desc LIMIT 0,15 [ RunTime:0.000677s ]

---------------------------------------------------------------
[ 2018-01-10T10:57:19+08:00 ] 127.0.0.1 127.0.0.1 POST /index.php/admin/category/listorder.html
[ log ] o2o.ding.com/index.php/admin/category/listorder.html [运行时间：1.121425s][吞吐率：0.89req/s] [内存消耗：2,671.02kb] [文件加载：57]
[ info ] [ LANG ] D:\phpStudy\WWW\my project\webkit\thinkphp\lang\zh-cn.php
[ info ] [ ROUTE ] array (
  'type' => 'module',
  'module' => 
  array (
    0 => 'admin',
    1 => 'category',
    2 => 'listorder',
  ),
)
[ info ] [ HEADER ] array (
  'host' => 'o2o.ding.com',
  'connection' => 'keep-alive',
  'content-length' => '17',
  'accept' => 'application/json, text/javascript, */*; q=0.01',
  'origin' => 'http://o2o.ding.com',
  'x-requested-with' => 'XMLHttpRequest',
  'user-agent' => 'Mozilla/5.0 (Windows NT 10.0; Win64; x64) AppleWebKit/537.36 (KHTML, like Gecko) Chrome/63.0.3239.108 Safari/537.36',
  'content-type' => 'application/x-www-form-urlencoded; charset=UTF-8',
  'referer' => 'http://o2o.ding.com/index.php/admin/category/index.html',
  'accept-encoding' => 'gzip, deflate',
  'accept-language' => 'zh-CN,zh;q=0.9',
  'cookie' => 'PHPSESSID=874kapsrdi23p759m0movriu34',
)
[ info ] [ PARAM ] array (
  'id' => '2',
  'listorder' => '11',
)
[ info ] [ RUN ] app\admin\controller\Category->listorder[ D:\phpStudy\WWW\my project\webkit\application\admin\controller\Category.php ]
[ info ] [ DB ] INIT mysql
[ info ] [ CACHE ] INIT File
[ info ] [ LOG ] INIT File
[ sql ] [ DB ] CONNECT:[ UseTime:1.013980s ] mysql:dbname=my_o2o_table;host=localhost;port=3306;charset=utf8
[ sql ] [ SQL ] SHOW COLUMNS FROM `o2o_category` [ RunTime:0.009489s ]
[ sql ] [ SQL ] UPDATE `o2o_category`  SET `listorder`=11,`update_time`=1515553038  WHERE  `id` = 2 [ RunTime:0.053603s ]

---------------------------------------------------------------
[ 2018-01-10T10:57:20+08:00 ] 127.0.0.1 127.0.0.1 GET /index.php/admin/category/index.html
[ log ] o2o.ding.com/index.php/admin/category/index.html [运行时间：1.087617s][吞吐率：0.92req/s] [内存消耗：2,777.18kb] [文件加载：58]
[ info ] [ LANG ] D:\phpStudy\WWW\my project\webkit\thinkphp\lang\zh-cn.php
[ info ] [ ROUTE ] array (
  'type' => 'module',
  'module' => 
  array (
    0 => 'admin',
    1 => 'category',
    2 => 'index',
  ),
)
[ info ] [ HEADER ] array (
  'host' => 'o2o.ding.com',
  'connection' => 'keep-alive',
  'upgrade-insecure-requests' => '1',
  'user-agent' => 'Mozilla/5.0 (Windows NT 10.0; Win64; x64) AppleWebKit/537.36 (KHTML, like Gecko) Chrome/63.0.3239.108 Safari/537.36',
  'accept' => 'text/html,application/xhtml+xml,application/xml;q=0.9,image/webp,image/apng,*/*;q=0.8',
  'referer' => 'http://o2o.ding.com/index.php/admin/category/index.html',
  'accept-encoding' => 'gzip, deflate',
  'accept-language' => 'zh-CN,zh;q=0.9',
  'cookie' => 'PHPSESSID=874kapsrdi23p759m0movriu34',
)
[ info ] [ PARAM ] array (
)
[ info ] [ RUN ] app\admin\controller\Category->index[ D:\phpStudy\WWW\my project\webkit\application\admin\controller\Category.php ]
[ info ] [ DB ] INIT mysql
[ info ] [ VIEW ] D:\phpStudy\WWW\my project\webkit\public/../application/admin\view\category\index.html [ array (
  0 => 'categorys',
) ]
[ info ] [ LOG ] INIT File
[ sql ] [ DB ] CONNECT:[ UseTime:1.025032s ] mysql:dbname=my_o2o_table;host=localhost;port=3306;charset=utf8
[ sql ] [ SQL ] SHOW COLUMNS FROM `o2o_category` [ RunTime:0.009671s ]
[ sql ] [ SQL ] SELECT COUNT(*) AS tp_count FROM `o2o_category` WHERE  `parent_id` = 0  AND `status` <> -1 LIMIT 1 [ RunTime:0.000666s ]
[ sql ] [ SQL ] SELECT * FROM `o2o_category` WHERE  `parent_id` = 0  AND `status` <> -1 ORDER BY `listorder`  desc,`id`  desc LIMIT 0,15 [ RunTime:0.000700s ]

---------------------------------------------------------------
[ 2018-01-10T10:57:21+08:00 ] 127.0.0.1 127.0.0.1 POST /index.php/admin/category/listorder.html
[ log ] o2o.ding.com/index.php/admin/category/listorder.html [运行时间：1.137387s][吞吐率：0.88req/s] [内存消耗：2,671.02kb] [文件加载：57]
[ info ] [ LANG ] D:\phpStudy\WWW\my project\webkit\thinkphp\lang\zh-cn.php
[ info ] [ ROUTE ] array (
  'type' => 'module',
  'module' => 
  array (
    0 => 'admin',
    1 => 'category',
    2 => 'listorder',
  ),
)
[ info ] [ HEADER ] array (
  'host' => 'o2o.ding.com',
  'connection' => 'keep-alive',
  'content-length' => '17',
  'accept' => 'application/json, text/javascript, */*; q=0.01',
  'origin' => 'http://o2o.ding.com',
  'x-requested-with' => 'XMLHttpRequest',
  'user-agent' => 'Mozilla/5.0 (Windows NT 10.0; Win64; x64) AppleWebKit/537.36 (KHTML, like Gecko) Chrome/63.0.3239.108 Safari/537.36',
  'content-type' => 'application/x-www-form-urlencoded; charset=UTF-8',
  'referer' => 'http://o2o.ding.com/index.php/admin/category/index.html',
  'accept-encoding' => 'gzip, deflate',
  'accept-language' => 'zh-CN,zh;q=0.9',
  'cookie' => 'PHPSESSID=874kapsrdi23p759m0movriu34',
)
[ info ] [ PARAM ] array (
  'id' => '5',
  'listorder' => '10',
)
[ info ] [ RUN ] app\admin\controller\Category->listorder[ D:\phpStudy\WWW\my project\webkit\application\admin\controller\Category.php ]
[ info ] [ DB ] INIT mysql
[ info ] [ CACHE ] INIT File
[ info ] [ LOG ] INIT File
[ sql ] [ DB ] CONNECT:[ UseTime:1.024565s ] mysql:dbname=my_o2o_table;host=localhost;port=3306;charset=utf8
[ sql ] [ SQL ] SHOW COLUMNS FROM `o2o_category` [ RunTime:0.009454s ]
[ sql ] [ SQL ] UPDATE `o2o_category`  SET `listorder`=10,`update_time`=1515553040  WHERE  `id` = 5 [ RunTime:0.056899s ]

---------------------------------------------------------------
[ 2018-01-10T10:57:28+08:00 ] 127.0.0.1 127.0.0.1 POST /index.php/admin/category/listorder.html
[ log ] o2o.ding.com/index.php/admin/category/listorder.html [运行时间：1.142065s][吞吐率：0.88req/s] [内存消耗：2,671.02kb] [文件加载：57]
[ info ] [ LANG ] D:\phpStudy\WWW\my project\webkit\thinkphp\lang\zh-cn.php
[ info ] [ ROUTE ] array (
  'type' => 'module',
  'module' => 
  array (
    0 => 'admin',
    1 => 'category',
    2 => 'listorder',
  ),
)
[ info ] [ HEADER ] array (
  'host' => 'o2o.ding.com',
  'connection' => 'keep-alive',
  'content-length' => '17',
  'accept' => 'application/json, text/javascript, */*; q=0.01',
  'origin' => 'http://o2o.ding.com',
  'x-requested-with' => 'XMLHttpRequest',
  'user-agent' => 'Mozilla/5.0 (Windows NT 10.0; Win64; x64) AppleWebKit/537.36 (KHTML, like Gecko) Chrome/63.0.3239.108 Safari/537.36',
  'content-type' => 'application/x-www-form-urlencoded; charset=UTF-8',
  'referer' => 'http://o2o.ding.com/index.php/admin/category/index.html',
  'accept-encoding' => 'gzip, deflate',
  'accept-language' => 'zh-CN,zh;q=0.9',
  'cookie' => 'PHPSESSID=874kapsrdi23p759m0movriu34',
)
[ info ] [ PARAM ] array (
  'id' => '5',
  'listorder' => '10',
)
[ info ] [ RUN ] app\admin\controller\Category->listorder[ D:\phpStudy\WWW\my project\webkit\application\admin\controller\Category.php ]
[ info ] [ DB ] INIT mysql
[ info ] [ CACHE ] INIT File
[ info ] [ LOG ] INIT File
[ sql ] [ DB ] CONNECT:[ UseTime:1.023433s ] mysql:dbname=my_o2o_table;host=localhost;port=3306;charset=utf8
[ sql ] [ SQL ] SHOW COLUMNS FROM `o2o_category` [ RunTime:0.009392s ]
[ sql ] [ SQL ] UPDATE `o2o_category`  SET `listorder`=10,`update_time`=1515553047  WHERE  `id` = 5 [ RunTime:0.065696s ]

---------------------------------------------------------------
[ 2018-01-10T10:57:29+08:00 ] 127.0.0.1 127.0.0.1 GET /index.php/admin/category/index.html
[ log ] o2o.ding.com/index.php/admin/category/index.html [运行时间：1.074894s][吞吐率：0.93req/s] [内存消耗：2,777.18kb] [文件加载：58]
[ info ] [ LANG ] D:\phpStudy\WWW\my project\webkit\thinkphp\lang\zh-cn.php
[ info ] [ ROUTE ] array (
  'type' => 'module',
  'module' => 
  array (
    0 => 'admin',
    1 => 'category',
    2 => 'index',
  ),
)
[ info ] [ HEADER ] array (
  'host' => 'o2o.ding.com',
  'connection' => 'keep-alive',
  'upgrade-insecure-requests' => '1',
  'user-agent' => 'Mozilla/5.0 (Windows NT 10.0; Win64; x64) AppleWebKit/537.36 (KHTML, like Gecko) Chrome/63.0.3239.108 Safari/537.36',
  'accept' => 'text/html,application/xhtml+xml,application/xml;q=0.9,image/webp,image/apng,*/*;q=0.8',
  'referer' => 'http://o2o.ding.com/index.php/admin/category/index.html',
  'accept-encoding' => 'gzip, deflate',
  'accept-language' => 'zh-CN,zh;q=0.9',
  'cookie' => 'PHPSESSID=874kapsrdi23p759m0movriu34',
)
[ info ] [ PARAM ] array (
)
[ info ] [ RUN ] app\admin\controller\Category->index[ D:\phpStudy\WWW\my project\webkit\application\admin\controller\Category.php ]
[ info ] [ DB ] INIT mysql
[ info ] [ VIEW ] D:\phpStudy\WWW\my project\webkit\public/../application/admin\view\category\index.html [ array (
  0 => 'categorys',
) ]
[ info ] [ LOG ] INIT File
[ sql ] [ DB ] CONNECT:[ UseTime:1.015487s ] mysql:dbname=my_o2o_table;host=localhost;port=3306;charset=utf8
[ sql ] [ SQL ] SHOW COLUMNS FROM `o2o_category` [ RunTime:0.006026s ]
[ sql ] [ SQL ] SELECT COUNT(*) AS tp_count FROM `o2o_category` WHERE  `parent_id` = 0  AND `status` <> -1 LIMIT 1 [ RunTime:0.000575s ]
[ sql ] [ SQL ] SELECT * FROM `o2o_category` WHERE  `parent_id` = 0  AND `status` <> -1 ORDER BY `listorder`  desc,`id`  desc LIMIT 0,15 [ RunTime:0.000553s ]

---------------------------------------------------------------
[ 2018-01-10T10:57:32+08:00 ] 127.0.0.1 127.0.0.1 POST /index.php/admin/category/listorder.html
[ log ] o2o.ding.com/index.php/admin/category/listorder.html [运行时间：1.109226s][吞吐率：0.90req/s] [内存消耗：2,670.99kb] [文件加载：57]
[ info ] [ LANG ] D:\phpStudy\WWW\my project\webkit\thinkphp\lang\zh-cn.php
[ info ] [ ROUTE ] array (
  'type' => 'module',
  'module' => 
  array (
    0 => 'admin',
    1 => 'category',
    2 => 'listorder',
  ),
)
[ info ] [ HEADER ] array (
  'host' => 'o2o.ding.com',
  'connection' => 'keep-alive',
  'content-length' => '16',
  'accept' => 'application/json, text/javascript, */*; q=0.01',
  'origin' => 'http://o2o.ding.com',
  'x-requested-with' => 'XMLHttpRequest',
  'user-agent' => 'Mozilla/5.0 (Windows NT 10.0; Win64; x64) AppleWebKit/537.36 (KHTML, like Gecko) Chrome/63.0.3239.108 Safari/537.36',
  'content-type' => 'application/x-www-form-urlencoded; charset=UTF-8',
  'referer' => 'http://o2o.ding.com/index.php/admin/category/index.html',
  'accept-encoding' => 'gzip, deflate',
  'accept-language' => 'zh-CN,zh;q=0.9',
  'cookie' => 'PHPSESSID=874kapsrdi23p759m0movriu34',
)
[ info ] [ PARAM ] array (
  'id' => '7',
  'listorder' => '0',
)
[ info ] [ RUN ] app\admin\controller\Category->listorder[ D:\phpStudy\WWW\my project\webkit\application\admin\controller\Category.php ]
[ info ] [ DB ] INIT mysql
[ info ] [ CACHE ] INIT File
[ info ] [ LOG ] INIT File
[ sql ] [ DB ] CONNECT:[ UseTime:1.017030s ] mysql:dbname=my_o2o_table;host=localhost;port=3306;charset=utf8
[ sql ] [ SQL ] SHOW COLUMNS FROM `o2o_category` [ RunTime:0.007096s ]
[ sql ] [ SQL ] UPDATE `o2o_category`  SET `listorder`=0,`update_time`=1515553051  WHERE  `id` = 7 [ RunTime:0.039991s ]

---------------------------------------------------------------
[ 2018-01-10T10:57:33+08:00 ] 127.0.0.1 127.0.0.1 GET /index.php/admin/category/index.html
[ log ] o2o.ding.com/index.php/admin/category/index.html [运行时间：1.071894s][吞吐率：0.93req/s] [内存消耗：2,777.18kb] [文件加载：58]
[ info ] [ LANG ] D:\phpStudy\WWW\my project\webkit\thinkphp\lang\zh-cn.php
[ info ] [ ROUTE ] array (
  'type' => 'module',
  'module' => 
  array (
    0 => 'admin',
    1 => 'category',
    2 => 'index',
  ),
)
[ info ] [ HEADER ] array (
  'host' => 'o2o.ding.com',
  'connection' => 'keep-alive',
  'upgrade-insecure-requests' => '1',
  'user-agent' => 'Mozilla/5.0 (Windows NT 10.0; Win64; x64) AppleWebKit/537.36 (KHTML, like Gecko) Chrome/63.0.3239.108 Safari/537.36',
  'accept' => 'text/html,application/xhtml+xml,application/xml;q=0.9,image/webp,image/apng,*/*;q=0.8',
  'referer' => 'http://o2o.ding.com/index.php/admin/category/index.html',
  'accept-encoding' => 'gzip, deflate',
  'accept-language' => 'zh-CN,zh;q=0.9',
  'cookie' => 'PHPSESSID=874kapsrdi23p759m0movriu34',
)
[ info ] [ PARAM ] array (
)
[ info ] [ RUN ] app\admin\controller\Category->index[ D:\phpStudy\WWW\my project\webkit\application\admin\controller\Category.php ]
[ info ] [ DB ] INIT mysql
[ info ] [ VIEW ] D:\phpStudy\WWW\my project\webkit\public/../application/admin\view\category\index.html [ array (
  0 => 'categorys',
) ]
[ info ] [ LOG ] INIT File
[ sql ] [ DB ] CONNECT:[ UseTime:1.005436s ] mysql:dbname=my_o2o_table;host=localhost;port=3306;charset=utf8
[ sql ] [ SQL ] SHOW COLUMNS FROM `o2o_category` [ RunTime:0.009007s ]
[ sql ] [ SQL ] SELECT COUNT(*) AS tp_count FROM `o2o_category` WHERE  `parent_id` = 0  AND `status` <> -1 LIMIT 1 [ RunTime:0.000536s ]
[ sql ] [ SQL ] SELECT * FROM `o2o_category` WHERE  `parent_id` = 0  AND `status` <> -1 ORDER BY `listorder`  desc,`id`  desc LIMIT 0,15 [ RunTime:0.000498s ]

---------------------------------------------------------------
[ 2018-01-10T10:57:39+08:00 ] 127.0.0.1 127.0.0.1 GET /
[ log ] o2o.ding.com/ [运行时间：1.093901s][吞吐率：0.91req/s] [内存消耗：2,719.88kb] [文件加载：53]
[ info ] [ LANG ] D:\phpStudy\WWW\my project\webkit\thinkphp\lang\zh-cn.php
[ info ] [ ROUTE ] array (
  'type' => 'module',
  'module' => 
  array (
    0 => '',
    1 => NULL,
    2 => NULL,
  ),
)
[ info ] [ HEADER ] array (
  'host' => 'o2o.ding.com',
  'connection' => 'keep-alive',
  'user-agent' => 'Mozilla/5.0 (Windows NT 10.0; Win64; x64) AppleWebKit/537.36 (KHTML, like Gecko) Chrome/63.0.3239.108 Safari/537.36',
  'upgrade-insecure-requests' => '1',
  'accept' => 'text/html,application/xhtml+xml,application/xml;q=0.9,image/webp,image/apng,*/*;q=0.8',
  'accept-encoding' => 'gzip, deflate',
  'accept-language' => 'zh-CN,zh;q=0.9',
  'cookie' => 'PHPSESSID=874kapsrdi23p759m0movriu34',
)
[ info ] [ PARAM ] array (
)
[ info ] [ DB ] INIT mysql
[ info ] [ SESSION ] INIT array (
  'id' => '',
  'var_session_id' => '',
  'prefix' => 'think',
  'type' => '',
  'auto_start' => true,
)
[ info ] [ RUN ] app\index\controller\Index->index[ D:\phpStudy\WWW\my project\webkit\application\index\controller\Index.php ]
[ info ] [ VIEW ] D:\phpStudy\WWW\my project\webkit\public/../application/index\view\index\index.html [ array (
  0 => 'citys',
  1 => 'city',
  2 => 'cats',
  3 => 'user',
) ]
[ info ] [ LOG ] INIT File
[ sql ] [ DB ] CONNECT:[ UseTime:1.025673s ] mysql:dbname=my_o2o_table;host=localhost;port=3306;charset=utf8
[ sql ] [ SQL ] SHOW COLUMNS FROM `o2o_city` [ RunTime:0.009307s ]
[ sql ] [ SQL ] SELECT * FROM `o2o_city` WHERE  `status` = 1  AND `parent_id` > 0 ORDER BY `id`  desc [ RunTime:0.000640s ]
[ sql ] [ SQL ] SELECT * FROM `o2o_city` WHERE  `uname` = 'panjin' LIMIT 1 [ RunTime:0.000604s ]
[ sql ] [ SQL ] SHOW COLUMNS FROM `o2o_category` [ RunTime:0.005713s ]
[ sql ] [ SQL ] SELECT * FROM `o2o_category` WHERE  `parent_id` = 0  AND `status` = 1 ORDER BY `listorder`  desc,`id`  desc LIMIT 5 [ RunTime:0.000582s ]
[ sql ] [ SQL ] SELECT * FROM `o2o_category` WHERE  `parent_id` IN (1,2,5,6,7)  AND `status` = 1 ORDER BY `listorder`  desc,`id`  desc [ RunTime:0.000567s ]

---------------------------------------------------------------
[ 2018-01-10T11:05:23+08:00 ] 127.0.0.1 127.0.0.1 GET /
[ log ] o2o.ding.com/ [运行时间：1.092842s][吞吐率：0.92req/s] [内存消耗：2,946.68kb] [文件加载：55]
[ info ] [ LANG ] D:\phpStudy\WWW\my project\webkit\thinkphp\lang\zh-cn.php
[ info ] [ ROUTE ] array (
  'type' => 'module',
  'module' => 
  array (
    0 => '',
    1 => NULL,
    2 => NULL,
  ),
)
[ info ] [ HEADER ] array (
  'host' => 'o2o.ding.com',
  'connection' => 'keep-alive',
  'cache-control' => 'max-age=0',
  'user-agent' => 'Mozilla/5.0 (Windows NT 10.0; Win64; x64) AppleWebKit/537.36 (KHTML, like Gecko) Chrome/63.0.3239.108 Safari/537.36',
  'upgrade-insecure-requests' => '1',
  'accept' => 'text/html,application/xhtml+xml,application/xml;q=0.9,image/webp,image/apng,*/*;q=0.8',
  'accept-encoding' => 'gzip, deflate',
  'accept-language' => 'zh-CN,zh;q=0.9',
  'cookie' => 'PHPSESSID=874kapsrdi23p759m0movriu34',
)
[ info ] [ PARAM ] array (
)
[ info ] [ DB ] INIT mysql
[ info ] [ SESSION ] INIT array (
  'id' => '',
  'var_session_id' => '',
  'prefix' => 'think',
  'type' => '',
  'auto_start' => true,
)
[ info ] [ RUN ] app\index\controller\Index->index[ D:\phpStudy\WWW\my project\webkit\application\index\controller\Index.php ]
[ info ] [ VIEW ] D:\phpStudy\WWW\my project\webkit\public/../application/index\view\index\index.html [ array (
  0 => 'citys',
  1 => 'city',
  2 => 'cats',
  3 => 'user',
) ]
[ info ] [ LOG ] INIT File
[ sql ] [ DB ] CONNECT:[ UseTime:1.015798s ] mysql:dbname=my_o2o_table;host=localhost;port=3306;charset=utf8
[ sql ] [ SQL ] SHOW COLUMNS FROM `o2o_city` [ RunTime:0.009045s ]
[ sql ] [ SQL ] SELECT * FROM `o2o_city` WHERE  `status` = 1  AND `parent_id` > 0 ORDER BY `id`  desc [ RunTime:0.000677s ]
[ sql ] [ SQL ] SELECT * FROM `o2o_city` WHERE  `uname` = 'panjin' LIMIT 1 [ RunTime:0.000614s ]
[ sql ] [ SQL ] SHOW COLUMNS FROM `o2o_category` [ RunTime:0.006267s ]
[ sql ] [ SQL ] SELECT * FROM `o2o_category` WHERE  `parent_id` = 0  AND `status` = 1 ORDER BY `listorder`  desc,`id`  desc LIMIT 5 [ RunTime:0.000662s ]
[ sql ] [ SQL ] SELECT * FROM `o2o_category` WHERE  `parent_id` IN (1,2,5,6,7)  AND `status` = 1 ORDER BY `listorder`  desc,`id`  desc [ RunTime:0.000650s ]

---------------------------------------------------------------
[ 2018-01-10T11:14:30+08:00 ] 127.0.0.1 127.0.0.1 GET /
[ log ] o2o.ding.com/ [运行时间：1.093631s][吞吐率：0.91req/s] [内存消耗：2,920.90kb] [文件加载：55]
[ info ] [ LANG ] D:\phpStudy\WWW\my project\webkit\thinkphp\lang\zh-cn.php
[ info ] [ ROUTE ] array (
  'type' => 'module',
  'module' => 
  array (
    0 => '',
    1 => NULL,
    2 => NULL,
  ),
)
[ info ] [ HEADER ] array (
  'host' => 'o2o.ding.com',
  'connection' => 'keep-alive',
  'cache-control' => 'max-age=0',
  'user-agent' => 'Mozilla/5.0 (Windows NT 10.0; Win64; x64) AppleWebKit/537.36 (KHTML, like Gecko) Chrome/63.0.3239.108 Safari/537.36',
  'upgrade-insecure-requests' => '1',
  'accept' => 'text/html,application/xhtml+xml,application/xml;q=0.9,image/webp,image/apng,*/*;q=0.8',
  'accept-encoding' => 'gzip, deflate',
  'accept-language' => 'zh-CN,zh;q=0.9',
  'cookie' => 'PHPSESSID=874kapsrdi23p759m0movriu34',
)
[ info ] [ PARAM ] array (
)
[ info ] [ DB ] INIT mysql
[ info ] [ SESSION ] INIT array (
  'id' => '',
  'var_session_id' => '',
  'prefix' => 'think',
  'type' => '',
  'auto_start' => true,
)
[ info ] [ RUN ] app\index\controller\Index->index[ D:\phpStudy\WWW\my project\webkit\application\index\controller\Index.php ]
[ info ] [ VIEW ] D:\phpStudy\WWW\my project\webkit\public/../application/index\view\index\index.html [ array (
  0 => 'citys',
  1 => 'city',
  2 => 'cats',
  3 => 'user',
) ]
[ info ] [ LOG ] INIT File
[ sql ] [ DB ] CONNECT:[ UseTime:1.015599s ] mysql:dbname=my_o2o_table;host=localhost;port=3306;charset=utf8
[ sql ] [ SQL ] SHOW COLUMNS FROM `o2o_city` [ RunTime:0.009707s ]
[ sql ] [ SQL ] SELECT * FROM `o2o_city` WHERE  `status` = 1  AND `parent_id` > 0 ORDER BY `id`  desc [ RunTime:0.000635s ]
[ sql ] [ SQL ] SELECT * FROM `o2o_city` WHERE  `uname` = 'panjin' LIMIT 1 [ RunTime:0.000533s ]
[ sql ] [ SQL ] SHOW COLUMNS FROM `o2o_category` [ RunTime:0.006480s ]
[ sql ] [ SQL ] SELECT * FROM `o2o_category` WHERE  `parent_id` = 0  AND `status` = 1 ORDER BY `listorder`  desc,`id`  desc LIMIT 5 [ RunTime:0.000522s ]
[ sql ] [ SQL ] SELECT * FROM `o2o_category` WHERE  `parent_id` IN (1,2,5,6,7)  AND `status` = 1 ORDER BY `listorder`  desc,`id`  desc [ RunTime:0.000453s ]

---------------------------------------------------------------
[ 2018-01-10T11:36:14+08:00 ] 127.0.0.1 127.0.0.1 GET /index.php?s=admin
[ log ] o2o.ding.com/index.php?s=admin [运行时间：0.034082s][吞吐率：29.34req/s] [内存消耗：1,644.80kb] [文件加载：44]
[ info ] [ LANG ] D:\phpStudy\WWW\my project\webkit\thinkphp\lang\zh-cn.php
[ info ] [ ROUTE ] array (
  'type' => 'module',
  'module' => 
  array (
    0 => 'admin',
    1 => NULL,
    2 => NULL,
  ),
)
[ info ] [ HEADER ] array (
  'host' => 'o2o.ding.com',
  'connection' => 'keep-alive',
  'user-agent' => 'Mozilla/5.0 (Windows NT 10.0; Win64; x64) AppleWebKit/537.36 (KHTML, like Gecko) Chrome/63.0.3239.108 Safari/537.36',
  'upgrade-insecure-requests' => '1',
  'accept' => 'text/html,application/xhtml+xml,application/xml;q=0.9,image/webp,image/apng,*/*;q=0.8',
  'accept-encoding' => 'gzip, deflate',
  'accept-language' => 'zh-CN,zh;q=0.9',
  'cookie' => 'PHPSESSID=874kapsrdi23p759m0movriu34',
)
[ info ] [ PARAM ] array (
)
[ info ] [ RUN ] app\admin\controller\Index->index[ D:\phpStudy\WWW\my project\webkit\application\admin\controller\Index.php ]
[ info ] [ VIEW ] D:\phpStudy\WWW\my project\webkit\public/../application/admin\view\index\index.html [ array (
) ]
[ info ] [ LOG ] INIT File

---------------------------------------------------------------
[ 2018-01-10T11:36:15+08:00 ] 127.0.0.1 127.0.0.1 GET /index.php/admin/index/welcome.html
[ log ] o2o.ding.com/index.php/admin/index/welcome.html [运行时间：0.571348s][吞吐率：1.75req/s] [内存消耗：2,300.11kb] [文件加载：45]
[ info ] [ LANG ] D:\phpStudy\WWW\my project\webkit\thinkphp\lang\zh-cn.php
[ info ] [ ROUTE ] array (
  'type' => 'module',
  'module' => 
  array (
    0 => 'admin',
    1 => 'index',
    2 => 'welcome',
  ),
)
[ info ] [ HEADER ] array (
  'host' => 'o2o.ding.com',
  'connection' => 'keep-alive',
  'upgrade-insecure-requests' => '1',
  'user-agent' => 'Mozilla/5.0 (Windows NT 10.0; Win64; x64) AppleWebKit/537.36 (KHTML, like Gecko) Chrome/63.0.3239.108 Safari/537.36',
  'accept' => 'text/html,application/xhtml+xml,application/xml;q=0.9,image/webp,image/apng,*/*;q=0.8',
  'referer' => 'http://o2o.ding.com/index.php?s=admin',
  'accept-encoding' => 'gzip, deflate',
  'accept-language' => 'zh-CN,zh;q=0.9',
  'cookie' => 'PHPSESSID=874kapsrdi23p759m0movriu34',
)
[ info ] [ PARAM ] array (
)
[ info ] [ RUN ] app\admin\controller\Index->welcome[ D:\phpStudy\WWW\my project\webkit\application\admin\controller\Index.php ]
[ info ] [ LOG ] INIT File

---------------------------------------------------------------
[ 2018-01-10T11:36:18+08:00 ] 127.0.0.1 127.0.0.1 GET /index.php/admin/deal/index.html
[ log ] o2o.ding.com/index.php/admin/deal/index.html [运行时间：1.209228s][吞吐率：0.83req/s] [内存消耗：3,041.73kb] [文件加载：62]
[ info ] [ LANG ] D:\phpStudy\WWW\my project\webkit\thinkphp\lang\zh-cn.php
[ info ] [ ROUTE ] array (
  'type' => 'module',
  'module' => 
  array (
    0 => 'admin',
    1 => 'deal',
    2 => 'index',
  ),
)
[ info ] [ HEADER ] array (
  'host' => 'o2o.ding.com',
  'connection' => 'keep-alive',
  'upgrade-insecure-requests' => '1',
  'user-agent' => 'Mozilla/5.0 (Windows NT 10.0; Win64; x64) AppleWebKit/537.36 (KHTML, like Gecko) Chrome/63.0.3239.108 Safari/537.36',
  'accept' => 'text/html,application/xhtml+xml,application/xml;q=0.9,image/webp,image/apng,*/*;q=0.8',
  'referer' => 'http://o2o.ding.com/index.php?s=admin',
  'accept-encoding' => 'gzip, deflate',
  'accept-language' => 'zh-CN,zh;q=0.9',
  'cookie' => 'PHPSESSID=874kapsrdi23p759m0movriu34',
)
[ info ] [ PARAM ] array (
)
[ info ] [ RUN ] app\admin\controller\Deal->index[ D:\phpStudy\WWW\my project\webkit\application\admin\controller\Deal.php ]
[ info ] [ DB ] INIT mysql
[ info ] [ VIEW ] D:\phpStudy\WWW\my project\webkit\public/../application/admin\view\deal\index.html [ array (
  0 => 'categorys',
  1 => 'citys',
  2 => 'deals',
  3 => 'category_id',
  4 => 'city_id',
  5 => 'start_time',
  6 => 'end_time',
  7 => 'name',
  8 => 'categoryArrs',
  9 => 'cityArrs',
) ]
[ info ] [ LOG ] INIT File
[ sql ] [ DB ] CONNECT:[ UseTime:1.005933s ] mysql:dbname=my_o2o_table;host=localhost;port=3306;charset=utf8
[ sql ] [ SQL ] SHOW COLUMNS FROM `o2o_category` [ RunTime:0.010621s ]
[ sql ] [ SQL ] SELECT * FROM `o2o_category` WHERE  `status` = 1  AND `parent_id` = 0 ORDER BY `id`  desc [ RunTime:0.000701s ]
[ sql ] [ SQL ] SHOW COLUMNS FROM `o2o_city` [ RunTime:0.006550s ]
[ sql ] [ SQL ] SELECT * FROM `o2o_city` WHERE  `status` = 1  AND `parent_id` > 0 ORDER BY `id`  desc [ RunTime:0.000494s ]
[ sql ] [ SQL ] SHOW COLUMNS FROM `o2o_deal` [ RunTime:0.074347s ]
[ sql ] [ SQL ] SELECT COUNT(*) AS tp_count FROM `o2o_deal` WHERE  `status` = 1 LIMIT 1 [ RunTime:0.000499s ]
[ sql ] [ SQL ] SELECT * FROM `o2o_deal` WHERE  `status` = 1 ORDER BY `id`  desc LIMIT 0,1 [ RunTime:0.000599s ]

---------------------------------------------------------------
[ 2018-01-10T11:36:22+08:00 ] 127.0.0.1 127.0.0.1 GET /index.php/admin/featured/add.html
[ log ] o2o.ding.com/index.php/admin/featured/add.html [运行时间：0.086142s][吞吐率：11.61req/s] [内存消耗：1,913.71kb] [文件加载：48]
[ info ] [ LANG ] D:\phpStudy\WWW\my project\webkit\thinkphp\lang\zh-cn.php
[ info ] [ ROUTE ] array (
  'type' => 'module',
  'module' => 
  array (
    0 => 'admin',
    1 => 'featured',
    2 => 'add',
  ),
)
[ info ] [ HEADER ] array (
  'host' => 'o2o.ding.com',
  'connection' => 'keep-alive',
  'upgrade-insecure-requests' => '1',
  'user-agent' => 'Mozilla/5.0 (Windows NT 10.0; Win64; x64) AppleWebKit/537.36 (KHTML, like Gecko) Chrome/63.0.3239.108 Safari/537.36',
  'accept' => 'text/html,application/xhtml+xml,application/xml;q=0.9,image/webp,image/apng,*/*;q=0.8',
  'referer' => 'http://o2o.ding.com/index.php?s=admin',
  'accept-encoding' => 'gzip, deflate',
  'accept-language' => 'zh-CN,zh;q=0.9',
  'cookie' => 'PHPSESSID=874kapsrdi23p759m0movriu34',
)
[ info ] [ PARAM ] array (
)
[ info ] [ RUN ] app\admin\controller\Featured->add[ D:\phpStudy\WWW\my project\webkit\application\admin\controller\Featured.php ]
[ info ] [ VIEW ] D:\phpStudy\WWW\my project\webkit\public/../application/admin\view\featured\add.html [ array (
  0 => 'types',
) ]
[ info ] [ LOG ] INIT File

---------------------------------------------------------------
[ 2018-01-10T11:36:23+08:00 ] 127.0.0.1 127.0.0.1 GET /index.php/admin/featured/
[ log ] o2o.ding.com/index.php/admin/featured/ [运行时间：1.162851s][吞吐率：0.86req/s] [内存消耗：2,772.27kb] [文件加载：59]
[ info ] [ LANG ] D:\phpStudy\WWW\my project\webkit\thinkphp\lang\zh-cn.php
[ info ] [ ROUTE ] array (
  'type' => 'module',
  'module' => 
  array (
    0 => 'admin',
    1 => 'featured',
    2 => NULL,
  ),
)
[ info ] [ HEADER ] array (
  'host' => 'o2o.ding.com',
  'connection' => 'keep-alive',
  'user-agent' => 'Mozilla/5.0 (Windows NT 10.0; Win64; x64) AppleWebKit/537.36 (KHTML, like Gecko) Chrome/63.0.3239.108 Safari/537.36',
  'x-requested-with' => 'ShockwaveFlash/28.0.0.137',
  'accept' => '*/*',
  'referer' => 'http://o2o.ding.com/index.php/admin/featured/add.html',
  'accept-encoding' => 'gzip, deflate',
  'accept-language' => 'zh-CN,zh;q=0.9',
  'cookie' => 'PHPSESSID=874kapsrdi23p759m0movriu34',
)
[ info ] [ PARAM ] array (
)
[ info ] [ RUN ] app\admin\controller\Featured->index[ D:\phpStudy\WWW\my project\webkit\application\admin\controller\Featured.php ]
[ info ] [ DB ] INIT mysql
[ info ] [ VIEW ] D:\phpStudy\WWW\my project\webkit\public/../application/admin\view\featured\index.html [ array (
  0 => 'types',
  1 => 'results',
) ]
[ info ] [ LOG ] INIT File
[ sql ] [ DB ] CONNECT:[ UseTime:1.015449s ] mysql:dbname=my_o2o_table;host=localhost;port=3306;charset=utf8
[ sql ] [ SQL ] SHOW COLUMNS FROM `o2o_featured` [ RunTime:0.084612s ]
[ sql ] [ SQL ] SELECT COUNT(*) AS tp_count FROM `o2o_featured` WHERE  `type` = 0  AND `status` <> -1 LIMIT 1 [ RunTime:0.000564s ]
[ sql ] [ SQL ] SELECT * FROM `o2o_featured` WHERE  `type` = 0  AND `status` <> -1 ORDER BY `id`  desc LIMIT 0,15 [ RunTime:0.000589s ]

---------------------------------------------------------------
[ 2018-01-10T11:36:25+08:00 ] 127.0.0.1 127.0.0.1 GET /index.php/admin/featured/index.html
[ log ] o2o.ding.com/index.php/admin/featured/index.html [运行时间：1.084890s][吞吐率：0.92req/s] [内存消耗：2,772.45kb] [文件加载：59]
[ info ] [ LANG ] D:\phpStudy\WWW\my project\webkit\thinkphp\lang\zh-cn.php
[ info ] [ ROUTE ] array (
  'type' => 'module',
  'module' => 
  array (
    0 => 'admin',
    1 => 'featured',
    2 => 'index',
  ),
)
[ info ] [ HEADER ] array (
  'host' => 'o2o.ding.com',
  'connection' => 'keep-alive',
  'upgrade-insecure-requests' => '1',
  'user-agent' => 'Mozilla/5.0 (Windows NT 10.0; Win64; x64) AppleWebKit/537.36 (KHTML, like Gecko) Chrome/63.0.3239.108 Safari/537.36',
  'accept' => 'text/html,application/xhtml+xml,application/xml;q=0.9,image/webp,image/apng,*/*;q=0.8',
  'referer' => 'http://o2o.ding.com/index.php?s=admin',
  'accept-encoding' => 'gzip, deflate',
  'accept-language' => 'zh-CN,zh;q=0.9',
  'cookie' => 'PHPSESSID=874kapsrdi23p759m0movriu34',
)
[ info ] [ PARAM ] array (
)
[ info ] [ RUN ] app\admin\controller\Featured->index[ D:\phpStudy\WWW\my project\webkit\application\admin\controller\Featured.php ]
[ info ] [ DB ] INIT mysql
[ info ] [ VIEW ] D:\phpStudy\WWW\my project\webkit\public/../application/admin\view\featured\index.html [ array (
  0 => 'types',
  1 => 'results',
) ]
[ info ] [ LOG ] INIT File
[ sql ] [ DB ] CONNECT:[ UseTime:1.025211s ] mysql:dbname=my_o2o_table;host=localhost;port=3306;charset=utf8
[ sql ] [ SQL ] SHOW COLUMNS FROM `o2o_featured` [ RunTime:0.008687s ]
[ sql ] [ SQL ] SELECT COUNT(*) AS tp_count FROM `o2o_featured` WHERE  `type` = 0  AND `status` <> -1 LIMIT 1 [ RunTime:0.000462s ]
[ sql ] [ SQL ] SELECT * FROM `o2o_featured` WHERE  `type` = 0  AND `status` <> -1 ORDER BY `id`  desc LIMIT 0,15 [ RunTime:0.000579s ]

---------------------------------------------------------------
[ 2018-01-10T11:37:28+08:00 ] 127.0.0.1 127.0.0.1 GET /index.php/admin/featured/index.html
[ log ] o2o.ding.com/index.php/admin/featured/index.html [运行时间：1.082383s][吞吐率：0.92req/s] [内存消耗：2,772.45kb] [文件加载：59]
[ info ] [ LANG ] D:\phpStudy\WWW\my project\webkit\thinkphp\lang\zh-cn.php
[ info ] [ ROUTE ] array (
  'type' => 'module',
  'module' => 
  array (
    0 => 'admin',
    1 => 'featured',
    2 => 'index',
  ),
)
[ info ] [ HEADER ] array (
  'host' => 'o2o.ding.com',
  'connection' => 'keep-alive',
  'upgrade-insecure-requests' => '1',
  'user-agent' => 'Mozilla/5.0 (Windows NT 10.0; Win64; x64) AppleWebKit/537.36 (KHTML, like Gecko) Chrome/63.0.3239.108 Safari/537.36',
  'accept' => 'text/html,application/xhtml+xml,application/xml;q=0.9,image/webp,image/apng,*/*;q=0.8',
  'referer' => 'http://o2o.ding.com/index.php?s=admin',
  'accept-encoding' => 'gzip, deflate',
  'accept-language' => 'zh-CN,zh;q=0.9',
  'cookie' => 'PHPSESSID=874kapsrdi23p759m0movriu34',
)
[ info ] [ PARAM ] array (
)
[ info ] [ RUN ] app\admin\controller\Featured->index[ D:\phpStudy\WWW\my project\webkit\application\admin\controller\Featured.php ]
[ info ] [ DB ] INIT mysql
[ info ] [ VIEW ] D:\phpStudy\WWW\my project\webkit\public/../application/admin\view\featured\index.html [ array (
  0 => 'types',
  1 => 'results',
) ]
[ info ] [ LOG ] INIT File
[ sql ] [ DB ] CONNECT:[ UseTime:1.023294s ] mysql:dbname=my_o2o_table;host=localhost;port=3306;charset=utf8
[ sql ] [ SQL ] SHOW COLUMNS FROM `o2o_featured` [ RunTime:0.009099s ]
[ sql ] [ SQL ] SELECT COUNT(*) AS tp_count FROM `o2o_featured` WHERE  `type` = 0  AND `status` <> -1 LIMIT 1 [ RunTime:0.000486s ]
[ sql ] [ SQL ] SELECT * FROM `o2o_featured` WHERE  `type` = 0  AND `status` <> -1 ORDER BY `id`  desc LIMIT 0,15 [ RunTime:0.000479s ]

---------------------------------------------------------------
[ 2018-01-10T11:37:29+08:00 ] 127.0.0.1 127.0.0.1 GET /index.php/admin/featured/add.html
[ log ] o2o.ding.com/index.php/admin/featured/add.html [运行时间：0.034219s][吞吐率：29.22req/s] [内存消耗：1,913.71kb] [文件加载：48]
[ info ] [ LANG ] D:\phpStudy\WWW\my project\webkit\thinkphp\lang\zh-cn.php
[ info ] [ ROUTE ] array (
  'type' => 'module',
  'module' => 
  array (
    0 => 'admin',
    1 => 'featured',
    2 => 'add',
  ),
)
[ info ] [ HEADER ] array (
  'host' => 'o2o.ding.com',
  'connection' => 'keep-alive',
  'upgrade-insecure-requests' => '1',
  'user-agent' => 'Mozilla/5.0 (Windows NT 10.0; Win64; x64) AppleWebKit/537.36 (KHTML, like Gecko) Chrome/63.0.3239.108 Safari/537.36',
  'accept' => 'text/html,application/xhtml+xml,application/xml;q=0.9,image/webp,image/apng,*/*;q=0.8',
  'referer' => 'http://o2o.ding.com/index.php?s=admin',
  'accept-encoding' => 'gzip, deflate',
  'accept-language' => 'zh-CN,zh;q=0.9',
  'cookie' => 'PHPSESSID=874kapsrdi23p759m0movriu34',
)
[ info ] [ PARAM ] array (
)
[ info ] [ RUN ] app\admin\controller\Featured->add[ D:\phpStudy\WWW\my project\webkit\application\admin\controller\Featured.php ]
[ info ] [ VIEW ] D:\phpStudy\WWW\my project\webkit\public/../application/admin\view\featured\add.html [ array (
  0 => 'types',
) ]
[ info ] [ LOG ] INIT File

---------------------------------------------------------------
[ 2018-01-10T11:37:31+08:00 ] 127.0.0.1 127.0.0.1 GET /index.php/admin/featured/
[ log ] o2o.ding.com/index.php/admin/featured/ [运行时间：1.082602s][吞吐率：0.92req/s] [内存消耗：2,772.27kb] [文件加载：59]
[ info ] [ LANG ] D:\phpStudy\WWW\my project\webkit\thinkphp\lang\zh-cn.php
[ info ] [ ROUTE ] array (
  'type' => 'module',
  'module' => 
  array (
    0 => 'admin',
    1 => 'featured',
    2 => NULL,
  ),
)
[ info ] [ HEADER ] array (
  'host' => 'o2o.ding.com',
  'connection' => 'keep-alive',
  'user-agent' => 'Mozilla/5.0 (Windows NT 10.0; Win64; x64) AppleWebKit/537.36 (KHTML, like Gecko) Chrome/63.0.3239.108 Safari/537.36',
  'x-requested-with' => 'ShockwaveFlash/28.0.0.137',
  'accept' => '*/*',
  'referer' => 'http://o2o.ding.com/index.php/admin/featured/add.html',
  'accept-encoding' => 'gzip, deflate',
  'accept-language' => 'zh-CN,zh;q=0.9',
  'cookie' => 'PHPSESSID=874kapsrdi23p759m0movriu34',
)
[ info ] [ PARAM ] array (
)
[ info ] [ RUN ] app\admin\controller\Featured->index[ D:\phpStudy\WWW\my project\webkit\application\admin\controller\Featured.php ]
[ info ] [ DB ] INIT mysql
[ info ] [ VIEW ] D:\phpStudy\WWW\my project\webkit\public/../application/admin\view\featured\index.html [ array (
  0 => 'types',
  1 => 'results',
) ]
[ info ] [ LOG ] INIT File
[ sql ] [ DB ] CONNECT:[ UseTime:1.025406s ] mysql:dbname=my_o2o_table;host=localhost;port=3306;charset=utf8
[ sql ] [ SQL ] SHOW COLUMNS FROM `o2o_featured` [ RunTime:0.010004s ]
[ sql ] [ SQL ] SELECT COUNT(*) AS tp_count FROM `o2o_featured` WHERE  `type` = 0  AND `status` <> -1 LIMIT 1 [ RunTime:0.000556s ]
[ sql ] [ SQL ] SELECT * FROM `o2o_featured` WHERE  `type` = 0  AND `status` <> -1 ORDER BY `id`  desc LIMIT 0,15 [ RunTime:0.000529s ]

---------------------------------------------------------------
[ 2018-01-10T11:44:59+08:00 ] 127.0.0.1 127.0.0.1 GET /
[ log ] o2o.ding.com/ [运行时间：1.100351s][吞吐率：0.91req/s] [内存消耗：2,703.88kb] [文件加载：53]
[ info ] [ LANG ] D:\phpStudy\WWW\my project\webkit\thinkphp\lang\zh-cn.php
[ info ] [ ROUTE ] array (
  'type' => 'module',
  'module' => 
  array (
    0 => '',
    1 => NULL,
    2 => NULL,
  ),
)
[ info ] [ HEADER ] array (
  'host' => 'o2o.ding.com',
  'connection' => 'keep-alive',
  'user-agent' => 'Mozilla/5.0 (Windows NT 10.0; Win64; x64) AppleWebKit/537.36 (KHTML, like Gecko) Chrome/63.0.3239.108 Safari/537.36',
  'upgrade-insecure-requests' => '1',
  'accept' => 'text/html,application/xhtml+xml,application/xml;q=0.9,image/webp,image/apng,*/*;q=0.8',
  'accept-encoding' => 'gzip, deflate',
  'accept-language' => 'zh-CN,zh;q=0.9',
  'cookie' => 'PHPSESSID=874kapsrdi23p759m0movriu34',
)
[ info ] [ PARAM ] array (
)
[ info ] [ DB ] INIT mysql
[ info ] [ SESSION ] INIT array (
  'id' => '',
  'var_session_id' => '',
  'prefix' => 'think',
  'type' => '',
  'auto_start' => true,
)
[ info ] [ RUN ] app\index\controller\Index->index[ D:\phpStudy\WWW\my project\webkit\application\index\controller\Index.php ]
[ info ] [ VIEW ] D:\phpStudy\WWW\my project\webkit\public/../application/index\view\index\index.html [ array (
  0 => 'citys',
  1 => 'city',
  2 => 'cats',
  3 => 'user',
) ]
[ info ] [ LOG ] INIT File
[ sql ] [ DB ] CONNECT:[ UseTime:1.025553s ] mysql:dbname=my_o2o_table;host=localhost;port=3306;charset=utf8
[ sql ] [ SQL ] SHOW COLUMNS FROM `o2o_city` [ RunTime:0.009819s ]
[ sql ] [ SQL ] SELECT * FROM `o2o_city` WHERE  `status` = 1  AND `parent_id` > 0 ORDER BY `id`  desc [ RunTime:0.000643s ]
[ sql ] [ SQL ] SELECT * FROM `o2o_city` WHERE  `uname` = 'panjin' LIMIT 1 [ RunTime:0.000501s ]
[ sql ] [ SQL ] SHOW COLUMNS FROM `o2o_category` [ RunTime:0.007660s ]
[ sql ] [ SQL ] SELECT * FROM `o2o_category` WHERE  `parent_id` = 0  AND `status` = 1 ORDER BY `listorder`  desc,`id`  desc LIMIT 5 [ RunTime:0.000568s ]
[ sql ] [ SQL ] SELECT * FROM `o2o_category` WHERE  `parent_id` IN (1,2,5,6,7)  AND `status` = 1 ORDER BY `listorder`  desc,`id`  desc [ RunTime:0.000779s ]

---------------------------------------------------------------
[ 2018-01-10T15:09:26+08:00 ] 127.0.0.1 127.0.0.1 GET /
[ log ] o2o.ding.com/ [运行时间：1.098585s][吞吐率：0.91req/s] [内存消耗：2,768.87kb] [文件加载：55]
[ info ] [ LANG ] D:\phpStudy\WWW\my project\webkit\thinkphp\lang\zh-cn.php
[ info ] [ ROUTE ] array (
  'type' => 'module',
  'module' => 
  array (
    0 => '',
    1 => NULL,
    2 => NULL,
  ),
)
[ info ] [ HEADER ] array (
  'host' => 'o2o.ding.com',
  'connection' => 'keep-alive',
  'user-agent' => 'Mozilla/5.0 (Windows NT 10.0; Win64; x64) AppleWebKit/537.36 (KHTML, like Gecko) Chrome/63.0.3239.108 Safari/537.36',
  'upgrade-insecure-requests' => '1',
  'accept' => 'text/html,application/xhtml+xml,application/xml;q=0.9,image/webp,image/apng,*/*;q=0.8',
  'accept-encoding' => 'gzip, deflate',
  'accept-language' => 'zh-CN,zh;q=0.9',
)
[ info ] [ PARAM ] array (
)
[ info ] [ DB ] INIT mysql
[ info ] [ SESSION ] INIT array (
  'id' => '',
  'var_session_id' => '',
  'prefix' => 'think',
  'type' => '',
  'auto_start' => true,
)
[ info ] [ RUN ] app\index\controller\Index->index[ D:\phpStudy\WWW\my project\webkit\application\index\controller\Index.php ]
[ info ] [ VIEW ] D:\phpStudy\WWW\my project\webkit\public/../application/index\view\index\index.html [ array (
  0 => 'citys',
  1 => 'city',
  2 => 'cats',
  3 => 'user',
  4 => 'datas',
  5 => 'assortment',
) ]
[ info ] [ LOG ] INIT File
[ sql ] [ DB ] CONNECT:[ UseTime:1.014501s ] mysql:dbname=my_o2o_table;host=localhost;port=3306;charset=utf8
[ sql ] [ SQL ] SHOW COLUMNS FROM `o2o_city` [ RunTime:0.009554s ]
[ sql ] [ SQL ] SELECT * FROM `o2o_city` WHERE  `status` = 1  AND `parent_id` > 0 ORDER BY `id`  desc [ RunTime:0.000655s ]
[ sql ] [ SQL ] SELECT * FROM `o2o_city` WHERE  `uname` = 'panjin' LIMIT 1 [ RunTime:0.000522s ]
[ sql ] [ SQL ] SHOW COLUMNS FROM `o2o_category` [ RunTime:0.006439s ]
[ sql ] [ SQL ] SELECT * FROM `o2o_category` WHERE  `parent_id` = 0  AND `status` = 1 ORDER BY `listorder`  desc,`id`  desc LIMIT 5 [ RunTime:0.000613s ]
[ sql ] [ SQL ] SELECT * FROM `o2o_category` WHERE  `parent_id` IN (1,2,5,6,7)  AND `status` = 1 ORDER BY `listorder`  desc,`id`  desc [ RunTime:0.000760s ]
[ sql ] [ SQL ] SHOW COLUMNS FROM `o2o_deal` [ RunTime:0.006222s ]
[ sql ] [ SQL ] SELECT * FROM `o2o_deal` WHERE  `end_time` > 1515568166  AND `category_id` = 1  AND `city_id` = 7  AND `status` = 1 ORDER BY `listorder`  desc,`id`  desc LIMIT 10 [ RunTime:0.000871s ]
[ sql ] [ SQL ] SELECT * FROM `o2o_category` WHERE  `parent_id` = 1  AND `status` = 1 ORDER BY `listorder`  desc,`id`  desc LIMIT 4 [ RunTime:0.000400s ]

---------------------------------------------------------------
[ 2018-01-10T15:09:27+08:00 ] 127.0.0.1 127.0.0.1 GET /
[ log ] o2o.ding.com/ [运行时间：1.112571s][吞吐率：0.90req/s] [内存消耗：2,768.87kb] [文件加载：55]
[ info ] [ LANG ] D:\phpStudy\WWW\my project\webkit\thinkphp\lang\zh-cn.php
[ info ] [ ROUTE ] array (
  'type' => 'module',
  'module' => 
  array (
    0 => '',
    1 => NULL,
    2 => NULL,
  ),
)
[ info ] [ HEADER ] array (
  'host' => 'o2o.ding.com',
  'connection' => 'keep-alive',
  'user-agent' => 'Mozilla/5.0 (Windows NT 10.0; Win64; x64) AppleWebKit/537.36 (KHTML, like Gecko) Chrome/63.0.3239.108 Safari/537.36',
  'upgrade-insecure-requests' => '1',
  'accept' => 'text/html,application/xhtml+xml,application/xml;q=0.9,image/webp,image/apng,*/*;q=0.8',
  'accept-encoding' => 'gzip, deflate',
  'accept-language' => 'zh-CN,zh;q=0.9',
)
[ info ] [ PARAM ] array (
)
[ info ] [ DB ] INIT mysql
[ info ] [ SESSION ] INIT array (
  'id' => '',
  'var_session_id' => '',
  'prefix' => 'think',
  'type' => '',
  'auto_start' => true,
)
[ info ] [ RUN ] app\index\controller\Index->index[ D:\phpStudy\WWW\my project\webkit\application\index\controller\Index.php ]
[ info ] [ VIEW ] D:\phpStudy\WWW\my project\webkit\public/../application/index\view\index\index.html [ array (
  0 => 'citys',
  1 => 'city',
  2 => 'cats',
  3 => 'user',
  4 => 'datas',
  5 => 'assortment',
) ]
[ info ] [ LOG ] INIT File
[ sql ] [ DB ] CONNECT:[ UseTime:1.026611s ] mysql:dbname=my_o2o_table;host=localhost;port=3306;charset=utf8
[ sql ] [ SQL ] SHOW COLUMNS FROM `o2o_city` [ RunTime:0.007505s ]
[ sql ] [ SQL ] SELECT * FROM `o2o_city` WHERE  `status` = 1  AND `parent_id` > 0 ORDER BY `id`  desc [ RunTime:0.000605s ]
[ sql ] [ SQL ] SELECT * FROM `o2o_city` WHERE  `uname` = 'panjin' LIMIT 1 [ RunTime:0.000584s ]
[ sql ] [ SQL ] SHOW COLUMNS FROM `o2o_category` [ RunTime:0.006638s ]
[ sql ] [ SQL ] SELECT * FROM `o2o_category` WHERE  `parent_id` = 0  AND `status` = 1 ORDER BY `listorder`  desc,`id`  desc LIMIT 5 [ RunTime:0.000690s ]
[ sql ] [ SQL ] SELECT * FROM `o2o_category` WHERE  `parent_id` IN (1,2,5,6,7)  AND `status` = 1 ORDER BY `listorder`  desc,`id`  desc [ RunTime:0.000552s ]
[ sql ] [ SQL ] SHOW COLUMNS FROM `o2o_deal` [ RunTime:0.006441s ]
[ sql ] [ SQL ] SELECT * FROM `o2o_deal` WHERE  `end_time` > 1515568167  AND `category_id` = 1  AND `city_id` = 7  AND `status` = 1 ORDER BY `listorder`  desc,`id`  desc LIMIT 10 [ RunTime:0.000712s ]
[ sql ] [ SQL ] SELECT * FROM `o2o_category` WHERE  `parent_id` = 1  AND `status` = 1 ORDER BY `listorder`  desc,`id`  desc LIMIT 4 [ RunTime:0.000669s ]

---------------------------------------------------------------
[ 2018-01-10T15:24:12+08:00 ] 127.0.0.1 127.0.0.1 GET /
[ log ] o2o.ding.com/ [运行时间：1.113194s][吞吐率：0.90req/s] [内存消耗：2,926.60kb] [文件加载：57]
[ info ] [ LANG ] D:\phpStudy\WWW\my project\webkit\thinkphp\lang\zh-cn.php
[ info ] [ ROUTE ] array (
  'type' => 'module',
  'module' => 
  array (
    0 => '',
    1 => NULL,
    2 => NULL,
  ),
)
[ info ] [ HEADER ] array (
  'host' => 'o2o.ding.com',
  'connection' => 'keep-alive',
  'cache-control' => 'max-age=0',
  'user-agent' => 'Mozilla/5.0 (Windows NT 10.0; Win64; x64) AppleWebKit/537.36 (KHTML, like Gecko) Chrome/63.0.3239.108 Safari/537.36',
  'upgrade-insecure-requests' => '1',
  'accept' => 'text/html,application/xhtml+xml,application/xml;q=0.9,image/webp,image/apng,*/*;q=0.8',
  'accept-encoding' => 'gzip, deflate',
  'accept-language' => 'zh-CN,zh;q=0.9',
  'cookie' => 'PHPSESSID=3ii755fm2frt6u8315570vf1h4',
)
[ info ] [ PARAM ] array (
)
[ info ] [ DB ] INIT mysql
[ info ] [ SESSION ] INIT array (
  'id' => '',
  'var_session_id' => '',
  'prefix' => 'think',
  'type' => '',
  'auto_start' => true,
)
[ info ] [ RUN ] app\index\controller\Index->index[ D:\phpStudy\WWW\my project\webkit\application\index\controller\Index.php ]
[ info ] [ VIEW ] D:\phpStudy\WWW\my project\webkit\public/../application/index\view\index\index.html [ array (
  0 => 'citys',
  1 => 'city',
  2 => 'cats',
  3 => 'user',
  4 => 'datas',
  5 => 'assortment',
) ]
[ info ] [ LOG ] INIT File
[ sql ] [ DB ] CONNECT:[ UseTime:1.024086s ] mysql:dbname=my_o2o_table;host=localhost;port=3306;charset=utf8
[ sql ] [ SQL ] SHOW COLUMNS FROM `o2o_city` [ RunTime:0.009666s ]
[ sql ] [ SQL ] SELECT * FROM `o2o_city` WHERE  `status` = 1  AND `parent_id` > 0 ORDER BY `id`  desc [ RunTime:0.000768s ]
[ sql ] [ SQL ] SELECT * FROM `o2o_city` WHERE  `uname` = 'panjin' LIMIT 1 [ RunTime:0.000580s ]
[ sql ] [ SQL ] SHOW COLUMNS FROM `o2o_category` [ RunTime:0.005858s ]
[ sql ] [ SQL ] SELECT * FROM `o2o_category` WHERE  `parent_id` = 0  AND `status` = 1 ORDER BY `listorder`  desc,`id`  desc LIMIT 5 [ RunTime:0.000603s ]
[ sql ] [ SQL ] SELECT * FROM `o2o_category` WHERE  `parent_id` IN (1,2,5,6,7)  AND `status` = 1 ORDER BY `listorder`  desc,`id`  desc [ RunTime:0.000636s ]
[ sql ] [ SQL ] SHOW COLUMNS FROM `o2o_deal` [ RunTime:0.007326s ]
[ sql ] [ SQL ] SELECT * FROM `o2o_deal` WHERE  `end_time` > 1515569052  AND `category_id` = 1  AND `city_id` = 7  AND `status` = 1 ORDER BY `listorder`  desc,`id`  desc LIMIT 10 [ RunTime:0.000664s ]
[ sql ] [ SQL ] SELECT * FROM `o2o_category` WHERE  `parent_id` = 1  AND `status` = 1 ORDER BY `listorder`  desc,`id`  desc LIMIT 4 [ RunTime:0.000626s ]

---------------------------------------------------------------
[ 2018-01-10T15:29:08+08:00 ] 127.0.0.1 127.0.0.1 GET /
[ log ] o2o.ding.com/ [运行时间：1.121335s][吞吐率：0.89req/s] [内存消耗：2,926.58kb] [文件加载：57]
[ info ] [ LANG ] D:\phpStudy\WWW\my project\webkit\thinkphp\lang\zh-cn.php
[ info ] [ ROUTE ] array (
  'type' => 'module',
  'module' => 
  array (
    0 => '',
    1 => NULL,
    2 => NULL,
  ),
)
[ info ] [ HEADER ] array (
  'host' => 'o2o.ding.com',
  'connection' => 'keep-alive',
  'cache-control' => 'max-age=0',
  'user-agent' => 'Mozilla/5.0 (Windows NT 10.0; Win64; x64) AppleWebKit/537.36 (KHTML, like Gecko) Chrome/63.0.3239.108 Safari/537.36',
  'upgrade-insecure-requests' => '1',
  'accept' => 'text/html,application/xhtml+xml,application/xml;q=0.9,image/webp,image/apng,*/*;q=0.8',
  'accept-encoding' => 'gzip, deflate',
  'accept-language' => 'zh-CN,zh;q=0.9',
  'cookie' => 'PHPSESSID=3ii755fm2frt6u8315570vf1h4',
)
[ info ] [ PARAM ] array (
)
[ info ] [ DB ] INIT mysql
[ info ] [ SESSION ] INIT array (
  'id' => '',
  'var_session_id' => '',
  'prefix' => 'think',
  'type' => '',
  'auto_start' => true,
)
[ info ] [ RUN ] app\index\controller\Index->index[ D:\phpStudy\WWW\my project\webkit\application\index\controller\Index.php ]
[ info ] [ VIEW ] D:\phpStudy\WWW\my project\webkit\public/../application/index\view\index\index.html [ array (
  0 => 'citys',
  1 => 'city',
  2 => 'cats',
  3 => 'user',
  4 => 'datas',
  5 => 'assortment',
) ]
[ info ] [ LOG ] INIT File
[ sql ] [ DB ] CONNECT:[ UseTime:1.024706s ] mysql:dbname=my_o2o_table;host=localhost;port=3306;charset=utf8
[ sql ] [ SQL ] SHOW COLUMNS FROM `o2o_city` [ RunTime:0.010035s ]
[ sql ] [ SQL ] SELECT * FROM `o2o_city` WHERE  `status` = 1  AND `parent_id` > 0 ORDER BY `id`  desc [ RunTime:0.000680s ]
[ sql ] [ SQL ] SELECT * FROM `o2o_city` WHERE  `uname` = 'panjin' LIMIT 1 [ RunTime:0.000531s ]
[ sql ] [ SQL ] SHOW COLUMNS FROM `o2o_category` [ RunTime:0.007975s ]
[ sql ] [ SQL ] SELECT * FROM `o2o_category` WHERE  `parent_id` = 0  AND `status` = 1 ORDER BY `listorder`  desc,`id`  desc LIMIT 5 [ RunTime:0.000840s ]
[ sql ] [ SQL ] SELECT * FROM `o2o_category` WHERE  `parent_id` IN (1,2,5,6,7)  AND `status` = 1 ORDER BY `listorder`  desc,`id`  desc [ RunTime:0.000521s ]
[ sql ] [ SQL ] SHOW COLUMNS FROM `o2o_deal` [ RunTime:0.007271s ]
[ sql ] [ SQL ] SELECT * FROM `o2o_deal` WHERE  `end_time` > 1515569348  AND `category_id` = 1  AND `city_id` = 7  AND `status` = 1 ORDER BY `listorder`  desc,`id`  desc LIMIT 10 [ RunTime:0.000805s ]
[ sql ] [ SQL ] SELECT * FROM `o2o_category` WHERE  `parent_id` = 1  AND `status` = 1 ORDER BY `listorder`  desc,`id`  desc LIMIT 4 [ RunTime:0.000480s ]

---------------------------------------------------------------
